#
# There is insufficient memory for the Java Runtime Environment to continue.
# Native memory allocation (mmap) failed to map 274726912 bytes for Failed to commit area from 0x0000000091a00000 to 0x00000000a2000000 of length 274726912.
# Possible reasons:
#   The system is out of physical RAM or swap space
#   The process is running with CompressedOops enabled, and the Java Heap may be blocking the growth of the native heap
# Possible solutions:
#   Reduce memory load on the system
#   Increase physical memory or swap space
#   Check if swap backing store is full
#   Decrease Java heap size (-Xmx/-Xms)
#   Decrease number of Java threads
#   Decrease Java thread stack sizes (-Xss)
#   Set larger code cache with -XX:ReservedCodeCacheSize=
#   JVM is running with Unscaled Compressed Oops mode in which the Java heap is
#     placed in the first 4GB address space. The Java Heap base address is the
#     maximum limit for the native heap growth. Please use -XX:HeapBaseMinAddress
#     to set the Java Heap base and to place the Java Heap above 4GB virtual address.
# This output file may be truncated or incomplete.
#
#  Out of Memory Error (./src/hotspot/os/windows/os_windows.cpp:3303), pid=9992, tid=11392
#
# JRE version: OpenJDK Runtime Environment (11.0.8+10) (build 11.0.8+10-b944.6842174)
# Java VM: OpenJDK 64-Bit Server VM (11.0.8+10-b944.6842174, mixed mode, tiered, compressed oops, g1 gc, windows-amd64)
# No core dump will be written. Minidumps are not enabled by default on client versions of Windows
#

---------------  S U M M A R Y ------------

Command Line: --add-opens=java.base/java.util=ALL-UNNAMED --add-opens=java.base/java.lang=ALL-UNNAMED --add-opens=java.base/java.lang.invoke=ALL-UNNAMED --add-opens=java.prefs/java.util.prefs=ALL-UNNAMED -Xmx2048m -Dfile.encoding=UTF-8 -Duser.country=US -Duser.language=en -Duser.variant org.gradle.launcher.daemon.bootstrap.GradleDaemon 6.7.1

Host: AMD Ryzen 5 3400G with Radeon Vega Graphics    , 8 cores, 13G,  Windows 10 , 64 bit Build 19041 (10.0.19041.1023)
Time: Wed Oct  6 13:04:14 2021 SE Asia Standard Time elapsed time: 14 seconds (0d 0h 0m 14s)

---------------  T H R E A D  ---------------

Current thread (0x00000194650f8800):  VMThread "VM Thread" [stack: 0x00000085c9700000,0x00000085c9800000] [id=11392]

Stack: [0x00000085c9700000,0x00000085c9800000]
[error occurred during error reporting (printing stack bounds), id 0xc0000005, EXCEPTION_ACCESS_VIOLATION (0xc0000005) at pc=0x000001944d750dad]

Native frames: (J=compiled Java code, j=interpreted, Vv=VM code, C=native code)
V  [jvm.dll+0x5de50a]
V  [jvm.dll+0x7122f5]
V  [jvm.dll+0x71384d]
V  [jvm.dll+0x713e65]
V  [jvm.dll+0x713e1b]
V  [jvm.dll+0x5dd958]
V  [jvm.dll+0x5de0f8]
C  [ntdll.dll+0xa217f]
C  [ntdll.dll+0x51454]
C  [ntdll.dll+0xa0cae]
C  0x000001944d750dad

VM_Operation (0x00000085d37fc980): G1CollectForAllocation, mode: safepoint, requested by thread 0x000001946a87c800


---------------  P R O C E S S  ---------------

Threads class SMR info:
_java_thread_list=0x0000019467f3a110, length=159, elements={
0x000001944859a000, 0x00000194650ff000, 0x000001946510f000, 0x00000194648bb000,
0x00000194648bc000, 0x00000194648be800, 0x00000194648c2800, 0x000001946517a800,
0x00000194652d4800, 0x00000194652ec800, 0x00000194653bd000, 0x000001946604c800,
0x0000019467375000, 0x00000194664fe800, 0x000001946684f000, 0x00000194670ac800,
0x0000019466a14000, 0x0000019466a07000, 0x0000019466c13000, 0x000001946663e000,
0x0000019467554000, 0x0000019467557000, 0x0000019466c19800, 0x0000019466c17000,
0x0000019466c1b000, 0x0000019466c17800, 0x0000019466c1c800, 0x0000019466c1a000,
0x0000019466c18800, 0x0000019466c1c000, 0x0000019466c1d800, 0x000001946b23c800,
0x000001946b23a800, 0x000001946b236800, 0x000001946b239000, 0x000001946b23b800,
0x000001946b238000, 0x000001946b23d000, 0x000001946b237800, 0x000001946b243800,
0x000001946b23f800, 0x000001946b240800, 0x000001946b23e800, 0x000001946b241000,
0x000001946b242000, 0x000001946b243000, 0x000001946b23e000, 0x000001946b244800,
0x000001946b245800, 0x0000019469986800, 0x0000019469989000, 0x0000019469989800,
0x0000019469985800, 0x0000019469987800, 0x0000019469984000, 0x0000019469988000,
0x0000019469985000, 0x000001946998e000, 0x000001946998c000, 0x000001946998e800,
0x000001946998d000, 0x000001946998a800, 0x000001946998f800, 0x0000019469990800,
0x000001946998b800, 0x0000019469991000, 0x0000019469992000, 0x0000019469992800,
0x0000019469508000, 0x0000019469509800, 0x000001946950a000, 0x000001946950c000,
0x000001946950b000, 0x000001946950c800, 0x0000019469508800, 0x0000019469507000,
0x000001946950d800, 0x0000019469511000, 0x0000019469511800, 0x0000019469512800,
0x0000019469513000, 0x0000019469514000, 0x000001946950e800, 0x0000019469515000,
0x000001946950f000, 0x0000019469515800, 0x0000019469510000, 0x00000194679a2000,
0x00000194679a0800, 0x00000194679a4800, 0x00000194679a0000, 0x00000194679a3000,
0x00000194679a6800, 0x00000194679a5800, 0x00000194679a1800, 0x00000194679a7000,
0x00000194679a8800, 0x00000194679a4000, 0x00000194679ac000, 0x00000194679aa800,
0x00000194679ad000, 0x00000194679ab000, 0x00000194679ad800, 0x00000194679a8000,
0x00000194679ae800, 0x00000194679a9800, 0x000001946bca8800, 0x000001946bca9000,
0x000001946bcab000, 0x000001946bca7000, 0x000001946bcab800, 0x000001946bcac800,
0x000001946bca7800, 0x000001946bcad800, 0x000001946bcaf800, 0x000001946bcae000,
0x000001946bcaa000, 0x000001946bcb4800, 0x000001946bcaf000, 0x000001946bcb5800,
0x000001946bcb4000, 0x000001946bcb0800, 0x000001946bcb1800, 0x000001946bcb2000,
0x000001946bcb3000, 0x000001946a9e6800, 0x000001946a9e5000, 0x000001946a9e8800,
0x000001946a9e9000, 0x000001946a9e4000, 0x000001946a9e7800, 0x000001946a9e6000,
0x000001946a9ea000, 0x000001946a9f0800, 0x000001946a9ef800, 0x000001946a9ea800,
0x000001946a9f1800, 0x000001946a9f2000, 0x000001946a9f3000, 0x000001946a9ed000,
0x000001946a9ee000, 0x000001946a9ef000, 0x000001946a875000, 0x000001946a874800,
0x000001946a878800, 0x000001946a877800, 0x000001946a879000, 0x000001946a87a000,
0x000001946a877000, 0x000001946a876000, 0x000001946a87c800, 0x000001946a87f800,
0x000001946a87b000, 0x000001946a880800, 0x000001946a87f000, 0x000001946a881800,
0x000001946a87b800, 0x000001946a882000, 0x000001946a87d800
}

Java Threads: ( => current thread )
  0x000001944859a000 JavaThread "main" [_thread_blocked, id=15124, stack(0x00000085c9100000,0x00000085c9200000)]
  0x00000194650ff000 JavaThread "Reference Handler" daemon [_thread_blocked, id=16492, stack(0x00000085c9800000,0x00000085c9900000)]
  0x000001946510f000 JavaThread "Finalizer" daemon [_thread_blocked, id=7608, stack(0x00000085c9900000,0x00000085c9a00000)]
  0x00000194648bb000 JavaThread "Signal Dispatcher" daemon [_thread_blocked, id=4504, stack(0x00000085c9a00000,0x00000085c9b00000)]
  0x00000194648bc000 JavaThread "Attach Listener" daemon [_thread_blocked, id=6120, stack(0x00000085c9b00000,0x00000085c9c00000)]
  0x00000194648be800 JavaThread "C2 CompilerThread0" daemon [_thread_in_native, id=15624, stack(0x00000085c9c00000,0x00000085c9d00000)]
  0x00000194648c2800 JavaThread "C1 CompilerThread0" daemon [_thread_blocked, id=5364, stack(0x00000085c9d00000,0x00000085c9e00000)]
  0x000001946517a800 JavaThread "Sweeper thread" daemon [_thread_blocked, id=7216, stack(0x00000085c9e00000,0x00000085c9f00000)]
  0x00000194652d4800 JavaThread "Common-Cleaner" daemon [_thread_blocked, id=7896, stack(0x00000085c9f00000,0x00000085ca000000)]
  0x00000194652ec800 JavaThread "Service Thread" daemon [_thread_blocked, id=19156, stack(0x00000085ca000000,0x00000085ca100000)]
  0x00000194653bd000 JavaThread "C2 CompilerThread1" daemon [_thread_in_native, id=9420, stack(0x00000085ca200000,0x00000085ca300000)]
  0x000001946604c800 JavaThread "C2 CompilerThread2" daemon [_thread_blocked, id=2368, stack(0x00000085ca700000,0x00000085ca800000)]
  0x0000019467375000 JavaThread "Daemon health stats" [_thread_blocked, id=10420, stack(0x00000085ca800000,0x00000085ca900000)]
  0x00000194664fe800 JavaThread "Incoming local TCP Connector on port 60233" [_thread_in_native, id=14432, stack(0x00000085cab00000,0x00000085cac00000)]
  0x000001946684f000 JavaThread "Daemon periodic checks" [_thread_blocked, id=17492, stack(0x00000085cac00000,0x00000085cad00000)]
  0x00000194670ac800 JavaThread "Daemon" [_thread_blocked, id=20356, stack(0x00000085cad00000,0x00000085cae00000)]
  0x0000019466a14000 JavaThread "Handler for socket connection from /127.0.0.1:60233 to /127.0.0.1:60234" [_thread_in_native, id=4640, stack(0x00000085cae00000,0x00000085caf00000)]
  0x0000019466a07000 JavaThread "Cancel handler" [_thread_blocked, id=1068, stack(0x00000085caf00000,0x00000085cb000000)]
  0x0000019466c13000 JavaThread "Daemon worker" [_thread_blocked, id=14444, stack(0x00000085cb000000,0x00000085cb100000)]
  0x000001946663e000 JavaThread "Asynchronous log dispatcher for DefaultDaemonConnection: socket connection from /127.0.0.1:60233 to /127.0.0.1:60234" [_thread_blocked, id=13408, stack(0x00000085cb100000,0x00000085cb200000)]
  0x0000019467554000 JavaThread "Stdin handler" [_thread_blocked, id=16696, stack(0x00000085cb200000,0x00000085cb300000)]
  0x0000019467557000 JavaThread "Thread-8" [_thread_blocked, id=20300, stack(0x00000085cb300000,0x00000085cb400000)]
  0x0000019466c19800 JavaThread "Cache worker for file hash cache (C:\Users\ThuyPC\.gradle\caches\6.7.1\fileHashes)" [_thread_blocked, id=6544, stack(0x00000085cb400000,0x00000085cb500000)]
  0x0000019466c17000 JavaThread "File lock request listener" [_thread_in_native, id=11356, stack(0x00000085cb500000,0x00000085cb600000)]
  0x0000019466c1b000 JavaThread "Cache worker for journal cache (C:\Users\ThuyPC\.gradle\caches\journal-1)" [_thread_blocked, id=9408, stack(0x00000085cba00000,0x00000085cbb00000)]
  0x0000019466c17800 JavaThread "Cache worker for file hash cache (C:\Users\ThuyPC\ChatAppJava\.gradle\6.7.1\fileHashes)" [_thread_blocked, id=13756, stack(0x00000085cbb00000,0x00000085cbc00000)]
  0x0000019466c1c800 JavaThread "Cache worker for checksums cache (C:\Users\ThuyPC\ChatAppJava\.gradle\checksums)" [_thread_blocked, id=18964, stack(0x00000085cbc00000,0x00000085cbd00000)]
  0x0000019466c1a000 JavaThread "Cache worker for cache directory md-supplier (C:\Users\ThuyPC\.gradle\caches\6.7.1\md-supplier)" [_thread_blocked, id=10552, stack(0x00000085cbd00000,0x00000085cbe00000)]
  0x0000019466c18800 JavaThread "Cache worker for cache directory md-rule (C:\Users\ThuyPC\.gradle\caches\6.7.1\md-rule)" [_thread_blocked, id=1056, stack(0x00000085cbe00000,0x00000085cbf00000)]
  0x0000019466c1c000 JavaThread "Cache worker for execution history cache (C:\Users\ThuyPC\.gradle\caches\6.7.1\executionHistory)" [_thread_blocked, id=18752, stack(0x00000085cbf00000,0x00000085cc000000)]
  0x0000019466c1d800 JavaThread "jar transforms" [_thread_blocked, id=19376, stack(0x00000085cc000000,0x00000085cc100000)]
  0x000001946b23c800 JavaThread "Cache worker for file content cache (C:\Users\ThuyPC\.gradle\caches\6.7.1\fileContent)" [_thread_blocked, id=18768, stack(0x00000085cc100000,0x00000085cc200000)]
  0x000001946b23a800 JavaThread "Cache worker for Build Output Cleanup Cache (C:\Users\ThuyPC\ChatAppJava\.gradle\buildOutputCleanup)" [_thread_blocked, id=16360, stack(0x00000085cc200000,0x00000085cc300000)]
  0x000001946b236800 JavaThread "Build operations" [_thread_blocked, id=12684, stack(0x00000085cc300000,0x00000085cc400000)]
  0x000001946b239000 JavaThread "Build operations Thread 2" [_thread_blocked, id=8304, stack(0x00000085cc400000,0x00000085cc500000)]
  0x000001946b23b800 JavaThread "Build operations Thread 3" [_thread_blocked, id=7096, stack(0x00000085cc500000,0x00000085cc600000)]
  0x000001946b238000 JavaThread "Build operations Thread 4" [_thread_blocked, id=17848, stack(0x00000085cc600000,0x00000085cc700000)]
  0x000001946b23d000 JavaThread "Build operations Thread 5" [_thread_blocked, id=9856, stack(0x00000085cc700000,0x00000085cc800000)]
  0x000001946b237800 JavaThread "Build operations Thread 6" [_thread_blocked, id=14820, stack(0x00000085cc800000,0x00000085cc900000)]
  0x000001946b243800 JavaThread "Build operations Thread 7" [_thread_blocked, id=8004, stack(0x00000085cc900000,0x00000085cca00000)]
  0x000001946b23f800 JavaThread "Build operations Thread 8" [_thread_blocked, id=13892, stack(0x00000085cca00000,0x00000085ccb00000)]
  0x000001946b240800 JavaThread "jar transforms Thread 2" [_thread_blocked, id=12896, stack(0x00000085ccb00000,0x00000085ccc00000)]
  0x000001946b23e800 JavaThread "jar transforms Thread 3" [_thread_blocked, id=12040, stack(0x00000085ccc00000,0x00000085ccd00000)]
  0x000001946b241000 JavaThread "jar transforms Thread 4" [_thread_blocked, id=15772, stack(0x00000085ccd00000,0x00000085cce00000)]
  0x000001946b242000 JavaThread "jar transforms Thread 5" [_thread_blocked, id=6788, stack(0x00000085cce00000,0x00000085ccf00000)]
  0x000001946b243000 JavaThread "jar transforms Thread 6" [_thread_blocked, id=16016, stack(0x00000085ccf00000,0x00000085cd000000)]
  0x000001946b23e000 JavaThread "jar transforms Thread 7" [_thread_blocked, id=19232, stack(0x00000085cd000000,0x00000085cd100000)]
  0x000001946b244800 JavaThread "jar transforms Thread 8" [_thread_blocked, id=13552, stack(0x00000085cd100000,0x00000085cd200000)]
  0x000001946b245800 JavaThread "jar transforms Thread 9" [_thread_blocked, id=3412, stack(0x00000085cd200000,0x00000085cd300000)]
  0x0000019469986800 JavaThread "jar transforms Thread 10" [_thread_blocked, id=10732, stack(0x00000085cd300000,0x00000085cd400000)]
  0x0000019469989000 JavaThread "jar transforms Thread 11" [_thread_blocked, id=9644, stack(0x00000085cd400000,0x00000085cd500000)]
  0x0000019469989800 JavaThread "jar transforms Thread 12" [_thread_blocked, id=12864, stack(0x00000085cd500000,0x00000085cd600000)]
  0x0000019469985800 JavaThread "jar transforms Thread 13" [_thread_blocked, id=18344, stack(0x00000085cd600000,0x00000085cd700000)]
  0x0000019469987800 JavaThread "jar transforms Thread 14" [_thread_blocked, id=5320, stack(0x00000085cd700000,0x00000085cd800000)]
  0x0000019469984000 JavaThread "jar transforms Thread 15" [_thread_blocked, id=9964, stack(0x00000085cd800000,0x00000085cd900000)]
  0x0000019469988000 JavaThread "jar transforms Thread 16" [_thread_blocked, id=20136, stack(0x00000085cd900000,0x00000085cda00000)]
  0x0000019469985000 JavaThread "jar transforms Thread 17" [_thread_blocked, id=15108, stack(0x00000085cda00000,0x00000085cdb00000)]
  0x000001946998e000 JavaThread "jar transforms Thread 18" [_thread_blocked, id=16000, stack(0x00000085cdb00000,0x00000085cdc00000)]
  0x000001946998c000 JavaThread "jar transforms Thread 19" [_thread_blocked, id=6468, stack(0x00000085cdc00000,0x00000085cdd00000)]
  0x000001946998e800 JavaThread "jar transforms Thread 20" [_thread_blocked, id=11604, stack(0x00000085cdd00000,0x00000085cde00000)]
  0x000001946998d000 JavaThread "jar transforms Thread 21" [_thread_blocked, id=8888, stack(0x00000085cde00000,0x00000085cdf00000)]
  0x000001946998a800 JavaThread "jar transforms Thread 22" [_thread_blocked, id=4536, stack(0x00000085cdf00000,0x00000085ce000000)]
  0x000001946998f800 JavaThread "jar transforms Thread 23" [_thread_blocked, id=2312, stack(0x00000085ce000000,0x00000085ce100000)]
  0x0000019469990800 JavaThread "jar transforms Thread 24" [_thread_blocked, id=14556, stack(0x00000085ce100000,0x00000085ce200000)]
  0x000001946998b800 JavaThread "jar transforms Thread 25" [_thread_blocked, id=7456, stack(0x00000085ce200000,0x00000085ce300000)]
  0x0000019469991000 JavaThread "jar transforms Thread 26" [_thread_blocked, id=10772, stack(0x00000085ce300000,0x00000085ce400000)]
  0x0000019469992000 JavaThread "jar transforms Thread 27" [_thread_blocked, id=3516, stack(0x00000085ce400000,0x00000085ce500000)]
  0x0000019469992800 JavaThread "jar transforms Thread 28" [_thread_blocked, id=3168, stack(0x00000085ce500000,0x00000085ce600000)]
  0x0000019469508000 JavaThread "jar transforms Thread 29" [_thread_blocked, id=12020, stack(0x00000085ce600000,0x00000085ce700000)]
  0x0000019469509800 JavaThread "jar transforms Thread 30" [_thread_blocked, id=14028, stack(0x00000085ce700000,0x00000085ce800000)]
  0x000001946950a000 JavaThread "jar transforms Thread 31" [_thread_blocked, id=2948, stack(0x00000085ce800000,0x00000085ce900000)]
  0x000001946950c000 JavaThread "jar transforms Thread 32" [_thread_blocked, id=6288, stack(0x00000085ce900000,0x00000085cea00000)]
  0x000001946950b000 JavaThread "jar transforms Thread 33" [_thread_blocked, id=18876, stack(0x00000085cea00000,0x00000085ceb00000)]
  0x000001946950c800 JavaThread "jar transforms Thread 34" [_thread_blocked, id=5312, stack(0x00000085ceb00000,0x00000085cec00000)]
  0x0000019469508800 JavaThread "jar transforms Thread 35" [_thread_blocked, id=18824, stack(0x00000085cec00000,0x00000085ced00000)]
  0x0000019469507000 JavaThread "jar transforms Thread 36" [_thread_blocked, id=14184, stack(0x00000085ced00000,0x00000085cee00000)]
  0x000001946950d800 JavaThread "jar transforms Thread 37" [_thread_blocked, id=13036, stack(0x00000085cee00000,0x00000085cef00000)]
  0x0000019469511000 JavaThread "jar transforms Thread 38" [_thread_blocked, id=20252, stack(0x00000085cef00000,0x00000085cf000000)]
  0x0000019469511800 JavaThread "jar transforms Thread 39" [_thread_blocked, id=12348, stack(0x00000085cf000000,0x00000085cf100000)]
  0x0000019469512800 JavaThread "jar transforms Thread 40" [_thread_blocked, id=8972, stack(0x00000085cf100000,0x00000085cf200000)]
  0x0000019469513000 JavaThread "jar transforms Thread 41" [_thread_blocked, id=8256, stack(0x00000085cf200000,0x00000085cf300000)]
  0x0000019469514000 JavaThread "jar transforms Thread 42" [_thread_blocked, id=3964, stack(0x00000085cf300000,0x00000085cf400000)]
  0x000001946950e800 JavaThread "jar transforms Thread 43" [_thread_blocked, id=18540, stack(0x00000085cf400000,0x00000085cf500000)]
  0x0000019469515000 JavaThread "jar transforms Thread 44" [_thread_blocked, id=14008, stack(0x00000085cf500000,0x00000085cf600000)]
  0x000001946950f000 JavaThread "jar transforms Thread 45" [_thread_blocked, id=6952, stack(0x00000085cf600000,0x00000085cf700000)]
  0x0000019469515800 JavaThread "jar transforms Thread 46" [_thread_blocked, id=16160, stack(0x00000085cf700000,0x00000085cf800000)]
  0x0000019469510000 JavaThread "jar transforms Thread 47" [_thread_blocked, id=19672, stack(0x00000085cf800000,0x00000085cf900000)]
  0x00000194679a2000 JavaThread "jar transforms Thread 48" [_thread_blocked, id=8344, stack(0x00000085cf900000,0x00000085cfa00000)]
  0x00000194679a0800 JavaThread "jar transforms Thread 49" [_thread_blocked, id=18840, stack(0x00000085cfa00000,0x00000085cfb00000)]
  0x00000194679a4800 JavaThread "jar transforms Thread 50" [_thread_blocked, id=9696, stack(0x00000085cfb00000,0x00000085cfc00000)]
  0x00000194679a0000 JavaThread "jar transforms Thread 51" [_thread_blocked, id=19076, stack(0x00000085cfc00000,0x00000085cfd00000)]
  0x00000194679a3000 JavaThread "jar transforms Thread 52" [_thread_blocked, id=16888, stack(0x00000085cfd00000,0x00000085cfe00000)]
  0x00000194679a6800 JavaThread "jar transforms Thread 53" [_thread_blocked, id=20060, stack(0x00000085cfe00000,0x00000085cff00000)]
  0x00000194679a5800 JavaThread "jar transforms Thread 54" [_thread_blocked, id=3740, stack(0x00000085cff00000,0x00000085d0000000)]
  0x00000194679a1800 JavaThread "jar transforms Thread 55" [_thread_blocked, id=12976, stack(0x00000085d0000000,0x00000085d0100000)]
  0x00000194679a7000 JavaThread "jar transforms Thread 56" [_thread_blocked, id=19852, stack(0x00000085d0100000,0x00000085d0200000)]
  0x00000194679a8800 JavaThread "jar transforms Thread 57" [_thread_blocked, id=20240, stack(0x00000085d0200000,0x00000085d0300000)]
  0x00000194679a4000 JavaThread "jar transforms Thread 58" [_thread_blocked, id=19424, stack(0x00000085d0300000,0x00000085d0400000)]
  0x00000194679ac000 JavaThread "jar transforms Thread 59" [_thread_blocked, id=15936, stack(0x00000085d0400000,0x00000085d0500000)]
  0x00000194679aa800 JavaThread "jar transforms Thread 60" [_thread_blocked, id=8008, stack(0x00000085d0500000,0x00000085d0600000)]
  0x00000194679ad000 JavaThread "jar transforms Thread 61" [_thread_blocked, id=15628, stack(0x00000085d0600000,0x00000085d0700000)]
  0x00000194679ab000 JavaThread "jar transforms Thread 62" [_thread_blocked, id=8920, stack(0x00000085d0700000,0x00000085d0800000)]
  0x00000194679ad800 JavaThread "jar transforms Thread 63" [_thread_blocked, id=20092, stack(0x00000085d0800000,0x00000085d0900000)]
  0x00000194679a8000 JavaThread "jar transforms Thread 64" [_thread_blocked, id=20448, stack(0x00000085d0900000,0x00000085d0a00000)]
  0x00000194679ae800 JavaThread "jar transforms Thread 65" [_thread_blocked, id=20336, stack(0x00000085d0a00000,0x00000085d0b00000)]
  0x00000194679a9800 JavaThread "jar transforms Thread 66" [_thread_blocked, id=4868, stack(0x00000085d0b00000,0x00000085d0c00000)]
  0x000001946bca8800 JavaThread "jar transforms Thread 67" [_thread_blocked, id=13744, stack(0x00000085d0c00000,0x00000085d0d00000)]
  0x000001946bca9000 JavaThread "jar transforms Thread 68" [_thread_blocked, id=6040, stack(0x00000085d0d00000,0x00000085d0e00000)]
  0x000001946bcab000 JavaThread "jar transforms Thread 69" [_thread_blocked, id=11272, stack(0x00000085d0e00000,0x00000085d0f00000)]
  0x000001946bca7000 JavaThread "jar transforms Thread 70" [_thread_blocked, id=1264, stack(0x00000085d0f00000,0x00000085d1000000)]
  0x000001946bcab800 JavaThread "jar transforms Thread 71" [_thread_blocked, id=9596, stack(0x00000085d1000000,0x00000085d1100000)]
  0x000001946bcac800 JavaThread "jar transforms Thread 72" [_thread_blocked, id=7952, stack(0x00000085d1100000,0x00000085d1200000)]
  0x000001946bca7800 JavaThread "jar transforms Thread 73" [_thread_blocked, id=20132, stack(0x00000085d1200000,0x00000085d1300000)]
  0x000001946bcad800 JavaThread "jar transforms Thread 74" [_thread_blocked, id=20012, stack(0x00000085d1300000,0x00000085d1400000)]
  0x000001946bcaf800 JavaThread "jar transforms Thread 75" [_thread_blocked, id=13848, stack(0x00000085d1400000,0x00000085d1500000)]
  0x000001946bcae000 JavaThread "jar transforms Thread 76" [_thread_blocked, id=7572, stack(0x00000085d1500000,0x00000085d1600000)]
  0x000001946bcaa000 JavaThread "jar transforms Thread 77" [_thread_blocked, id=3424, stack(0x00000085d1600000,0x00000085d1700000)]
  0x000001946bcb4800 JavaThread "jar transforms Thread 78" [_thread_blocked, id=1304, stack(0x00000085d1700000,0x00000085d1800000)]
  0x000001946bcaf000 JavaThread "jar transforms Thread 79" [_thread_blocked, id=3084, stack(0x00000085d1800000,0x00000085d1900000)]
  0x000001946bcb5800 JavaThread "jar transforms Thread 80" [_thread_blocked, id=7304, stack(0x00000085d1900000,0x00000085d1a00000)]
  0x000001946bcb4000 JavaThread "jar transforms Thread 81" [_thread_blocked, id=20232, stack(0x00000085d1a00000,0x00000085d1b00000)]
  0x000001946bcb0800 JavaThread "jar transforms Thread 82" [_thread_blocked, id=11508, stack(0x00000085d1b00000,0x00000085d1c00000)]
  0x000001946bcb1800 JavaThread "jar transforms Thread 83" [_thread_blocked, id=4740, stack(0x00000085d1c00000,0x00000085d1d00000)]
  0x000001946bcb2000 JavaThread "jar transforms Thread 84" [_thread_blocked, id=11292, stack(0x00000085d1d00000,0x00000085d1e00000)]
  0x000001946bcb3000 JavaThread "jar transforms Thread 85" [_thread_blocked, id=19892, stack(0x00000085d1e00000,0x00000085d1f00000)]
  0x000001946a9e6800 JavaThread "jar transforms Thread 86" [_thread_blocked, id=6916, stack(0x00000085d1f00000,0x00000085d2000000)]
  0x000001946a9e5000 JavaThread "jar transforms Thread 87" [_thread_blocked, id=2068, stack(0x00000085d2000000,0x00000085d2100000)]
  0x000001946a9e8800 JavaThread "jar transforms Thread 88" [_thread_blocked, id=9876, stack(0x00000085d2100000,0x00000085d2200000)]
  0x000001946a9e9000 JavaThread "jar transforms Thread 89" [_thread_blocked, id=16164, stack(0x00000085d2200000,0x00000085d2300000)]
  0x000001946a9e4000 JavaThread "jar transforms Thread 90" [_thread_blocked, id=18880, stack(0x00000085d2300000,0x00000085d2400000)]
  0x000001946a9e7800 JavaThread "jar transforms Thread 91" [_thread_blocked, id=7336, stack(0x00000085d2400000,0x00000085d2500000)]
  0x000001946a9e6000 JavaThread "jar transforms Thread 92" [_thread_blocked, id=13628, stack(0x00000085d2500000,0x00000085d2600000)]
  0x000001946a9ea000 JavaThread "jar transforms Thread 93" [_thread_blocked, id=8052, stack(0x00000085d2600000,0x00000085d2700000)]
  0x000001946a9f0800 JavaThread "jar transforms Thread 94" [_thread_blocked, id=7436, stack(0x00000085d2700000,0x00000085d2800000)]
  0x000001946a9ef800 JavaThread "jar transforms Thread 95" [_thread_blocked, id=18580, stack(0x00000085d2800000,0x00000085d2900000)]
  0x000001946a9ea800 JavaThread "jar transforms Thread 96" [_thread_blocked, id=5492, stack(0x00000085d2900000,0x00000085d2a00000)]
  0x000001946a9f1800 JavaThread "jar transforms Thread 97" [_thread_blocked, id=18372, stack(0x00000085d2a00000,0x00000085d2b00000)]
  0x000001946a9f2000 JavaThread "Memory manager" [_thread_blocked, id=2832, stack(0x00000085d2b00000,0x00000085d2c00000)]
  0x000001946a9f3000 JavaThread "build event listener" [_thread_blocked, id=13012, stack(0x00000085d2c00000,0x00000085d2d00000)]
  0x000001946a9ed000 JavaThread "build event listener" [_thread_blocked, id=20016, stack(0x00000085d2d00000,0x00000085d2e00000)]
  0x000001946a9ee000 JavaThread "Execution worker for ':'" [_thread_blocked, id=18968, stack(0x00000085d2e00000,0x00000085d2f00000)]
  0x000001946a9ef000 JavaThread "Execution worker for ':' Thread 2" [_thread_blocked, id=13648, stack(0x00000085d2f00000,0x00000085d3000000)]
  0x000001946a875000 JavaThread "Execution worker for ':' Thread 3" [_thread_blocked, id=12104, stack(0x00000085d3000000,0x00000085d3100000)]
  0x000001946a874800 JavaThread "Execution worker for ':' Thread 4" [_thread_blocked, id=14144, stack(0x00000085d3100000,0x00000085d3200000)]
  0x000001946a878800 JavaThread "Execution worker for ':' Thread 5" [_thread_blocked, id=10292, stack(0x00000085d3200000,0x00000085d3300000)]
  0x000001946a877800 JavaThread "Execution worker for ':' Thread 6" [_thread_blocked, id=2348, stack(0x00000085d3300000,0x00000085d3400000)]
  0x000001946a879000 JavaThread "Execution worker for ':' Thread 7" [_thread_blocked, id=4564, stack(0x00000085d3400000,0x00000085d3500000)]
  0x000001946a87a000 JavaThread "Cache worker for execution history cache (C:\Users\ThuyPC\ChatAppJava\.gradle\6.7.1\executionHistory)" [_thread_blocked, id=14288, stack(0x00000085d3500000,0x00000085d3600000)]
  0x000001946a877000 JavaThread "WorkerExecutor Queue" [_thread_blocked, id=19544, stack(0x00000085d3600000,0x00000085d3700000)]
  0x000001946a876000 JavaThread "WorkerExecutor Queue Thread 3" [_thread_blocked, id=19652, stack(0x00000085d3800000,0x00000085d3900000)]
  0x000001946a87c800 JavaThread "WorkerExecutor Queue Thread 4" [_thread_blocked, id=10388, stack(0x00000085d3700000,0x00000085d3800000)]
  0x000001946a87f800 JavaThread "ForkJoinPool-2-worker-3" daemon [_thread_blocked, id=14916, stack(0x00000085d3900000,0x00000085d3a00000)]
  0x000001946a87b000 JavaThread "ForkJoinPool-2-worker-5" daemon [_thread_blocked, id=168, stack(0x00000085d3a00000,0x00000085d3b00000)]
  0x000001946a880800 JavaThread "ForkJoinPool-2-worker-7" daemon [_thread_blocked, id=7648, stack(0x00000085d3b00000,0x00000085d3c00000)]
  0x000001946a87f000 JavaThread "ForkJoinPool-2-worker-9" daemon [_thread_blocked, id=13612, stack(0x00000085d3c00000,0x00000085d3d00000)]
  0x000001946a881800 JavaThread "ForkJoinPool-2-worker-11" daemon [_thread_blocked, id=15948, stack(0x00000085d3d00000,0x00000085d3e00000)]
  0x000001946a87b800 JavaThread "ForkJoinPool-2-worker-13" daemon [_thread_blocked, id=12704, stack(0x00000085d3e00000,0x00000085d3f00000)]
  0x000001946a882000 JavaThread "ForkJoinPool-2-worker-15" daemon [_thread_blocked, id=2812, stack(0x00000085d3f00000,0x00000085d4000000)]
  0x000001946a87d800 JavaThread "ForkJoinPool-2-worker-1" daemon [_thread_blocked, id=14624, stack(0x00000085d4000000,0x00000085d4100000)]

Other Threads:
=>0x00000194650f8800 VMThread "VM Thread" [stack: 0x00000085c9700000,0x00000085c9800000] [id=11392]
  0x00000194652eb000 WatcherThread [stack: 0x00000085ca100000,0x00000085ca200000] [id=12872]
  0x00000194485b1000 GCTaskThread "GC Thread#0" [stack: 0x00000085c9200000,0x00000085c9300000] [id=9064]
  0x0000019465ea2000 GCTaskThread "GC Thread#1" [stack: 0x00000085ca300000,0x00000085ca400000] [id=6776]
  0x0000019465f3b800 GCTaskThread "GC Thread#2" [stack: 0x00000085ca400000,0x00000085ca500000] [id=14212]
  0x0000019465f69000 GCTaskThread "GC Thread#3" [stack: 0x00000085ca500000,0x00000085ca600000] [id=12504]
  0x0000019465f69800 GCTaskThread "GC Thread#4" [stack: 0x00000085ca600000,0x00000085ca700000] [id=528]
  0x0000019466d9e800 GCTaskThread "GC Thread#5" [stack: 0x00000085cb600000,0x00000085cb700000] [id=13636]
  0x0000019466b72800 GCTaskThread "GC Thread#6" [stack: 0x00000085cb700000,0x00000085cb800000] [id=9372]
  0x0000019466246000 GCTaskThread "GC Thread#7" [stack: 0x00000085cb800000,0x00000085cb900000] [id=15640]
  0x00000194485e2800 ConcurrentGCThread "G1 Main Marker" [stack: 0x00000085c9300000,0x00000085c9400000] [id=14252]
  0x00000194485e5800 ConcurrentGCThread "G1 Conc#0" [stack: 0x00000085c9400000,0x00000085c9500000] [id=17652]
  0x0000019467756000 ConcurrentGCThread "G1 Conc#1" [stack: 0x00000085cb900000,0x00000085cba00000] [id=1584]
  0x000001944867e800 ConcurrentGCThread "G1 Refine#0" [stack: 0x00000085c9500000,0x00000085c9600000] [id=13028]
  0x000001946d789800 ConcurrentGCThread "G1 Refine#1" [stack: 0x00000085d4100000,0x00000085d4200000] [id=3980]
  0x0000019467d21800 ConcurrentGCThread "G1 Refine#2" [stack: 0x00000085d4200000,0x00000085d4300000] [id=4792]
  0x0000019469a4d000 ConcurrentGCThread "G1 Refine#3" [stack: 0x00000085d4300000,0x00000085d4400000] [id=7512]
  0x000001946d73d800 ConcurrentGCThread "G1 Refine#4" [stack: 0x00000085d4400000,0x00000085d4500000] [id=13216]
  0x000001946d736000 ConcurrentGCThread "G1 Refine#5" [stack: 0x00000085d4500000,0x00000085d4600000] [id=9208]
  0x0000019469b82000 ConcurrentGCThread "G1 Refine#6" [stack: 0x00000085d4600000,0x00000085d4700000] [id=19872]
  0x00000194670df800 ConcurrentGCThread "G1 Refine#7" [stack: 0x00000085d4700000,0x00000085d4800000] [id=8672]
  0x000001946472e800 ConcurrentGCThread "G1 Young RemSet Sampling" [stack: 0x00000085c9600000,0x00000085c9700000] [id=12136]

Threads with active compile tasks:
C2 CompilerThread0  14386 11563 %     4       com.android.tools.r8.dex.n::a @ 315 (913 bytes)
C2 CompilerThread1  14386 11804       4       com.android.tools.r8.graph.n0::a (132 bytes)
C2 CompilerThread2  14386 11800       4       com.android.tools.r8.graph.O::t (36 bytes)

VM state:at safepoint (normal execution)

VM Mutex/Monitor currently owned by a thread:  ([mutex/lock_event])
[0x0000019448595b00] Threads_lock - owner thread: 0x00000194650f8800
[0x0000019448596400] Heap_lock - owner thread: 0x000001946a87c800

Heap address: 0x0000000080000000, size: 2048 MB, Compressed Oops mode: 32-bit
Narrow klass base: 0x0000000000000000, Narrow klass shift: 3
Compressed class space size: 1073741824 Address: 0x0000000100000000

Heap:
 garbage-first heap   total 557056K, used 178044K [0x0000000080000000, 0x0000000100000000)
  region size 1024K, 4 young (4096K), 4 survivors (4096K)
 Metaspace       used 85011K, capacity 87237K, committed 87628K, reserved 1124352K
  class space    used 11156K, capacity 11980K, committed 12160K, reserved 1048576K
Heap Regions: E=young(eden), S=young(survivor), O=old, HS=humongous(starts), HC=humongous(continues), CS=collection set, F=free, A=archive, TAMS=top-at-mark-start (previous, next)
|   0|0x0000000080000000, 0x0000000080100000, 0x0000000080100000|100%| O|  |TAMS 0x0000000080100000, 0x0000000080000000| Untracked 
|   1|0x0000000080100000, 0x0000000080200000, 0x0000000080200000|100%| O|  |TAMS 0x0000000080200000, 0x0000000080100000| Complete 
|   2|0x0000000080200000, 0x0000000080300000, 0x0000000080300000|100%| O|  |TAMS 0x0000000080300000, 0x0000000080200000| Untracked 
|   3|0x0000000080300000, 0x0000000080400000, 0x0000000080400000|100%|HS|  |TAMS 0x0000000080400000, 0x0000000080300000| Complete 
|   4|0x0000000080400000, 0x0000000080500000, 0x0000000080500000|100%|HC|  |TAMS 0x0000000080500000, 0x0000000080400000| Complete 
|   5|0x0000000080500000, 0x0000000080600000, 0x0000000080600000|100%|HC|  |TAMS 0x0000000080600000, 0x0000000080500000| Complete 
|   6|0x0000000080600000, 0x0000000080700000, 0x0000000080700000|100%| O|  |TAMS 0x0000000080700000, 0x0000000080600000| Untracked 
|   7|0x0000000080700000, 0x0000000080800000, 0x0000000080800000|100%| O|  |TAMS 0x0000000080800000, 0x0000000080700000| Untracked 
|   8|0x0000000080800000, 0x0000000080900000, 0x0000000080900000|100%| O|  |TAMS 0x0000000080900000, 0x0000000080800000| Untracked 
|   9|0x0000000080900000, 0x0000000080a00000, 0x0000000080a00000|100%| O|  |TAMS 0x0000000080a00000, 0x0000000080900000| Complete 
|  10|0x0000000080a00000, 0x0000000080b00000, 0x0000000080b00000|100%| O|  |TAMS 0x0000000080b00000, 0x0000000080a00000| Untracked 
|  11|0x0000000080b00000, 0x0000000080c00000, 0x0000000080c00000|100%| O|  |TAMS 0x0000000080c00000, 0x0000000080b00000| Untracked 
|  12|0x0000000080c00000, 0x0000000080d00000, 0x0000000080d00000|100%| O|  |TAMS 0x0000000080d00000, 0x0000000080c00000| Untracked 
|  13|0x0000000080d00000, 0x0000000080e00000, 0x0000000080e00000|100%| O|  |TAMS 0x0000000080e00000, 0x0000000080d00000| Untracked 
|  14|0x0000000080e00000, 0x0000000080f00000, 0x0000000080f00000|100%| O|  |TAMS 0x0000000080f00000, 0x0000000080e00000| Untracked 
|  15|0x0000000080f00000, 0x0000000081000000, 0x0000000081000000|100%| O|  |TAMS 0x0000000081000000, 0x0000000080f00000| Untracked 
|  16|0x0000000081000000, 0x0000000081100000, 0x0000000081100000|100%|HS|  |TAMS 0x0000000081100000, 0x0000000081000000| Complete 
|  17|0x0000000081100000, 0x0000000081200000, 0x0000000081200000|100%|HS|  |TAMS 0x0000000081200000, 0x0000000081100000| Complete 
|  18|0x0000000081200000, 0x0000000081300000, 0x0000000081300000|100%|HC|  |TAMS 0x0000000081300000, 0x0000000081200000| Complete 
|  19|0x0000000081300000, 0x0000000081400000, 0x0000000081400000|100%| O|  |TAMS 0x0000000081400000, 0x0000000081300000| Untracked 
|  20|0x0000000081400000, 0x0000000081500000, 0x0000000081500000|100%| O|  |TAMS 0x0000000081500000, 0x0000000081400000| Untracked 
|  21|0x0000000081500000, 0x0000000081600000, 0x0000000081600000|100%| O|  |TAMS 0x0000000081600000, 0x0000000081500000| Untracked 
|  22|0x0000000081600000, 0x0000000081700000, 0x0000000081700000|100%| O|  |TAMS 0x0000000081700000, 0x0000000081600000| Untracked 
|  23|0x0000000081700000, 0x0000000081800000, 0x0000000081800000|100%| O|  |TAMS 0x0000000081800000, 0x0000000081700000| Untracked 
|  24|0x0000000081800000, 0x0000000081900000, 0x0000000081900000|100%| O|  |TAMS 0x0000000081900000, 0x0000000081800000| Untracked 
|  25|0x0000000081900000, 0x0000000081a00000, 0x0000000081a00000|100%| O|  |TAMS 0x0000000081a00000, 0x0000000081900000| Untracked 
|  26|0x0000000081a00000, 0x0000000081b00000, 0x0000000081b00000|100%| O|  |TAMS 0x0000000081b00000, 0x0000000081a00000| Untracked 
|  27|0x0000000081b00000, 0x0000000081c00000, 0x0000000081c00000|100%| O|  |TAMS 0x0000000081c00000, 0x0000000081b00000| Complete 
|  28|0x0000000081c00000, 0x0000000081d00000, 0x0000000081d00000|100%| O|  |TAMS 0x0000000081d00000, 0x0000000081c00000| Untracked 
|  29|0x0000000081d00000, 0x0000000081e00000, 0x0000000081e00000|100%| O|  |TAMS 0x0000000081e00000, 0x0000000081d00000| Untracked 
|  30|0x0000000081e00000, 0x0000000081f00000, 0x0000000081f00000|100%| O|  |TAMS 0x0000000081f00000, 0x0000000081e00000| Untracked 
|  31|0x0000000081f00000, 0x0000000082000000, 0x0000000082000000|100%| O|  |TAMS 0x0000000082000000, 0x0000000081f00000| Untracked 
|  32|0x0000000082000000, 0x0000000082100000, 0x0000000082100000|100%| O|  |TAMS 0x0000000082100000, 0x0000000082000000| Untracked 
|  33|0x0000000082100000, 0x0000000082200000, 0x0000000082200000|100%| O|  |TAMS 0x0000000082200000, 0x0000000082100000| Untracked 
|  34|0x0000000082200000, 0x0000000082300000, 0x0000000082300000|100%| O|  |TAMS 0x0000000082300000, 0x0000000082200000| Untracked 
|  35|0x0000000082300000, 0x0000000082400000, 0x0000000082400000|100%| O|  |TAMS 0x0000000082400000, 0x0000000082300000| Untracked 
|  36|0x0000000082400000, 0x0000000082500000, 0x0000000082500000|100%| O|  |TAMS 0x0000000082500000, 0x0000000082400000| Untracked 
|  37|0x0000000082500000, 0x0000000082600000, 0x0000000082600000|100%| O|  |TAMS 0x0000000082600000, 0x0000000082500000| Untracked 
|  38|0x0000000082600000, 0x0000000082700000, 0x0000000082700000|100%| O|  |TAMS 0x0000000082700000, 0x0000000082600000| Untracked 
|  39|0x0000000082700000, 0x0000000082800000, 0x0000000082800000|100%| O|  |TAMS 0x0000000082800000, 0x0000000082700000| Complete 
|  40|0x0000000082800000, 0x0000000082900000, 0x0000000082900000|100%| O|  |TAMS 0x0000000082900000, 0x0000000082800000| Complete 
|  41|0x0000000082900000, 0x0000000082a00000, 0x0000000082a00000|100%| O|  |TAMS 0x0000000082a00000, 0x0000000082900000| Untracked 
|  42|0x0000000082a00000, 0x0000000082b00000, 0x0000000082b00000|100%| O|  |TAMS 0x0000000082b00000, 0x0000000082a00000| Untracked 
|  43|0x0000000082b00000, 0x0000000082c00000, 0x0000000082c00000|100%| O|  |TAMS 0x0000000082c00000, 0x0000000082b00000| Untracked 
|  44|0x0000000082c00000, 0x0000000082d00000, 0x0000000082d00000|100%| O|  |TAMS 0x0000000082d00000, 0x0000000082c00000| Untracked 
|  45|0x0000000082d00000, 0x0000000082e00000, 0x0000000082e00000|100%| O|  |TAMS 0x0000000082e00000, 0x0000000082d00000| Untracked 
|  46|0x0000000082e00000, 0x0000000082f00000, 0x0000000082f00000|100%| O|  |TAMS 0x0000000082f00000, 0x0000000082e00000| Untracked 
|  47|0x0000000082f00000, 0x0000000083000000, 0x0000000083000000|100%| O|  |TAMS 0x0000000083000000, 0x0000000082f00000| Untracked 
|  48|0x0000000083000000, 0x0000000083100000, 0x0000000083100000|100%| O|  |TAMS 0x0000000083100000, 0x0000000083000000| Complete 
|  49|0x0000000083100000, 0x0000000083200000, 0x0000000083200000|100%| O|  |TAMS 0x0000000083200000, 0x0000000083100000| Complete 
|  50|0x0000000083200000, 0x0000000083300000, 0x0000000083300000|100%| O|  |TAMS 0x0000000083300000, 0x0000000083200000| Untracked 
|  51|0x0000000083300000, 0x0000000083400000, 0x0000000083400000|100%| O|  |TAMS 0x0000000083400000, 0x0000000083300000| Untracked 
|  52|0x0000000083400000, 0x0000000083500000, 0x0000000083500000|100%| O|  |TAMS 0x0000000083500000, 0x0000000083400000| Untracked 
|  53|0x0000000083500000, 0x0000000083600000, 0x0000000083600000|100%| O|  |TAMS 0x0000000083600000, 0x0000000083500000| Complete 
|  54|0x0000000083600000, 0x0000000083700000, 0x0000000083700000|100%| O|  |TAMS 0x0000000083700000, 0x0000000083600000| Complete 
|  55|0x0000000083700000, 0x0000000083800000, 0x0000000083800000|100%| O|  |TAMS 0x0000000083800000, 0x0000000083700000| Complete 
|  56|0x0000000083800000, 0x0000000083900000, 0x0000000083900000|100%| O|  |TAMS 0x0000000083900000, 0x0000000083800000| Untracked 
|  57|0x0000000083900000, 0x0000000083a00000, 0x0000000083a00000|100%| O|  |TAMS 0x0000000083a00000, 0x0000000083900000| Complete 
|  58|0x0000000083a00000, 0x0000000083b00000, 0x0000000083b00000|100%| O|  |TAMS 0x0000000083b00000, 0x0000000083a00000| Complete 
|  59|0x0000000083b00000, 0x0000000083c00000, 0x0000000083c00000|100%| O|  |TAMS 0x0000000083c00000, 0x0000000083b00000| Complete 
|  60|0x0000000083c00000, 0x0000000083d00000, 0x0000000083d00000|100%| O|  |TAMS 0x0000000083d00000, 0x0000000083c00000| Complete 
|  61|0x0000000083d00000, 0x0000000083e00000, 0x0000000083e00000|100%| O|  |TAMS 0x0000000083e00000, 0x0000000083d00000| Complete 
|  62|0x0000000083e00000, 0x0000000083f00000, 0x0000000083f00000|100%| O|  |TAMS 0x0000000083f00000, 0x0000000083e00000| Complete 
|  63|0x0000000083f00000, 0x0000000084000000, 0x0000000084000000|100%| O|  |TAMS 0x0000000083f00000, 0x0000000083f00000| Untracked 
|  64|0x0000000084000000, 0x0000000084100000, 0x0000000084100000|100%| O|  |TAMS 0x0000000084100000, 0x0000000084000000| Complete 
|  65|0x0000000084100000, 0x0000000084200000, 0x0000000084200000|100%| O|  |TAMS 0x0000000084200000, 0x0000000084100000| Complete 
|  66|0x0000000084200000, 0x0000000084300000, 0x0000000084300000|100%| O|  |TAMS 0x0000000084300000, 0x0000000084200000| Untracked 
|  67|0x0000000084300000, 0x0000000084400000, 0x0000000084400000|100%| O|  |TAMS 0x0000000084400000, 0x0000000084300000| Untracked 
|  68|0x0000000084400000, 0x0000000084500000, 0x0000000084500000|100%| O|  |TAMS 0x0000000084500000, 0x0000000084400000| Untracked 
|  69|0x0000000084500000, 0x0000000084600000, 0x0000000084600000|100%| O|  |TAMS 0x0000000084600000, 0x0000000084500000| Untracked 
|  70|0x0000000084600000, 0x0000000084700000, 0x0000000084700000|100%| O|  |TAMS 0x0000000084700000, 0x0000000084600000| Complete 
|  71|0x0000000084700000, 0x0000000084800000, 0x0000000084800000|100%| O|  |TAMS 0x0000000084800000, 0x0000000084700000| Untracked 
|  72|0x0000000084800000, 0x0000000084900000, 0x0000000084900000|100%| O|  |TAMS 0x0000000084900000, 0x0000000084800000| Complete 
|  73|0x0000000084900000, 0x0000000084a00000, 0x0000000084a00000|100%| O|  |TAMS 0x0000000084a00000, 0x0000000084900000| Untracked 
|  74|0x0000000084a00000, 0x0000000084b00000, 0x0000000084b00000|100%| O|  |TAMS 0x0000000084b00000, 0x0000000084a00000| Untracked 
|  75|0x0000000084b00000, 0x0000000084c00000, 0x0000000084c00000|100%| O|  |TAMS 0x0000000084c00000, 0x0000000084b00000| Untracked 
|  76|0x0000000084c00000, 0x0000000084d00000, 0x0000000084d00000|100%| O|  |TAMS 0x0000000084d00000, 0x0000000084c00000| Complete 
|  77|0x0000000084d00000, 0x0000000084e00000, 0x0000000084e00000|100%| O|  |TAMS 0x0000000084e00000, 0x0000000084d00000| Complete 
|  78|0x0000000084e00000, 0x0000000084f00000, 0x0000000084f00000|100%| O|  |TAMS 0x0000000084f00000, 0x0000000084e00000| Complete 
|  79|0x0000000084f00000, 0x0000000085000000, 0x0000000085000000|100%| O|  |TAMS 0x0000000085000000, 0x0000000084f00000| Complete 
|  80|0x0000000085000000, 0x0000000085100000, 0x0000000085100000|100%| O|  |TAMS 0x0000000085100000, 0x0000000085000000| Complete 
|  81|0x0000000085100000, 0x0000000085200000, 0x0000000085200000|100%| O|  |TAMS 0x0000000085200000, 0x0000000085100000| Complete 
|  82|0x0000000085200000, 0x0000000085300000, 0x0000000085300000|100%| O|  |TAMS 0x0000000085300000, 0x0000000085200000| Complete 
|  83|0x0000000085300000, 0x0000000085400000, 0x0000000085400000|100%| O|  |TAMS 0x0000000085400000, 0x0000000085300000| Complete 
|  84|0x0000000085400000, 0x0000000085500000, 0x0000000085500000|100%| O|  |TAMS 0x0000000085500000, 0x0000000085400000| Complete 
|  85|0x0000000085500000, 0x0000000085600000, 0x0000000085600000|100%| O|  |TAMS 0x0000000085500000, 0x0000000085500000| Untracked 
|  86|0x0000000085600000, 0x0000000085700000, 0x0000000085700000|100%| O|  |TAMS 0x0000000085700000, 0x0000000085600000| Complete 
|  87|0x0000000085700000, 0x0000000085800000, 0x0000000085800000|100%| O|  |TAMS 0x0000000085700000, 0x0000000085700000| Untracked 
|  88|0x0000000085800000, 0x0000000085900000, 0x0000000085900000|100%| O|  |TAMS 0x0000000085900000, 0x0000000085800000| Complete 
|  89|0x0000000085900000, 0x0000000085a00000, 0x0000000085a00000|100%| O|  |TAMS 0x0000000085a00000, 0x0000000085900000| Complete 
|  90|0x0000000085a00000, 0x0000000085b00000, 0x0000000085b00000|100%| O|  |TAMS 0x0000000085b00000, 0x0000000085a00000| Untracked 
|  91|0x0000000085b00000, 0x0000000085c00000, 0x0000000085c00000|100%| O|  |TAMS 0x0000000085b00000, 0x0000000085b00000| Untracked 
|  92|0x0000000085c00000, 0x0000000085d00000, 0x0000000085d00000|100%| O|  |TAMS 0x0000000085d00000, 0x0000000085c00000| Complete 
|  93|0x0000000085d00000, 0x0000000085e00000, 0x0000000085e00000|100%| O|  |TAMS 0x0000000085d00000, 0x0000000085d00000| Untracked 
|  94|0x0000000085e00000, 0x0000000085f00000, 0x0000000085f00000|100%| O|  |TAMS 0x0000000085f00000, 0x0000000085e00000| Untracked 
|  95|0x0000000085f00000, 0x0000000086000000, 0x0000000086000000|100%| O|  |TAMS 0x0000000085f00000, 0x0000000085f00000| Untracked 
|  96|0x0000000086000000, 0x0000000086100000, 0x0000000086100000|100%| O|  |TAMS 0x0000000086100000, 0x0000000086000000| Complete 
|  97|0x0000000086100000, 0x0000000086200000, 0x0000000086200000|100%| O|  |TAMS 0x0000000086200000, 0x0000000086100000| Untracked 
|  98|0x0000000086200000, 0x0000000086300000, 0x0000000086300000|100%| O|  |TAMS 0x0000000086300000, 0x0000000086200000| Complete 
|  99|0x0000000086300000, 0x0000000086400000, 0x0000000086400000|100%| O|  |TAMS 0x0000000086400000, 0x0000000086300000| Complete 
| 100|0x0000000086400000, 0x00000000864df000, 0x0000000086500000| 87%| O|  |TAMS 0x0000000086400000, 0x0000000086400000| Untracked 
| 101|0x0000000086500000, 0x0000000086500000, 0x0000000086600000|  0%| F|  |TAMS 0x0000000086500000, 0x0000000086500000| Untracked 
| 102|0x0000000086600000, 0x0000000086600000, 0x0000000086700000|  0%| F|  |TAMS 0x0000000086600000, 0x0000000086600000| Untracked 
| 103|0x0000000086700000, 0x0000000086800000, 0x0000000086800000|100%| O|  |TAMS 0x0000000086800000, 0x0000000086700000| Complete 
| 104|0x0000000086800000, 0x0000000086900000, 0x0000000086900000|100%| O|  |TAMS 0x0000000086900000, 0x0000000086800000| Complete 
| 105|0x0000000086900000, 0x0000000086a00000, 0x0000000086a00000|100%| O|  |TAMS 0x0000000086a00000, 0x0000000086900000| Complete 
| 106|0x0000000086a00000, 0x0000000086b00000, 0x0000000086b00000|100%| O|  |TAMS 0x0000000086b00000, 0x0000000086a00000| Complete 
| 107|0x0000000086b00000, 0x0000000086b00000, 0x0000000086c00000|  0%| F|  |TAMS 0x0000000086b00000, 0x0000000086b00000| Untracked 
| 108|0x0000000086c00000, 0x0000000086c00000, 0x0000000086d00000|  0%| F|  |TAMS 0x0000000086c00000, 0x0000000086c00000| Untracked 
| 109|0x0000000086d00000, 0x0000000086e00000, 0x0000000086e00000|100%| O|  |TAMS 0x0000000086e00000, 0x0000000086d00000| Untracked 
| 110|0x0000000086e00000, 0x0000000086f00000, 0x0000000086f00000|100%| O|  |TAMS 0x0000000086f00000, 0x0000000086e00000| Untracked 
| 111|0x0000000086f00000, 0x0000000086f00000, 0x0000000087000000|  0%| F|  |TAMS 0x0000000086f00000, 0x0000000086f00000| Untracked 
| 112|0x0000000087000000, 0x0000000087000000, 0x0000000087100000|  0%| F|  |TAMS 0x0000000087000000, 0x0000000087000000| Untracked 
| 113|0x0000000087100000, 0x0000000087100000, 0x0000000087200000|  0%| F|  |TAMS 0x0000000087100000, 0x0000000087100000| Untracked 
| 114|0x0000000087200000, 0x0000000087200000, 0x0000000087300000|  0%| F|  |TAMS 0x0000000087200000, 0x0000000087200000| Untracked 
| 115|0x0000000087300000, 0x0000000087400000, 0x0000000087400000|100%| O|  |TAMS 0x0000000087400000, 0x0000000087300000| Untracked 
| 116|0x0000000087400000, 0x0000000087500000, 0x0000000087500000|100%|HS|  |TAMS 0x0000000087500000, 0x0000000087400000| Complete 
| 117|0x0000000087500000, 0x0000000087600000, 0x0000000087600000|100%| O|  |TAMS 0x0000000087600000, 0x0000000087500000| Untracked 
| 118|0x0000000087600000, 0x0000000087700000, 0x0000000087700000|100%| O|  |TAMS 0x0000000087700000, 0x0000000087600000| Complete 
| 119|0x0000000087700000, 0x0000000087800000, 0x0000000087800000|100%| O|  |TAMS 0x0000000087800000, 0x0000000087700000| Complete 
| 120|0x0000000087800000, 0x0000000087900000, 0x0000000087900000|100%| O|  |TAMS 0x0000000087900000, 0x0000000087800000| Complete 
| 121|0x0000000087900000, 0x0000000087a00000, 0x0000000087a00000|100%| O|  |TAMS 0x0000000087a00000, 0x0000000087900000| Untracked 
| 122|0x0000000087a00000, 0x0000000087b00000, 0x0000000087b00000|100%| O|  |TAMS 0x0000000087b00000, 0x0000000087a00000| Untracked 
| 123|0x0000000087b00000, 0x0000000087c00000, 0x0000000087c00000|100%| O|  |TAMS 0x0000000087c00000, 0x0000000087b00000| Untracked 
| 124|0x0000000087c00000, 0x0000000087d00000, 0x0000000087d00000|100%| O|  |TAMS 0x0000000087d00000, 0x0000000087c00000| Untracked 
| 125|0x0000000087d00000, 0x0000000087e00000, 0x0000000087e00000|100%| O|  |TAMS 0x0000000087e00000, 0x0000000087d00000| Untracked 
| 126|0x0000000087e00000, 0x0000000087f00000, 0x0000000087f00000|100%| O|  |TAMS 0x0000000087f00000, 0x0000000087e00000| Untracked 
| 127|0x0000000087f00000, 0x0000000088000000, 0x0000000088000000|100%| O|  |TAMS 0x0000000088000000, 0x0000000087f00000| Untracked 
| 128|0x0000000088000000, 0x0000000088100000, 0x0000000088100000|100%| O|  |TAMS 0x0000000088100000, 0x0000000088000000| Complete 
| 129|0x0000000088100000, 0x0000000088200000, 0x0000000088200000|100%| O|  |TAMS 0x0000000088200000, 0x0000000088100000| Complete 
| 130|0x0000000088200000, 0x0000000088300000, 0x0000000088300000|100%| O|  |TAMS 0x0000000088300000, 0x0000000088200000| Complete 
| 131|0x0000000088300000, 0x0000000088400000, 0x0000000088400000|100%| O|  |TAMS 0x0000000088400000, 0x0000000088300000| Complete 
| 132|0x0000000088400000, 0x0000000088500000, 0x0000000088500000|100%| O|  |TAMS 0x0000000088500000, 0x0000000088400000| Untracked 
| 133|0x0000000088500000, 0x0000000088500000, 0x0000000088600000|  0%| F|  |TAMS 0x0000000088500000, 0x0000000088500000| Untracked 
| 134|0x0000000088600000, 0x0000000088700000, 0x0000000088700000|100%| O|  |TAMS 0x0000000088700000, 0x0000000088600000| Complete 
| 135|0x0000000088700000, 0x0000000088800000, 0x0000000088800000|100%| O|  |TAMS 0x0000000088760200, 0x0000000088700000| Untracked 
| 136|0x0000000088800000, 0x0000000088900000, 0x0000000088900000|100%| O|  |TAMS 0x0000000088900000, 0x0000000088800000| Complete 
| 137|0x0000000088900000, 0x0000000088900000, 0x0000000088a00000|  0%| F|  |TAMS 0x0000000088900000, 0x0000000088900000| Untracked 
| 138|0x0000000088a00000, 0x0000000088b00000, 0x0000000088b00000|100%| O|  |TAMS 0x0000000088b00000, 0x0000000088a00000| Untracked 
| 139|0x0000000088b00000, 0x0000000088c00000, 0x0000000088c00000|100%| O|  |TAMS 0x0000000088c00000, 0x0000000088b00000| Complete 
| 140|0x0000000088c00000, 0x0000000088d00000, 0x0000000088d00000|100%| O|  |TAMS 0x0000000088d00000, 0x0000000088c00000| Complete 
| 141|0x0000000088d00000, 0x0000000088d00000, 0x0000000088e00000|  0%| F|  |TAMS 0x0000000088d00000, 0x0000000088d00000| Untracked 
| 142|0x0000000088e00000, 0x0000000088e00000, 0x0000000088f00000|  0%| F|  |TAMS 0x0000000088e00000, 0x0000000088e00000| Untracked 
| 143|0x0000000088f00000, 0x0000000088f00000, 0x0000000089000000|  0%| F|  |TAMS 0x0000000088f00000, 0x0000000088f00000| Untracked 
| 144|0x0000000089000000, 0x0000000089000000, 0x0000000089100000|  0%| F|  |TAMS 0x0000000089000000, 0x0000000089000000| Untracked 
| 145|0x0000000089100000, 0x0000000089100000, 0x0000000089200000|  0%| F|  |TAMS 0x0000000089100000, 0x0000000089100000| Untracked 
| 146|0x0000000089200000, 0x0000000089300000, 0x0000000089300000|100%| O|  |TAMS 0x0000000089300000, 0x0000000089200000| Complete 
| 147|0x0000000089300000, 0x0000000089400000, 0x0000000089400000|100%|HS|  |TAMS 0x0000000089400000, 0x0000000089300000| Complete 
| 148|0x0000000089400000, 0x0000000089500000, 0x0000000089500000|100%|HC|  |TAMS 0x0000000089500000, 0x0000000089400000| Complete 
| 149|0x0000000089500000, 0x0000000089600000, 0x0000000089600000|100%|HC|  |TAMS 0x0000000089600000, 0x0000000089500000| Complete 
| 150|0x0000000089600000, 0x0000000089700000, 0x0000000089700000|100%|HC|  |TAMS 0x0000000089700000, 0x0000000089600000| Complete 
| 151|0x0000000089700000, 0x0000000089800000, 0x0000000089800000|100%|HC|  |TAMS 0x0000000089800000, 0x0000000089700000| Complete 
| 152|0x0000000089800000, 0x0000000089900000, 0x0000000089900000|100%|HC|  |TAMS 0x0000000089900000, 0x0000000089800000| Complete 
| 153|0x0000000089900000, 0x0000000089a00000, 0x0000000089a00000|100%|HC|  |TAMS 0x0000000089a00000, 0x0000000089900000| Complete 
| 154|0x0000000089a00000, 0x0000000089b00000, 0x0000000089b00000|100%| O|  |TAMS 0x0000000089b00000, 0x0000000089a00000| Complete 
| 155|0x0000000089b00000, 0x0000000089b00000, 0x0000000089c00000|  0%| F|  |TAMS 0x0000000089b00000, 0x0000000089b00000| Untracked 
| 156|0x0000000089c00000, 0x0000000089d00000, 0x0000000089d00000|100%| O|  |TAMS 0x0000000089d00000, 0x0000000089c00000| Complete 
| 157|0x0000000089d00000, 0x0000000089e00000, 0x0000000089e00000|100%| O|  |TAMS 0x0000000089e00000, 0x0000000089d00000| Complete 
| 158|0x0000000089e00000, 0x0000000089f00000, 0x0000000089f00000|100%| O|  |TAMS 0x0000000089f00000, 0x0000000089e00000| Untracked 
| 159|0x0000000089f00000, 0x000000008a000000, 0x000000008a000000|100%| O|  |TAMS 0x000000008a000000, 0x0000000089f00000| Untracked 
| 160|0x000000008a000000, 0x000000008a100000, 0x000000008a100000|100%| O|  |TAMS 0x000000008a100000, 0x000000008a000000| Untracked 
| 161|0x000000008a100000, 0x000000008a200000, 0x000000008a200000|100%| O|  |TAMS 0x000000008a200000, 0x000000008a100000| Untracked 
| 162|0x000000008a200000, 0x000000008a300000, 0x000000008a300000|100%| O|  |TAMS 0x000000008a300000, 0x000000008a200000| Untracked 
| 163|0x000000008a300000, 0x000000008a300000, 0x000000008a400000|  0%| F|  |TAMS 0x000000008a300000, 0x000000008a300000| Untracked 
| 164|0x000000008a400000, 0x000000008a400000, 0x000000008a500000|  0%| F|  |TAMS 0x000000008a400000, 0x000000008a400000| Untracked 
| 165|0x000000008a500000, 0x000000008a500000, 0x000000008a600000|  0%| F|  |TAMS 0x000000008a500000, 0x000000008a500000| Untracked 
| 166|0x000000008a600000, 0x000000008a600000, 0x000000008a700000|  0%| F|  |TAMS 0x000000008a600000, 0x000000008a600000| Untracked 
| 167|0x000000008a700000, 0x000000008a700000, 0x000000008a800000|  0%| F|  |TAMS 0x000000008a700000, 0x000000008a700000| Untracked 
| 168|0x000000008a800000, 0x000000008a800000, 0x000000008a900000|  0%| F|  |TAMS 0x000000008a800000, 0x000000008a800000| Untracked 
| 169|0x000000008a900000, 0x000000008a900000, 0x000000008aa00000|  0%| F|  |TAMS 0x000000008a900000, 0x000000008a900000| Untracked 
| 170|0x000000008aa00000, 0x000000008ab00000, 0x000000008ab00000|100%| O|  |TAMS 0x000000008ab00000, 0x000000008aa00000| Complete 
| 171|0x000000008ab00000, 0x000000008ac00000, 0x000000008ac00000|100%| O|  |TAMS 0x000000008ac00000, 0x000000008ab00000| Untracked 
| 172|0x000000008ac00000, 0x000000008ad00000, 0x000000008ad00000|100%| O|  |TAMS 0x000000008ad00000, 0x000000008ac00000| Untracked 
| 173|0x000000008ad00000, 0x000000008ae00000, 0x000000008ae00000|100%| O|  |TAMS 0x000000008ae00000, 0x000000008ad00000| Complete 
| 174|0x000000008ae00000, 0x000000008af00000, 0x000000008af00000|100%| O|  |TAMS 0x000000008af00000, 0x000000008ae00000| Untracked 
| 175|0x000000008af00000, 0x000000008b000000, 0x000000008b000000|100%| O|  |TAMS 0x000000008b000000, 0x000000008af00000| Untracked 
| 176|0x000000008b000000, 0x000000008b100000, 0x000000008b100000|100%| O|  |TAMS 0x000000008b100000, 0x000000008b000000| Untracked 
| 177|0x000000008b100000, 0x000000008b200000, 0x000000008b200000|100%| O|  |TAMS 0x000000008b200000, 0x000000008b100000| Untracked 
| 178|0x000000008b200000, 0x000000008b300000, 0x000000008b300000|100%| O|  |TAMS 0x000000008b300000, 0x000000008b200000| Complete 
| 179|0x000000008b300000, 0x000000008b400000, 0x000000008b400000|100%| O|  |TAMS 0x000000008b400000, 0x000000008b300000| Complete 
| 180|0x000000008b400000, 0x000000008b500000, 0x000000008b500000|100%| O|  |TAMS 0x000000008b500000, 0x000000008b400000| Complete 
| 181|0x000000008b500000, 0x000000008b600000, 0x000000008b600000|100%| O|  |TAMS 0x000000008b600000, 0x000000008b500000| Complete 
| 182|0x000000008b600000, 0x000000008b700000, 0x000000008b700000|100%| O|  |TAMS 0x000000008b700000, 0x000000008b600000| Complete 
| 183|0x000000008b700000, 0x000000008b800000, 0x000000008b800000|100%| O|  |TAMS 0x000000008b800000, 0x000000008b700000| Complete 
| 184|0x000000008b800000, 0x000000008b900000, 0x000000008b900000|100%| O|  |TAMS 0x000000008b900000, 0x000000008b800000| Complete 
| 185|0x000000008b900000, 0x000000008ba00000, 0x000000008ba00000|100%| O|  |TAMS 0x000000008ba00000, 0x000000008b900000| Complete 
| 186|0x000000008ba00000, 0x000000008bb00000, 0x000000008bb00000|100%| O|  |TAMS 0x000000008bb00000, 0x000000008ba00000| Complete 
| 187|0x000000008bb00000, 0x000000008bc00000, 0x000000008bc00000|100%| O|  |TAMS 0x000000008bc00000, 0x000000008bb00000| Complete 
| 188|0x000000008bc00000, 0x000000008bd00000, 0x000000008bd00000|100%| O|  |TAMS 0x000000008bd00000, 0x000000008bc00000| Complete 
| 189|0x000000008bd00000, 0x000000008be00000, 0x000000008be00000|100%| O|  |TAMS 0x000000008be00000, 0x000000008bd00000| Complete 
| 190|0x000000008be00000, 0x000000008bf00000, 0x000000008bf00000|100%| O|  |TAMS 0x000000008bf00000, 0x000000008be00000| Complete 
| 191|0x000000008bf00000, 0x000000008c000000, 0x000000008c000000|100%| O|  |TAMS 0x000000008c000000, 0x000000008bf00000| Complete 
| 192|0x000000008c000000, 0x000000008c000000, 0x000000008c100000|  0%| F|  |TAMS 0x000000008c000000, 0x000000008c000000| Untracked 
| 193|0x000000008c100000, 0x000000008c100000, 0x000000008c200000|  0%| F|  |TAMS 0x000000008c100000, 0x000000008c100000| Untracked 
| 194|0x000000008c200000, 0x000000008c200000, 0x000000008c300000|  0%| F|  |TAMS 0x000000008c200000, 0x000000008c200000| Untracked 
| 195|0x000000008c300000, 0x000000008c300000, 0x000000008c400000|  0%| F|  |TAMS 0x000000008c300000, 0x000000008c300000| Untracked 
| 196|0x000000008c400000, 0x000000008c400000, 0x000000008c500000|  0%| F|  |TAMS 0x000000008c400000, 0x000000008c400000| Untracked 
| 197|0x000000008c500000, 0x000000008c500000, 0x000000008c600000|  0%| F|  |TAMS 0x000000008c500000, 0x000000008c500000| Untracked 
| 198|0x000000008c600000, 0x000000008c600000, 0x000000008c700000|  0%| F|  |TAMS 0x000000008c600000, 0x000000008c600000| Untracked 
| 199|0x000000008c700000, 0x000000008c700000, 0x000000008c800000|  0%| F|  |TAMS 0x000000008c700000, 0x000000008c700000| Untracked 
| 200|0x000000008c800000, 0x000000008c800000, 0x000000008c900000|  0%| F|  |TAMS 0x000000008c800000, 0x000000008c800000| Untracked 
| 201|0x000000008c900000, 0x000000008c900000, 0x000000008ca00000|  0%| F|  |TAMS 0x000000008c900000, 0x000000008c900000| Untracked 
| 202|0x000000008ca00000, 0x000000008ca00000, 0x000000008cb00000|  0%| F|  |TAMS 0x000000008ca00000, 0x000000008ca00000| Untracked 
| 203|0x000000008cb00000, 0x000000008cb00000, 0x000000008cc00000|  0%| F|  |TAMS 0x000000008cb00000, 0x000000008cb00000| Untracked 
| 204|0x000000008cc00000, 0x000000008cc00000, 0x000000008cd00000|  0%| F|  |TAMS 0x000000008cc00000, 0x000000008cc00000| Untracked 
| 205|0x000000008cd00000, 0x000000008cd00000, 0x000000008ce00000|  0%| F|  |TAMS 0x000000008cd00000, 0x000000008cd00000| Untracked 
| 206|0x000000008ce00000, 0x000000008ce00000, 0x000000008cf00000|  0%| F|  |TAMS 0x000000008ce00000, 0x000000008ce00000| Untracked 
| 207|0x000000008cf00000, 0x000000008cf00000, 0x000000008d000000|  0%| F|  |TAMS 0x000000008cf00000, 0x000000008cf00000| Untracked 
| 208|0x000000008d000000, 0x000000008d000000, 0x000000008d100000|  0%| F|  |TAMS 0x000000008d000000, 0x000000008d000000| Untracked 
| 209|0x000000008d100000, 0x000000008d100000, 0x000000008d200000|  0%| F|  |TAMS 0x000000008d100000, 0x000000008d100000| Untracked 
| 210|0x000000008d200000, 0x000000008d200000, 0x000000008d300000|  0%| F|  |TAMS 0x000000008d200000, 0x000000008d200000| Untracked 
| 211|0x000000008d300000, 0x000000008d300000, 0x000000008d400000|  0%| F|  |TAMS 0x000000008d300000, 0x000000008d300000| Untracked 
| 212|0x000000008d400000, 0x000000008d400000, 0x000000008d500000|  0%| F|  |TAMS 0x000000008d400000, 0x000000008d400000| Untracked 
| 213|0x000000008d500000, 0x000000008d500000, 0x000000008d600000|  0%| F|  |TAMS 0x000000008d500000, 0x000000008d500000| Untracked 
| 214|0x000000008d600000, 0x000000008d600000, 0x000000008d700000|  0%| F|  |TAMS 0x000000008d600000, 0x000000008d600000| Untracked 
| 215|0x000000008d700000, 0x000000008d700000, 0x000000008d800000|  0%| F|  |TAMS 0x000000008d700000, 0x000000008d700000| Untracked 
| 216|0x000000008d800000, 0x000000008d800000, 0x000000008d900000|  0%| F|  |TAMS 0x000000008d800000, 0x000000008d800000| Untracked 
| 217|0x000000008d900000, 0x000000008d900000, 0x000000008da00000|  0%| F|  |TAMS 0x000000008d900000, 0x000000008d900000| Untracked 
| 218|0x000000008da00000, 0x000000008da00000, 0x000000008db00000|  0%| F|  |TAMS 0x000000008da00000, 0x000000008da00000| Untracked 
| 219|0x000000008db00000, 0x000000008db00000, 0x000000008dc00000|  0%| F|  |TAMS 0x000000008db00000, 0x000000008db00000| Untracked 
| 220|0x000000008dc00000, 0x000000008dc00000, 0x000000008dd00000|  0%| F|  |TAMS 0x000000008dc00000, 0x000000008dc00000| Untracked 
| 221|0x000000008dd00000, 0x000000008dd00000, 0x000000008de00000|  0%| F|  |TAMS 0x000000008dd00000, 0x000000008dd00000| Untracked 
| 222|0x000000008de00000, 0x000000008de00000, 0x000000008df00000|  0%| F|  |TAMS 0x000000008de00000, 0x000000008de00000| Untracked 
| 223|0x000000008df00000, 0x000000008df00000, 0x000000008e000000|  0%| F|  |TAMS 0x000000008df00000, 0x000000008df00000| Untracked 
| 224|0x000000008e000000, 0x000000008e000000, 0x000000008e100000|  0%| F|  |TAMS 0x000000008e000000, 0x000000008e000000| Untracked 
| 225|0x000000008e100000, 0x000000008e100000, 0x000000008e200000|  0%| F|  |TAMS 0x000000008e100000, 0x000000008e100000| Untracked 
| 226|0x000000008e200000, 0x000000008e200000, 0x000000008e300000|  0%| F|  |TAMS 0x000000008e200000, 0x000000008e200000| Untracked 
| 227|0x000000008e300000, 0x000000008e300000, 0x000000008e400000|  0%| F|  |TAMS 0x000000008e300000, 0x000000008e300000| Untracked 
| 228|0x000000008e400000, 0x000000008e400000, 0x000000008e500000|  0%| F|  |TAMS 0x000000008e400000, 0x000000008e400000| Untracked 
| 229|0x000000008e500000, 0x000000008e500000, 0x000000008e600000|  0%| F|  |TAMS 0x000000008e500000, 0x000000008e500000| Untracked 
| 230|0x000000008e600000, 0x000000008e600000, 0x000000008e700000|  0%| F|  |TAMS 0x000000008e600000, 0x000000008e600000| Untracked 
| 231|0x000000008e700000, 0x000000008e700000, 0x000000008e800000|  0%| F|  |TAMS 0x000000008e700000, 0x000000008e700000| Untracked 
| 232|0x000000008e800000, 0x000000008e800000, 0x000000008e900000|  0%| F|  |TAMS 0x000000008e800000, 0x000000008e800000| Untracked 
| 233|0x000000008e900000, 0x000000008e900000, 0x000000008ea00000|  0%| F|  |TAMS 0x000000008e900000, 0x000000008e900000| Untracked 
| 234|0x000000008ea00000, 0x000000008eb00000, 0x000000008eb00000|100%| O|  |TAMS 0x000000008eb00000, 0x000000008ea00000| Complete 
| 235|0x000000008eb00000, 0x000000008eb00000, 0x000000008ec00000|  0%| F|  |TAMS 0x000000008eb00000, 0x000000008eb00000| Untracked 
| 236|0x000000008ec00000, 0x000000008ec00000, 0x000000008ed00000|  0%| F|  |TAMS 0x000000008ec00000, 0x000000008ec00000| Untracked 
| 237|0x000000008ed00000, 0x000000008ed00000, 0x000000008ee00000|  0%| F|  |TAMS 0x000000008ed00000, 0x000000008ed00000| Untracked 
| 238|0x000000008ee00000, 0x000000008ee00000, 0x000000008ef00000|  0%| F|  |TAMS 0x000000008ee00000, 0x000000008ee00000| Untracked 
| 239|0x000000008ef00000, 0x000000008ef00000, 0x000000008f000000|  0%| F|  |TAMS 0x000000008ef00000, 0x000000008ef00000| Untracked 
| 240|0x000000008f000000, 0x000000008f000000, 0x000000008f100000|  0%| F|  |TAMS 0x000000008f000000, 0x000000008f000000| Untracked 
| 241|0x000000008f100000, 0x000000008f100000, 0x000000008f200000|  0%| F|  |TAMS 0x000000008f100000, 0x000000008f100000| Untracked 
| 242|0x000000008f200000, 0x000000008f200000, 0x000000008f300000|  0%| F|  |TAMS 0x000000008f200000, 0x000000008f200000| Untracked 
| 243|0x000000008f300000, 0x000000008f300000, 0x000000008f400000|  0%| F|  |TAMS 0x000000008f300000, 0x000000008f300000| Untracked 
| 244|0x000000008f400000, 0x000000008f400000, 0x000000008f500000|  0%| F|  |TAMS 0x000000008f400000, 0x000000008f400000| Untracked 
| 245|0x000000008f500000, 0x000000008f500000, 0x000000008f600000|  0%| F|  |TAMS 0x000000008f500000, 0x000000008f500000| Untracked 
| 246|0x000000008f600000, 0x000000008f600000, 0x000000008f700000|  0%| F|  |TAMS 0x000000008f600000, 0x000000008f600000| Untracked 
| 247|0x000000008f700000, 0x000000008f700000, 0x000000008f800000|  0%| F|  |TAMS 0x000000008f700000, 0x000000008f700000| Untracked 
| 248|0x000000008f800000, 0x000000008f800000, 0x000000008f900000|  0%| F|  |TAMS 0x000000008f800000, 0x000000008f800000| Untracked 
| 249|0x000000008f900000, 0x000000008f900000, 0x000000008fa00000|  0%| F|  |TAMS 0x000000008f900000, 0x000000008f900000| Untracked 
| 250|0x000000008fa00000, 0x000000008fa00000, 0x000000008fb00000|  0%| F|  |TAMS 0x000000008fa00000, 0x000000008fa00000| Untracked 
| 251|0x000000008fb00000, 0x000000008fb00000, 0x000000008fc00000|  0%| F|  |TAMS 0x000000008fb00000, 0x000000008fb00000| Untracked 
| 252|0x000000008fc00000, 0x000000008fc00000, 0x000000008fd00000|  0%| F|  |TAMS 0x000000008fc00000, 0x000000008fc00000| Untracked 
| 253|0x000000008fd00000, 0x000000008fd00000, 0x000000008fe00000|  0%| F|  |TAMS 0x000000008fd00000, 0x000000008fd00000| Untracked 
| 254|0x000000008fe00000, 0x000000008fe00000, 0x000000008ff00000|  0%| F|  |TAMS 0x000000008fe00000, 0x000000008fe00000| Untracked 
| 255|0x000000008ff00000, 0x0000000090000000, 0x0000000090000000|100%| S|CS|TAMS 0x000000008ff00000, 0x000000008ff00000| Complete 
| 256|0x0000000090000000, 0x0000000090100000, 0x0000000090100000|100%| S|CS|TAMS 0x0000000090000000, 0x0000000090000000| Complete 
| 257|0x0000000090100000, 0x0000000090200000, 0x0000000090200000|100%| S|CS|TAMS 0x0000000090100000, 0x0000000090100000| Complete 
| 258|0x0000000090200000, 0x0000000090300000, 0x0000000090300000|100%| S|CS|TAMS 0x0000000090200000, 0x0000000090200000| Complete 
| 259|0x0000000090300000, 0x0000000090300000, 0x0000000090400000|  0%| F|  |TAMS 0x0000000090300000, 0x0000000090300000| Untracked 
| 260|0x0000000090400000, 0x0000000090400000, 0x0000000090500000|  0%| F|  |TAMS 0x0000000090400000, 0x0000000090400000| Untracked 
| 261|0x0000000090500000, 0x0000000090500000, 0x0000000090600000|  0%| F|  |TAMS 0x0000000090500000, 0x0000000090500000| Untracked 
| 262|0x0000000090600000, 0x0000000090600000, 0x0000000090700000|  0%| F|  |TAMS 0x0000000090600000, 0x0000000090600000| Untracked 
| 263|0x0000000090700000, 0x0000000090700000, 0x0000000090800000|  0%| F|  |TAMS 0x0000000090700000, 0x0000000090700000| Untracked 
| 264|0x0000000090800000, 0x0000000090800000, 0x0000000090900000|  0%| F|  |TAMS 0x0000000090800000, 0x0000000090800000| Untracked 
| 265|0x0000000090900000, 0x0000000090900000, 0x0000000090a00000|  0%| F|  |TAMS 0x0000000090900000, 0x0000000090900000| Untracked 
| 266|0x0000000090a00000, 0x0000000090a00000, 0x0000000090b00000|  0%| F|  |TAMS 0x0000000090a00000, 0x0000000090a00000| Untracked 
| 267|0x0000000090b00000, 0x0000000090b00000, 0x0000000090c00000|  0%| F|  |TAMS 0x0000000090b00000, 0x0000000090b00000| Untracked 
| 268|0x0000000090c00000, 0x0000000090c00000, 0x0000000090d00000|  0%| F|  |TAMS 0x0000000090c00000, 0x0000000090c00000| Untracked 
| 269|0x0000000090d00000, 0x0000000090d00000, 0x0000000090e00000|  0%| F|  |TAMS 0x0000000090d00000, 0x0000000090d00000| Untracked 
| 270|0x0000000090e00000, 0x0000000090e00000, 0x0000000090f00000|  0%| F|  |TAMS 0x0000000090e00000, 0x0000000090e00000| Untracked 
| 271|0x0000000090f00000, 0x0000000090f00000, 0x0000000091000000|  0%| F|  |TAMS 0x0000000090f00000, 0x0000000090f00000| Untracked 
| 272|0x0000000091000000, 0x0000000091000000, 0x0000000091100000|  0%| F|  |TAMS 0x0000000091000000, 0x0000000091000000| Untracked 
| 273|0x0000000091100000, 0x0000000091100000, 0x0000000091200000|  0%| F|  |TAMS 0x0000000091100000, 0x0000000091100000| Untracked 
| 274|0x0000000091200000, 0x0000000091200000, 0x0000000091300000|  0%| F|  |TAMS 0x0000000091200000, 0x0000000091200000| Untracked 
| 275|0x0000000091300000, 0x0000000091300000, 0x0000000091400000|  0%| F|  |TAMS 0x0000000091300000, 0x0000000091300000| Untracked 
| 276|0x0000000091400000, 0x0000000091400000, 0x0000000091500000|  0%| F|  |TAMS 0x0000000091400000, 0x0000000091400000| Untracked 
| 277|0x0000000091500000, 0x0000000091500000, 0x0000000091600000|  0%| F|  |TAMS 0x0000000091500000, 0x0000000091500000| Untracked 
| 278|0x0000000091600000, 0x0000000091600000, 0x0000000091700000|  0%| F|  |TAMS 0x0000000091600000, 0x0000000091600000| Untracked 
| 279|0x0000000091700000, 0x0000000091700000, 0x0000000091800000|  0%| F|  |TAMS 0x0000000091700000, 0x0000000091700000| Untracked 
| 280|0x0000000091800000, 0x0000000091800000, 0x0000000091900000|  0%| F|  |TAMS 0x0000000091800000, 0x0000000091800000| Untracked 
| 281|0x0000000091900000, 0x0000000091900000, 0x0000000091a00000|  0%| F|  |TAMS 0x0000000091900000, 0x0000000091900000| Untracked 

Card table byte_map: [0x000001945d5c0000,0x000001945d9c0000] _byte_map_base: 0x000001945d1c0000

Marking Bits (Prev, Next): (CMBitMap*) 0x00000194485d9a80, (CMBitMap*) 0x00000194485d9a48
 Prev Bits: [0x000001945fdc0000, 0x0000019461dc0000)
 Next Bits: [0x000001945ddc0000, 0x000001945fdc0000)

Polling page: 0x0000019448460000

Metaspace:

Usage:
  Non-class:     73.49 MB capacity,    72.12 MB ( 98%) used,     1.13 MB (  2%) free+waste,   247.81 KB ( <1%) overhead. 
      Class:     11.70 MB capacity,    10.89 MB ( 93%) used,   710.29 KB (  6%) free+waste,   113.56 KB ( <1%) overhead. 
       Both:     85.19 MB capacity,    83.02 MB ( 97%) used,     1.82 MB (  2%) free+waste,   361.38 KB ( <1%) overhead. 

Virtual space:
  Non-class space:       74.00 MB reserved,      73.70 MB (>99%) committed 
      Class space:        1.00 GB reserved,      11.88 MB (  1%) committed 
             Both:        1.07 GB reserved,      85.57 MB (  8%) committed 

Chunk freelists:
   Non-Class:  147.00 KB
       Class:  116.00 KB
        Both:  263.00 KB

MaxMetaspaceSize: 17179869184.00 GB
CompressedClassSpaceSize: 1.00 GB

CodeHeap 'non-profiled nmethods': size=120000Kb used=7419Kb max_used=7419Kb free=112581Kb
 bounds [0x0000019455220000, 0x0000019455960000, 0x000001945c750000]
CodeHeap 'profiled nmethods': size=120000Kb used=21596Kb max_used=21754Kb free=98404Kb
 bounds [0x000001944dcf0000, 0x000001944f240000, 0x0000019455220000]
CodeHeap 'non-nmethods': size=5760Kb used=2258Kb max_used=2318Kb free=3501Kb
 bounds [0x000001944d750000, 0x000001944d9c0000, 0x000001944dcf0000]
 total_blobs=11830 nmethods=10979 adapters=762
 compilation: enabled
              stopped_count=0, restarted_count=0
 full_count=0

Compilation events (20 events):
Event: 14.283 Thread 0x00000194653bd000 nmethod 11840 0x0000019455956010 code [0x00000194559562a0, 0x0000019455957228]
Event: 14.283 Thread 0x00000194653bd000 11804       4       com.android.tools.r8.graph.n0::a (132 bytes)
Event: 14.307 Thread 0x00000194648c2800 11857       2       com.android.tools.r8.code.e0::a (1 bytes)
Event: 14.307 Thread 0x00000194648c2800 nmethod 11857 0x000001944e189010 code [0x000001944e1891c0, 0x000001944e1892b8]
Event: 14.310 Thread 0x000001946604c800 nmethod 11834 0x0000019455958210 code [0x00000194559585a0, 0x000001945595b100]
Event: 14.310 Thread 0x000001946604c800 11801       4       com.android.tools.r8.code.K1::a (36 bytes)
Event: 14.311 Thread 0x00000194648c2800 11858 %     3       com.android.tools.r8.graph.O::a @ 18 (275 bytes)
Event: 14.313 Thread 0x00000194648c2800 nmethod 11858% 0x000001944e1f1f10 code [0x000001944e1f2240, 0x000001944e1f3818]
Event: 14.314 Thread 0x00000194648c2800 11859       3       com.android.tools.r8.graph.O::a (275 bytes)
Event: 14.315 Thread 0x00000194648c2800 nmethod 11859 0x000001944e27d210 code [0x000001944e27d520, 0x000001944e27e938]
Event: 14.322 Thread 0x00000194648c2800 11860       2       com.android.tools.r8.code.a::a (1 bytes)
Event: 14.323 Thread 0x00000194648c2800 nmethod 11860 0x000001944e191190 code [0x000001944e191340, 0x000001944e191438]
Event: 14.331 Thread 0x000001946604c800 nmethod 11801 0x000001945595d010 code [0x000001945595d2c0, 0x000001945595dd68]
Event: 14.331 Thread 0x000001946604c800 11811       4       com.android.tools.r8.graph.R0::c (11 bytes)
Event: 14.339 Thread 0x00000194648c2800 11864       2       com.android.tools.r8.code.d2::a (1 bytes)
Event: 14.339 Thread 0x00000194648c2800 nmethod 11864 0x000001944e190e10 code [0x000001944e190fc0, 0x000001944e1910b8]
Event: 14.341 Thread 0x000001946604c800 nmethod 11811 0x000001945595e990 code [0x000001945595eb80, 0x000001945595ef48]
Event: 14.341 Thread 0x000001946604c800 11800       4       com.android.tools.r8.graph.O::t (36 bytes)
Event: 14.342 Thread 0x00000194648c2800 11865       2       com.android.tools.r8.code.f0::a (1 bytes)
Event: 14.343 Thread 0x00000194648c2800 nmethod 11865 0x000001944e190a90 code [0x000001944e190c40, 0x000001944e190d38]

GC Heap History (20 events):
Event: 12.474 GC heap after
{Heap after GC invocations=22 (full 0):
 garbage-first heap   total 240640K, used 155437K [0x0000000080000000, 0x0000000100000000)
  region size 1024K, 3 young (3072K), 3 survivors (3072K)
 Metaspace       used 84283K, capacity 86404K, committed 86988K, reserved 1124352K
  class space    used 11080K, capacity 11850K, committed 12032K, reserved 1048576K
}
Event: 12.713 GC heap before
{Heap before GC invocations=22 (full 0):
 garbage-first heap   total 240640K, used 196397K [0x0000000080000000, 0x0000000100000000)
  region size 1024K, 39 young (39936K), 3 survivors (3072K)
 Metaspace       used 84363K, capacity 86497K, committed 87372K, reserved 1124352K
  class space    used 11076K, capacity 11855K, committed 12160K, reserved 1048576K
}
Event: 12.720 GC heap after
{Heap after GC invocations=23 (full 0):
 garbage-first heap   total 288768K, used 164495K [0x0000000080000000, 0x0000000100000000)
  region size 1024K, 5 young (5120K), 5 survivors (5120K)
 Metaspace       used 84363K, capacity 86497K, committed 87372K, reserved 1124352K
  class space    used 11076K, capacity 11855K, committed 12160K, reserved 1048576K
}
Event: 12.814 GC heap before
{Heap before GC invocations=24 (full 0):
 garbage-first heap   total 288768K, used 179855K [0x0000000080000000, 0x0000000100000000)
  region size 1024K, 20 young (20480K), 5 survivors (5120K)
 Metaspace       used 84417K, capacity 86565K, committed 87372K, reserved 1124352K
  class space    used 11077K, capacity 11856K, committed 12160K, reserved 1048576K
}
Event: 12.821 GC heap after
{Heap after GC invocations=25 (full 0):
 garbage-first heap   total 288768K, used 168406K [0x0000000080000000, 0x0000000100000000)
  region size 1024K, 7 young (7168K), 7 survivors (7168K)
 Metaspace       used 84417K, capacity 86565K, committed 87372K, reserved 1124352K
  class space    used 11077K, capacity 11856K, committed 12160K, reserved 1048576K
}
Event: 13.283 GC heap before
{Heap before GC invocations=26 (full 0):
 garbage-first heap   total 288768K, used 218582K [0x0000000080000000, 0x0000000100000000)
  region size 1024K, 49 young (50176K), 7 survivors (7168K)
 Metaspace       used 84759K, capacity 86935K, committed 87628K, reserved 1124352K
  class space    used 11113K, capacity 11903K, committed 12160K, reserved 1048576K
}
Event: 13.286 GC heap after
{Heap after GC invocations=27 (full 0):
 garbage-first heap   total 288768K, used 163452K [0x0000000080000000, 0x0000000100000000)
  region size 1024K, 1 young (1024K), 1 survivors (1024K)
 Metaspace       used 84759K, capacity 86935K, committed 87628K, reserved 1124352K
  class space    used 11113K, capacity 11903K, committed 12160K, reserved 1048576K
}
Event: 13.397 GC heap before
{Heap before GC invocations=27 (full 0):
 garbage-first heap   total 288768K, used 197244K [0x0000000080000000, 0x0000000100000000)
  region size 1024K, 14 young (14336K), 1 survivors (1024K)
 Metaspace       used 84928K, capacity 87173K, committed 87628K, reserved 1124352K
  class space    used 11137K, capacity 11953K, committed 12160K, reserved 1048576K
}
Event: 13.401 GC heap after
{Heap after GC invocations=28 (full 0):
 garbage-first heap   total 288768K, used 181311K [0x0000000080000000, 0x0000000100000000)
  region size 1024K, 2 young (2048K), 2 survivors (2048K)
 Metaspace       used 84928K, capacity 87173K, committed 87628K, reserved 1124352K
  class space    used 11137K, capacity 11953K, committed 12160K, reserved 1048576K
}
Event: 13.412 GC heap before
{Heap before GC invocations=28 (full 0):
 garbage-first heap   total 288768K, used 184383K [0x0000000080000000, 0x0000000100000000)
  region size 1024K, 6 young (6144K), 2 survivors (2048K)
 Metaspace       used 84928K, capacity 87173K, committed 87628K, reserved 1124352K
  class space    used 11137K, capacity 11953K, committed 12160K, reserved 1048576K
}
Event: 13.416 GC heap after
{Heap after GC invocations=29 (full 0):
 garbage-first heap   total 288768K, used 183227K [0x0000000080000000, 0x0000000100000000)
  region size 1024K, 4 young (4096K), 4 survivors (4096K)
 Metaspace       used 84928K, capacity 87173K, committed 87628K, reserved 1124352K
  class space    used 11137K, capacity 11953K, committed 12160K, reserved 1048576K
}
Event: 13.556 GC heap before
{Heap before GC invocations=29 (full 0):
 garbage-first heap   total 288768K, used 215995K [0x0000000080000000, 0x0000000100000000)
  region size 1024K, 36 young (36864K), 4 survivors (4096K)
 Metaspace       used 84931K, capacity 87173K, committed 87628K, reserved 1124352K
  class space    used 11138K, capacity 11953K, committed 12160K, reserved 1048576K
}
Event: 13.575 GC heap after
{Heap after GC invocations=30 (full 0):
 garbage-first heap   total 288768K, used 198253K [0x0000000080000000, 0x0000000100000000)
  region size 1024K, 5 young (5120K), 5 survivors (5120K)
 Metaspace       used 84931K, capacity 87173K, committed 87628K, reserved 1124352K
  class space    used 11138K, capacity 11953K, committed 12160K, reserved 1048576K
}
Event: 13.808 GC heap before
{Heap before GC invocations=31 (full 0):
 garbage-first heap   total 288768K, used 203373K [0x0000000080000000, 0x0000000100000000)
  region size 1024K, 31 young (31744K), 5 survivors (5120K)
 Metaspace       used 84935K, capacity 87173K, committed 87628K, reserved 1124352K
  class space    used 11138K, capacity 11953K, committed 12160K, reserved 1048576K
}
Event: 13.830 GC heap after
{Heap after GC invocations=32 (full 0):
 garbage-first heap   total 288768K, used 194139K [0x0000000080000000, 0x0000000100000000)
  region size 1024K, 4 young (4096K), 4 survivors (4096K)
 Metaspace       used 84935K, capacity 87173K, committed 87628K, reserved 1124352K
  class space    used 11138K, capacity 11953K, committed 12160K, reserved 1048576K
}
Event: 13.902 GC heap before
{Heap before GC invocations=32 (full 0):
 garbage-first heap   total 288768K, used 204379K [0x0000000080000000, 0x0000000100000000)
  region size 1024K, 14 young (14336K), 4 survivors (4096K)
 Metaspace       used 84935K, capacity 87173K, committed 87628K, reserved 1124352K
  class space    used 11138K, capacity 11953K, committed 12160K, reserved 1048576K
}
Event: 13.916 GC heap after
{Heap after GC invocations=33 (full 0):
 garbage-first heap   total 288768K, used 190427K [0x0000000080000000, 0x0000000100000000)
  region size 1024K, 2 young (2048K), 2 survivors (2048K)
 Metaspace       used 84935K, capacity 87173K, committed 87628K, reserved 1124352K
  class space    used 11138K, capacity 11953K, committed 12160K, reserved 1048576K
}
Event: 14.073 GC heap before
{Heap before GC invocations=33 (full 0):
 garbage-first heap   total 288768K, used 219099K [0x0000000080000000, 0x0000000100000000)
  region size 1024K, 30 young (30720K), 2 survivors (2048K)
 Metaspace       used 85004K, capacity 87237K, committed 87628K, reserved 1124352K
  class space    used 11156K, capacity 11980K, committed 12160K, reserved 1048576K
}
Event: 14.087 GC heap after
{Heap after GC invocations=34 (full 0):
 garbage-first heap   total 288768K, used 205184K [0x0000000080000000, 0x0000000100000000)
  region size 1024K, 4 young (4096K), 4 survivors (4096K)
 Metaspace       used 85004K, capacity 87237K, committed 87628K, reserved 1124352K
  class space    used 11156K, capacity 11980K, committed 12160K, reserved 1048576K
}
Event: 14.356 GC heap before
{Heap before GC invocations=35 (full 0):
 garbage-first heap   total 288768K, used 192896K [0x0000000080000000, 0x0000000100000000)
  region size 1024K, 27 young (27648K), 4 survivors (4096K)
 Metaspace       used 85011K, capacity 87237K, committed 87628K, reserved 1124352K
  class space    used 11156K, capacity 11980K, committed 12160K, reserved 1048576K
}

Deoptimization events (20 events):
Event: 14.159 Thread 0x000001946a87c800 DEOPT PACKING pc=0x00000194552e8518 sp=0x00000085d37fd200
Event: 14.159 Thread 0x000001946a87c800 DEOPT UNPACKING pc=0x000001944d7774af sp=0x00000085d37fd1c0 mode 2
Event: 14.159 Thread 0x000001946a87c800 Uncommon trap: trap_request=0xffffffde fr.pc=0x00000194552e8518 relative=0x0000000000000298
Event: 14.159 Thread 0x000001946a87c800 Uncommon trap: reason=class_check action=maybe_recompile pc=0x00000194552e8518 method=com.android.tools.r8.graph.R0.c(Lcom/android/tools/r8/graph/f0;)Lcom/android/tools/r8/graph/f0; @ 7 c2
Event: 14.159 Thread 0x000001946a87c800 DEOPT PACKING pc=0x00000194552e8518 sp=0x00000085d37fd200
Event: 14.159 Thread 0x000001946a87c800 DEOPT UNPACKING pc=0x000001944d7774af sp=0x00000085d37fd1c0 mode 2
Event: 14.159 Thread 0x000001946a87c800 Uncommon trap: trap_request=0xffffffde fr.pc=0x00000194552e8518 relative=0x0000000000000298
Event: 14.159 Thread 0x000001946a87c800 Uncommon trap: reason=class_check action=maybe_recompile pc=0x00000194552e8518 method=com.android.tools.r8.graph.R0.c(Lcom/android/tools/r8/graph/f0;)Lcom/android/tools/r8/graph/f0; @ 7 c2
Event: 14.159 Thread 0x000001946a87c800 DEOPT PACKING pc=0x00000194552e8518 sp=0x00000085d37fd200
Event: 14.159 Thread 0x000001946a87c800 DEOPT UNPACKING pc=0x000001944d7774af sp=0x00000085d37fd1c0 mode 2
Event: 14.191 Thread 0x000001946a87c800 Uncommon trap: trap_request=0xffffff7e fr.pc=0x00000194559484ac relative=0x000000000000042c
Event: 14.191 Thread 0x000001946a87c800 Uncommon trap: reason=predicate action=maybe_recompile pc=0x00000194559484ac method=com.android.tools.r8.graph.O.a(Lcom/android/tools/r8/dex/v;Lcom/android/tools/r8/graph/M1;Lcom/android/tools/r8/graph/R0;Lcom/android/tools/r8/ir/conversion/W;)V @ 249 c2
Event: 14.191 Thread 0x000001946a87c800 DEOPT PACKING pc=0x00000194559484ac sp=0x00000085d37fd2b0
Event: 14.191 Thread 0x000001946a87c800 DEOPT UNPACKING pc=0x000001944d7774af sp=0x00000085d37fd288 mode 2
Event: 14.193 Thread 0x000001946a87c800 DEOPT PACKING pc=0x000001944dfe2c29 sp=0x00000085d37fd4e0
Event: 14.193 Thread 0x000001946a87c800 DEOPT UNPACKING pc=0x000001944d7772ce sp=0x00000085d37fc988 mode 0
Event: 14.311 Thread 0x000001946a87c800 Uncommon trap: trap_request=0xffffff7e fr.pc=0x000001945595abec relative=0x000000000000264c
Event: 14.311 Thread 0x000001946a87c800 Uncommon trap: reason=predicate action=maybe_recompile pc=0x000001945595abec method=com.android.tools.r8.graph.O.a(Lcom/android/tools/r8/dex/v;Lcom/android/tools/r8/graph/M1;Lcom/android/tools/r8/graph/R0;Lcom/android/tools/r8/ir/conversion/W;)V @ 249 c2
Event: 14.311 Thread 0x000001946a87c800 DEOPT PACKING pc=0x000001945595abec sp=0x00000085d37fd2a0
Event: 14.311 Thread 0x000001946a87c800 DEOPT UNPACKING pc=0x000001944d7774af sp=0x00000085d37fd2b8 mode 2

Classes redefined (0 events):
No events

Internal exceptions (20 events):
Event: 11.263 Thread 0x000001946a87f800 Exception <a 'java/lang/NoSuchMethodError'{0x000000008cc83078}: 'void java.lang.invoke.DirectMethodHandle$Holder.invokeSpecial(java.lang.Object, java.lang.Object, int, java.lang.Object)'> (0x000000008cc83078) thrown at [./src/hotspot/share/interpreter/linkResolver.cpp, line 773]
Event: 11.263 Thread 0x000001946a880800 Exception <a 'java/lang/NoSuchMethodError'{0x000000008d1d2b80}: 'void java.lang.invoke.DirectMethodHandle$Holder.invokeSpecial(java.lang.Object, java.lang.Object, int, java.lang.Object)'> (0x000000008d1d2b80) thrown at [./src/hotspot/share/interpreter/linkResolver.cpp, line 773]
Event: 11.263 Thread 0x000001946a87c800 Exception <a 'java/lang/NoSuchMethodError'{0x000000008d1e1fb0}: 'void java.lang.invoke.DirectMethodHandle$Holder.invokeSpecial(java.lang.Object, java.lang.Object, int, java.lang.Object)'> (0x000000008d1e1fb0) thrown at [./src/hotspot/share/interpreter/linkResolver.cpp, line 773]
Event: 11.263 Thread 0x000001946a87f000 Exception <a 'java/lang/NoSuchMethodError'{0x000000008d1efc80}: 'void java.lang.invoke.DirectMethodHandle$Holder.invokeSpecial(java.lang.Object, java.lang.Object, int, java.lang.Object)'> (0x000000008d1efc80) thrown at [./src/hotspot/share/interpreter/linkResolver.cpp, line 773]
Event: 11.360 Thread 0x000001946a876000 Exception <a 'java/lang/NoSuchMethodError'{0x000000008c28dd48}: 'java.lang.Object java.lang.invoke.DirectMethodHandle$Holder.invokeSpecial(java.lang.Object, java.lang.Object, java.lang.Object, java.lang.Object, java.lang.Object, java.lang.Object, java.lang.Object, java.lang.Object, java.lang.Object, java.lang.Object)'> (0x000000008c28dd48) thrown at [./src/hotspot/share/interpreter/linkResolver.cpp, line 773]
Event: 11.362 Thread 0x000001946a876000 Exception <a 'java/lang/NoSuchMethodError'{0x000000008c291e38}: 'java.lang.Object java.lang.invoke.Invokers$Holder.linkToTargetMethod(java.lang.Object, java.lang.Object, java.lang.Object, java.lang.Object, java.lang.Object, java.lang.Object, java.lang.Object, java.lang.Object, java.lang.Object)'> (0x000000008c291e38) thrown at [./src/hotspot/share/interpreter/linkResolver.cpp, line 773]
Event: 11.364 Thread 0x000001946a876000 Exception <a 'java/lang/NoSuchMethodError'{0x000000008c2a8888}: 'java.lang.Object java.lang.invoke.DirectMethodHandle$Holder.invokeStatic(java.lang.Object, long)'> (0x000000008c2a8888) thrown at [./src/hotspot/share/interpreter/linkResolver.cpp, line 773]
Event: 11.364 Thread 0x000001946a876000 Exception <a 'java/lang/NoSuchMethodError'{0x000000008c2aec08}: 'java.lang.Object java.lang.invoke.Invokers$Holder.linkToTargetMethod(long, java.lang.Object)'> (0x000000008c2aec08) thrown at [./src/hotspot/share/interpreter/linkResolver.cpp, line 773]
Event: 11.430 Thread 0x000001946a87f000 Implicit null exception at 0x00000194557fa2d7 to 0x00000194557fae68
Event: 11.430 Thread 0x000001946a882000 Implicit null exception at 0x00000194557fa2d7 to 0x00000194557fae68
Event: 11.430 Thread 0x000001946a881800 Implicit null exception at 0x00000194557fa2d7 to 0x00000194557fae68
Event: 12.871 Thread 0x000001946a87f000 Implicit null exception at 0x00000194558c5f12 to 0x00000194558c627a
Event: 12.915 Thread 0x000001946a87f000 Exception <a 'java/lang/NoSuchMethodError'{0x000000008fe9a580}: 'void java.lang.invoke.DirectMethodHandle$Holder.invokeVirtual(java.lang.Object, java.lang.Object, int)'> (0x000000008fe9a580) thrown at [./src/hotspot/share/interpreter/linkResolver.cpp, line 773]
Event: 13.266 Thread 0x000001946a87f000 Exception <a 'sun/nio/fs/WindowsException'{0x000000008df7d9d0}> (0x000000008df7d9d0) thrown at [./src/hotspot/share/prims/jni.cpp, line 615]
Event: 13.318 Thread 0x0000019467557000 Exception <a 'java/lang/NoSuchMethodError'{0x00000000919ad848}: <clinit>> (0x00000000919ad848) thrown at [./src/hotspot/share/prims/jni.cpp, line 1362]
Event: 13.335 Thread 0x000001946a9ee000 Exception <a 'java/lang/NoSuchMethodError'{0x0000000091857ec8}: <clinit>> (0x0000000091857ec8) thrown at [./src/hotspot/share/prims/jni.cpp, line 1362]
Event: 13.372 Thread 0x000001946a87c800 Exception <a 'sun/nio/fs/WindowsException'{0x00000000916ca620}> (0x00000000916ca620) thrown at [./src/hotspot/share/prims/jni.cpp, line 615]
Event: 13.508 Thread 0x000001946a87f000 Implicit null exception at 0x00000194557c8d2a to 0x00000194557c932c
Event: 13.508 Thread 0x000001946a881800 Implicit null exception at 0x00000194557c8d2a to 0x00000194557c932c
Event: 13.866 Thread 0x000001946a880800 Implicit null exception at 0x0000019455439f40 to 0x0000019455439f84

Events (20 events):
Event: 14.047 loading class com/android/tools/r8/graph/e0
Event: 14.047 loading class com/android/tools/r8/ir/conversion/T done
Event: 14.047 loading class com/android/tools/r8/graph/e0 done
Event: 14.047 loading class com/android/tools/r8/ir/conversion/T
Event: 14.047 loading class com/android/tools/r8/ir/conversion/T done
Event: 14.047 loading class com/android/tools/r8/ir/optimize/info/m
Event: 14.047 loading class com/android/tools/r8/ir/optimize/info/m done
Event: 14.047 loading class com/android/tools/r8/ir/optimize/info/m
Event: 14.047 loading class com/android/tools/r8/ir/optimize/info/m done
Event: 14.052 Executing VM operation: RevokeBias
Event: 14.052 Executing VM operation: RevokeBias done
Event: 14.072 Executing VM operation: G1CollectForAllocation
Event: 14.087 Executing VM operation: G1CollectForAllocation done
Event: 14.096 Executing VM operation: RevokeBias
Event: 14.097 Executing VM operation: RevokeBias done
Event: 14.242 Executing VM operation: CGC_Operation
Event: 14.250 Executing VM operation: CGC_Operation done
Event: 14.323 Executing VM operation: CGC_Operation
Event: 14.324 Executing VM operation: CGC_Operation done
Event: 14.356 Executing VM operation: G1CollectForAllocation


Dynamic libraries:
0x00007ff766520000 - 0x00007ff76652a000 	C:\Program Files\Android\Android Studio\jre\bin\java.exe
0x00007ffa0fa50000 - 0x00007ffa0fc45000 	C:\WINDOWS\SYSTEM32\ntdll.dll
0x00007ffa0e2b0000 - 0x00007ffa0e36d000 	C:\WINDOWS\System32\KERNEL32.DLL
0x00007ffa0d420000 - 0x00007ffa0d6e9000 	C:\WINDOWS\System32\KERNELBASE.dll
0x00007ffa0d280000 - 0x00007ffa0d380000 	C:\WINDOWS\System32\ucrtbase.dll
0x00007ff9f7db0000 - 0x00007ff9f7dc9000 	C:\Program Files\Android\Android Studio\jre\bin\jli.dll
0x00007ff9f94f0000 - 0x00007ff9f9507000 	C:\Program Files\Android\Android Studio\jre\bin\VCRUNTIME140.dll
0x00007ffa0f7b0000 - 0x00007ffa0f950000 	C:\WINDOWS\System32\USER32.dll
0x00007ffa0d980000 - 0x00007ffa0d9a2000 	C:\WINDOWS\System32\win32u.dll
0x00007ff9fab50000 - 0x00007ff9fadea000 	C:\WINDOWS\WinSxS\amd64_microsoft.windows.common-controls_6595b64144ccf1df_6.0.19041.1110_none_60b5254171f9507e\COMCTL32.dll
0x00007ffa0f950000 - 0x00007ffa0f97a000 	C:\WINDOWS\System32\GDI32.dll
0x00007ffa0ef70000 - 0x00007ffa0f00e000 	C:\WINDOWS\System32\msvcrt.dll
0x00007ffa0d9b0000 - 0x00007ffa0dabb000 	C:\WINDOWS\System32\gdi32full.dll
0x00007ffa0d380000 - 0x00007ffa0d41d000 	C:\WINDOWS\System32\msvcp_win.dll
0x00007ffa0e430000 - 0x00007ffa0e460000 	C:\WINDOWS\System32\IMM32.DLL
0x00007ff9ea1d0000 - 0x00007ff9ea26d000 	C:\Program Files\Android\Android Studio\jre\bin\msvcp140.dll
0x00007ff9db280000 - 0x00007ff9dbd3c000 	C:\Program Files\Android\Android Studio\jre\bin\server\jvm.dll
0x00007ffa0dac0000 - 0x00007ffa0db6c000 	C:\WINDOWS\System32\ADVAPI32.dll
0x00007ffa0f5e0000 - 0x00007ffa0f67b000 	C:\WINDOWS\System32\sechost.dll
0x00007ffa0f680000 - 0x00007ffa0f7aa000 	C:\WINDOWS\System32\RPCRT4.dll
0x00007ffa0e370000 - 0x00007ffa0e378000 	C:\WINDOWS\System32\PSAPI.DLL
0x00007ffa07210000 - 0x00007ffa07219000 	C:\WINDOWS\SYSTEM32\WSOCK32.dll
0x00007ff9fdc80000 - 0x00007ff9fdca7000 	C:\WINDOWS\SYSTEM32\WINMM.dll
0x00007ffa0f980000 - 0x00007ffa0f9eb000 	C:\WINDOWS\System32\WS2_32.dll
0x00007ffa052b0000 - 0x00007ffa052ba000 	C:\WINDOWS\SYSTEM32\VERSION.dll
0x00007ffa0b0e0000 - 0x00007ffa0b0f2000 	C:\WINDOWS\SYSTEM32\kernel.appcore.dll
0x00007ffa00370000 - 0x00007ffa00381000 	C:\Program Files\Android\Android Studio\jre\bin\verify.dll
0x00007ffa07a80000 - 0x00007ffa07c64000 	C:\WINDOWS\SYSTEM32\DBGHELP.DLL
0x00007ffa079e0000 - 0x00007ffa07a0c000 	C:\WINDOWS\SYSTEM32\dbgcore.DLL
0x00007ffa0d190000 - 0x00007ffa0d213000 	C:\WINDOWS\System32\bcryptPrimitives.dll
0x00007ff9ffed0000 - 0x00007ff9ffef9000 	C:\Program Files\Android\Android Studio\jre\bin\java.dll
0x00007ffa07140000 - 0x00007ffa0714b000 	C:\Program Files\Android\Android Studio\jre\bin\jimage.dll
0x00007ff9ff140000 - 0x00007ff9ff158000 	C:\Program Files\Android\Android Studio\jre\bin\zip.dll
0x00007ffa0e520000 - 0x00007ffa0ec5f000 	C:\WINDOWS\System32\SHELL32.dll
0x00007ffa0b2e0000 - 0x00007ffa0ba71000 	C:\WINDOWS\SYSTEM32\windows.storage.dll
0x00007ffa0f160000 - 0x00007ffa0f4b5000 	C:\WINDOWS\System32\combase.dll
0x00007ffa0cb30000 - 0x00007ffa0cb5c000 	C:\WINDOWS\SYSTEM32\Wldp.dll
0x00007ffa0e380000 - 0x00007ffa0e42e000 	C:\WINDOWS\System32\SHCORE.dll
0x00007ffa0ef10000 - 0x00007ffa0ef65000 	C:\WINDOWS\System32\shlwapi.dll
0x00007ffa0d0d0000 - 0x00007ffa0d0ef000 	C:\WINDOWS\SYSTEM32\profapi.dll
0x00007ff9fe560000 - 0x00007ff9fe57a000 	C:\Program Files\Android\Android Studio\jre\bin\net.dll
0x00007ffa06860000 - 0x00007ffa0696a000 	C:\WINDOWS\SYSTEM32\WINHTTP.dll
0x00007ffa0c890000 - 0x00007ffa0c8fa000 	C:\WINDOWS\system32\mswsock.dll
0x00007ff9fb000000 - 0x00007ff9fb014000 	C:\Program Files\Android\Android Studio\jre\bin\nio.dll
0x00007ff9f9510000 - 0x00007ff9f9536000 	C:\Users\ThuyPC\.gradle\native\fdc75f09e3144964f2cf3f50f0aa648679c211496f362492102eb8c894070792\windows-amd64\native-platform.dll
0x00007ff9dd2c0000 - 0x00007ff9dd451000 	C:\Users\ThuyPC\.gradle\native\12488b8bf47d2d4c9fbf2f6322a914ad602e24e48041cd04a747c6da556b65c4\windows-amd64\native-platform-file-events.dll
0x00007ffa01e10000 - 0x00007ffa01e1a000 	C:\Program Files\Android\Android Studio\jre\bin\management.dll
0x00007ffa01bc0000 - 0x00007ffa01bcc000 	C:\Program Files\Android\Android Studio\jre\bin\management_ext.dll
0x00007ffa0ca70000 - 0x00007ffa0ca88000 	C:\WINDOWS\SYSTEM32\CRYPTSP.dll
0x00007ffa0c230000 - 0x00007ffa0c264000 	C:\WINDOWS\system32\rsaenh.dll
0x00007ffa0d6f0000 - 0x00007ffa0d717000 	C:\WINDOWS\System32\bcrypt.dll
0x00007ffa0d090000 - 0x00007ffa0d0be000 	C:\WINDOWS\SYSTEM32\USERENV.dll
0x00007ffa0ca90000 - 0x00007ffa0ca9c000 	C:\WINDOWS\SYSTEM32\CRYPTBASE.dll
0x00007ffa0c580000 - 0x00007ffa0c5bb000 	C:\WINDOWS\SYSTEM32\IPHLPAPI.DLL
0x00007ffa0ee20000 - 0x00007ffa0ee28000 	C:\WINDOWS\System32\NSI.dll
0x00007ffa07f30000 - 0x00007ffa07f47000 	C:\WINDOWS\SYSTEM32\dhcpcsvc6.DLL
0x00007ffa08480000 - 0x00007ffa0849d000 	C:\WINDOWS\SYSTEM32\dhcpcsvc.DLL
0x00007ffa0c5c0000 - 0x00007ffa0c68c000 	C:\WINDOWS\SYSTEM32\DNSAPI.dll
0x00007ffa08640000 - 0x00007ffa0864b000 	C:\WINDOWS\SYSTEM32\WINNSI.DLL

dbghelp: loaded successfully - version: 4.0.5 - missing functions: none
symbol engine: initialized successfully - sym options: 0x614 - pdb path: .;C:\Program Files\Android\Android Studio\jre\bin;C:\WINDOWS\SYSTEM32;C:\WINDOWS\WinSxS\amd64_microsoft.windows.common-controls_6595b64144ccf1df_6.0.19041.1110_none_60b5254171f9507e;C:\Program Files\Android\Android Studio\jre\bin\server;C:\Users\ThuyPC\.gradle\native\fdc75f09e3144964f2cf3f50f0aa648679c211496f362492102eb8c894070792\windows-amd64;C:\Users\ThuyPC\.gradle\native\12488b8bf47d2d4c9fbf2f6322a914ad602e24e48041cd04a747c6da556b65c4\windows-amd64

VM Arguments:
jvm_args: --add-opens=java.base/java.util=ALL-UNNAMED --add-opens=java.base/java.lang=ALL-UNNAMED --add-opens=java.base/java.lang.invoke=ALL-UNNAMED --add-opens=java.prefs/java.util.prefs=ALL-UNNAMED -Xmx2048m -Dfile.encoding=UTF-8 -Duser.country=US -Duser.language=en -Duser.variant 
java_command: org.gradle.launcher.daemon.bootstrap.GradleDaemon 6.7.1
java_class_path (initial): C:\Users\ThuyPC\.gradle\wrapper\dists\gradle-6.7.1-bin\bwlcbys1h7rz3272sye1xwiv6\gradle-6.7.1\lib\gradle-launcher-6.7.1.jar
Launcher Type: SUN_STANDARD

[Global flags]
     intx CICompilerCount                          = 4                                         {product} {ergonomic}
     uint ConcGCThreads                            = 2                                         {product} {ergonomic}
     uint G1ConcRefinementThreads                  = 8                                         {product} {ergonomic}
   size_t G1HeapRegionSize                         = 1048576                                   {product} {ergonomic}
    uintx GCDrainStackTargetSize                   = 64                                        {product} {ergonomic}
   size_t InitialHeapSize                          = 234881024                                 {product} {ergonomic}
   size_t MarkStackSize                            = 4194304                                   {product} {ergonomic}
   size_t MaxHeapSize                              = 2147483648                                {product} {command line}
   size_t MaxNewSize                               = 1287651328                                {product} {ergonomic}
   size_t MinHeapDeltaBytes                        = 1048576                                   {product} {ergonomic}
    uintx NonNMethodCodeHeapSize                   = 5836300                                {pd product} {ergonomic}
    uintx NonProfiledCodeHeapSize                  = 122910970                              {pd product} {ergonomic}
    uintx ProfiledCodeHeapSize                     = 122910970                              {pd product} {ergonomic}
    uintx ReservedCodeCacheSize                    = 251658240                              {pd product} {ergonomic}
     bool SegmentedCodeCache                       = true                                      {product} {ergonomic}
     bool UseCompressedClassPointers               = true                                 {lp64_product} {ergonomic}
     bool UseCompressedOops                        = true                                 {lp64_product} {ergonomic}
     bool UseG1GC                                  = true                                      {product} {ergonomic}
     bool UseLargePagesIndividualAllocation        = false                                  {pd product} {ergonomic}

Logging:
Log output configuration:
 #0: stdout all=warning uptime,level,tags
 #1: stderr all=off uptime,level,tags

Environment Variables:
PATH=C:\Program Files\Common Files\Oracle\Java\javapath;C:\WINDOWS\system32;C:\WINDOWS;C:\WINDOWS\System32\Wbem;C:\WINDOWS\System32\WindowsPowerShell\v1.0\;C:\WINDOWS\System32\OpenSSH\;C:\Program Files\Git\cmd;C:\Program Files\Git\cmd;C:\Program Files\nodejs\;C:\Program Files\Go\bin;C:\Users\ThuyPC\AppData\Local\Microsoft\WindowsApps;C:\Users\ThuyPC\Downloads\flutter\bin;;C:\Users\ThuyPC\AppData\Local\Programs\Microsoft VS Code\bin;C:\Users\ThuyPC\AppData\Roaming\npm;C:\Users\ThuyPC\go\bin
USERNAME=ThuyPC
OS=Windows_NT
PROCESSOR_IDENTIFIER=AMD64 Family 23 Model 24 Stepping 1, AuthenticAMD



---------------  S Y S T E M  ---------------

OS: Windows 10 , 64 bit Build 19041 (10.0.19041.1023)
OS uptime: 80 days 13:12 hours

CPU:total 8 (initial active 8) (8 cores per cpu, 2 threads per core) family 23 model 24 stepping 1, cmov, cx8, fxsr, mmx, sse, sse2, sse3, ssse3, sse4.1, sse4.2, popcnt, avx, avx2, aes, clmul, mmxext, 3dnowpref, lzcnt, sse4a, ht, tsc, tscinvbit, tscinv, bmi1, bmi2, adx, sha, fma

Memory: 4k page, system-wide physical 14267M (2560M free)
TotalPageFile size 28495M (AvailPageFile size 225M)
current process WorkingSet (physical memory assigned to process): 564M, peak: 566M
current process commit charge ("private bytes"): 604M, peak: 866M

vm_info: OpenJDK 64-Bit Server VM (11.0.8+10-b944.6842174) for windows-amd64 JRE (11.0.8+10-b944.6842174), built on Sep 19 2020 01:11:42 by "builder" with MS VC++ 14.0 (VS2015)

END.
