#
# There is insufficient memory for the Java Runtime Environment to continue.
# Native memory allocation (malloc) failed to allocate 1420336 bytes for Chunk::new
# Possible reasons:
#   The system is out of physical RAM or swap space
#   The process is running with CompressedOops enabled, and the Java Heap may be blocking the growth of the native heap
# Possible solutions:
#   Reduce memory load on the system
#   Increase physical memory or swap space
#   Check if swap backing store is full
#   Decrease Java heap size (-Xmx/-Xms)
#   Decrease number of Java threads
#   Decrease Java thread stack sizes (-Xss)
#   Set larger code cache with -XX:ReservedCodeCacheSize=
#   JVM is running with Unscaled Compressed Oops mode in which the Java heap is
#     placed in the first 4GB address space. The Java Heap base address is the
#     maximum limit for the native heap growth. Please use -XX:HeapBaseMinAddress
#     to set the Java Heap base and to place the Java Heap above 4GB virtual address.
# This output file may be truncated or incomplete.
#
#  Out of Memory Error (./src/hotspot/share/memory/arena.cpp:197), pid=7980, tid=13608
#
# JRE version: OpenJDK Runtime Environment (11.0.8+10) (build 11.0.8+10-b944.6842174)
# Java VM: OpenJDK 64-Bit Server VM (11.0.8+10-b944.6842174, mixed mode, tiered, compressed oops, g1 gc, windows-amd64)
# No core dump will be written. Minidumps are not enabled by default on client versions of Windows
#

---------------  S U M M A R Y ------------

Command Line: --add-opens=java.base/java.util=ALL-UNNAMED --add-opens=java.base/java.lang=ALL-UNNAMED --add-opens=java.base/java.lang.invoke=ALL-UNNAMED --add-opens=java.prefs/java.util.prefs=ALL-UNNAMED -Xmx2048m -Dfile.encoding=UTF-8 -Duser.country=US -Duser.language=en -Duser.variant org.gradle.launcher.daemon.bootstrap.GradleDaemon 6.7.1

Host: AMD Ryzen 5 3400G with Radeon Vega Graphics    , 8 cores, 13G,  Windows 10 , 64 bit Build 19041 (10.0.19041.1023)
Time: Wed Oct  6 13:07:00 2021 SE Asia Standard Time elapsed time: 11 seconds (0d 0h 0m 11s)

---------------  T H R E A D  ---------------

Current thread (0x00000259e9a1b000):  JavaThread "C2 CompilerThread1" daemon [_thread_in_native, id=13608, stack(0x0000008102d00000,0x0000008102e00000)]


Current CompileTask:
C2:  11336 10157       4       com.android.tools.r8.graph.r0::a (30 bytes)

Stack: [0x0000008102d00000,0x0000008102e00000]
Native frames: (J=compiled Java code, j=interpreted, Vv=VM code, C=native code)
V  [jvm.dll+0x5de50a]
V  [jvm.dll+0x7122f5]
V  [jvm.dll+0x71384d]
V  [jvm.dll+0x713f03]
V  [jvm.dll+0x23e728]
V  [jvm.dll+0xb899c]
V  [jvm.dll+0xb8e9c]
V  [jvm.dll+0x35024d]
V  [jvm.dll+0x193ebc]
V  [jvm.dll+0x1f780e]
V  [jvm.dll+0x1f68d4]
V  [jvm.dll+0x17f32c]
V  [jvm.dll+0x205047]
V  [jvm.dll+0x203891]
V  [jvm.dll+0x6dad3f]
V  [jvm.dll+0x6d3895]
V  [jvm.dll+0x5dd4a6]
C  [ucrtbase.dll+0x21bb2]
C  [KERNEL32.DLL+0x17034]
C  [ntdll.dll+0x52651]


---------------  P R O C E S S  ---------------

Threads class SMR info:
_java_thread_list=0x00000259f064b800, length=158, elements={
0x00000259ceb1f800, 0x00000259e8e59000, 0x00000259e8e46800, 0x00000259e8e55000,
0x00000259e96d2800, 0x00000259e96d3800, 0x00000259e96dc000, 0x00000259e96de000,
0x00000259e983d000, 0x00000259e9873800, 0x00000259e9a1b000, 0x00000259eabbb000,
0x00000259eac03000, 0x00000259eb655800, 0x00000259ec47e800, 0x00000259eb84c000,
0x00000259ebbea000, 0x00000259ea2fe800, 0x00000259eb327000, 0x00000259ebe2b800,
0x00000259ebffd800, 0x00000259eaa33000, 0x00000259ec466800, 0x00000259ec465800,
0x00000259ec467000, 0x00000259ec468000, 0x00000259ec468800, 0x00000259ec469800,
0x00000259ec46a800, 0x00000259ec464800, 0x00000259ec46b000, 0x00000259efac6800,
0x00000259efac7000, 0x00000259efac8000, 0x00000259efac9800, 0x00000259efaca800,
0x00000259efac4800, 0x00000259efacb000, 0x00000259efac5800, 0x00000259efacf800,
0x00000259efacd800, 0x00000259eface800, 0x00000259efad0000, 0x00000259efad1000,
0x00000259efad2000, 0x00000259efacc000, 0x00000259efacd000, 0x00000259efad2800,
0x00000259efad3800, 0x00000259edced000, 0x00000259edcef800, 0x00000259edceb000,
0x00000259edcea800, 0x00000259edcf1000, 0x00000259edcf0000, 0x00000259edcf1800,
0x00000259edcee800, 0x00000259edcec000, 0x00000259edcf2800, 0x00000259edcf3800,
0x00000259edced800, 0x00000259edcf7800, 0x00000259edcf6800, 0x00000259edcf6000,
0x00000259edcf9000, 0x00000259edcf8800, 0x00000259edcf4000, 0x00000259edcf5000,
0x00000259ed448000, 0x00000259ed44c800, 0x00000259ed44d000, 0x00000259ed44e000,
0x00000259ed44f000, 0x00000259ed449000, 0x00000259ed44f800, 0x00000259ed44b800,
0x00000259ed44a000, 0x00000259ed450800, 0x00000259ed44a800, 0x00000259ed451000,
0x00000259ed452000, 0x00000259ed453000, 0x00000259ed453800, 0x00000259ed454800,
0x00000259ed456000, 0x00000259ed455800, 0x00000259ed457000, 0x00000259f09ee000,
0x00000259f09ec800, 0x00000259f09eb000, 0x00000259f09ef000, 0x00000259f09f1800,
0x00000259f09ed800, 0x00000259f09f0000, 0x00000259f09f0800, 0x00000259f09eb800,
0x00000259f09f8000, 0x00000259f09f7000, 0x00000259f09f3000, 0x00000259f09f2000,
0x00000259f09f9000, 0x00000259f09f4800, 0x00000259f09f9800, 0x00000259f09f4000,
0x00000259f09f5800, 0x00000259f09f6800, 0x00000259edb24000, 0x00000259edb1f000,
0x00000259edb21800, 0x00000259edb20000, 0x00000259edb23800, 0x00000259edb21000,
0x00000259edb22800, 0x00000259edb1e800, 0x00000259edb27800, 0x00000259edb29000,
0x00000259edb25800, 0x00000259edb26800, 0x00000259edb28000, 0x00000259edb2a000,
0x00000259edb2a800, 0x00000259edb25000, 0x00000259edb2b800, 0x00000259edb2c000,
0x00000259edb2d000, 0x00000259ed89d800, 0x00000259ed8a2800, 0x00000259ed89f000,
0x00000259ed8a0000, 0x00000259ed8a4000, 0x00000259ed89e000, 0x00000259ed8a1800,
0x00000259ed8a3000, 0x00000259ed8a0800, 0x00000259edb54000, 0x00000259edb51000,
0x00000259edb52000, 0x00000259edb52800, 0x00000259edb53800, 0x00000259edb50000,
0x00000259edb4f800, 0x00000259edb5a000, 0x00000259edb59000, 0x00000259edb5a800,
0x00000259edb58800, 0x00000259edb55000, 0x00000259edb5b800, 0x00000259edb56000,
0x00000259edb56800, 0x00000259edb5c800, 0x00000259edb5d000, 0x00000259edb57800,
0x00000259e9ca4000, 0x00000259e9ca6800, 0x00000259e9ca9000, 0x00000259e9ca8000,
0x00000259e9ca9800, 0x00000259e9ca4800
}

Java Threads: ( => current thread )
  0x00000259ceb1f800 JavaThread "main" [_thread_blocked, id=19212, stack(0x0000008101c00000,0x0000008101d00000)]
  0x00000259e8e59000 JavaThread "Reference Handler" daemon [_thread_blocked, id=18204, stack(0x0000008102300000,0x0000008102400000)]
  0x00000259e8e46800 JavaThread "Finalizer" daemon [_thread_blocked, id=1108, stack(0x0000008102400000,0x0000008102500000)]
  0x00000259e8e55000 JavaThread "Signal Dispatcher" daemon [_thread_blocked, id=17608, stack(0x0000008102500000,0x0000008102600000)]
  0x00000259e96d2800 JavaThread "Attach Listener" daemon [_thread_blocked, id=19064, stack(0x0000008102600000,0x0000008102700000)]
  0x00000259e96d3800 JavaThread "C2 CompilerThread0" daemon [_thread_in_native, id=12032, stack(0x0000008102700000,0x0000008102800000)]
  0x00000259e96dc000 JavaThread "C1 CompilerThread0" daemon [_thread_blocked, id=17368, stack(0x0000008102800000,0x0000008102900000)]
  0x00000259e96de000 JavaThread "Sweeper thread" daemon [_thread_blocked, id=7872, stack(0x0000008102900000,0x0000008102a00000)]
  0x00000259e983d000 JavaThread "Common-Cleaner" daemon [_thread_blocked, id=4800, stack(0x0000008102a00000,0x0000008102b00000)]
  0x00000259e9873800 JavaThread "Service Thread" daemon [_thread_blocked, id=15972, stack(0x0000008102b00000,0x0000008102c00000)]
=>0x00000259e9a1b000 JavaThread "C2 CompilerThread1" daemon [_thread_in_native, id=13608, stack(0x0000008102d00000,0x0000008102e00000)]
  0x00000259eabbb000 JavaThread "C2 CompilerThread2" daemon [_thread_in_native, id=18132, stack(0x0000008103200000,0x0000008103300000)]
  0x00000259eac03000 JavaThread "Daemon health stats" [_thread_blocked, id=11040, stack(0x0000008103300000,0x0000008103400000)]
  0x00000259eb655800 JavaThread "Incoming local TCP Connector on port 54051" [_thread_in_native, id=4652, stack(0x0000008103600000,0x0000008103700000)]
  0x00000259ec47e800 JavaThread "Daemon periodic checks" [_thread_blocked, id=11228, stack(0x0000008103700000,0x0000008103800000)]
  0x00000259eb84c000 JavaThread "Daemon" [_thread_blocked, id=15892, stack(0x0000008103800000,0x0000008103900000)]
  0x00000259ebbea000 JavaThread "Handler for socket connection from /127.0.0.1:54051 to /127.0.0.1:54052" [_thread_in_native, id=15100, stack(0x0000008103900000,0x0000008103a00000)]
  0x00000259ea2fe800 JavaThread "Cancel handler" [_thread_blocked, id=5832, stack(0x0000008103a00000,0x0000008103b00000)]
  0x00000259eb327000 JavaThread "Daemon worker" [_thread_blocked, id=5980, stack(0x0000008103b00000,0x0000008103c00000)]
  0x00000259ebe2b800 JavaThread "Asynchronous log dispatcher for DefaultDaemonConnection: socket connection from /127.0.0.1:54051 to /127.0.0.1:54052" [_thread_blocked, id=14944, stack(0x0000008103c00000,0x0000008103d00000)]
  0x00000259ebffd800 JavaThread "Stdin handler" [_thread_blocked, id=13696, stack(0x0000008103d00000,0x0000008103e00000)]
  0x00000259eaa33000 JavaThread "Thread-8" [_thread_blocked, id=4872, stack(0x0000008103e00000,0x0000008103f00000)]
  0x00000259ec466800 JavaThread "Cache worker for file hash cache (C:\Users\ThuyPC\.gradle\caches\6.7.1\fileHashes)" [_thread_blocked, id=9868, stack(0x0000008103f00000,0x0000008104000000)]
  0x00000259ec465800 JavaThread "File lock request listener" [_thread_in_native, id=16568, stack(0x0000008104000000,0x0000008104100000)]
  0x00000259ec467000 JavaThread "Cache worker for journal cache (C:\Users\ThuyPC\.gradle\caches\journal-1)" [_thread_blocked, id=7428, stack(0x0000008104500000,0x0000008104600000)]
  0x00000259ec468000 JavaThread "Cache worker for file hash cache (C:\Users\ThuyPC\ChatAppJava\.gradle\6.7.1\fileHashes)" [_thread_blocked, id=16916, stack(0x0000008104600000,0x0000008104700000)]
  0x00000259ec468800 JavaThread "Cache worker for checksums cache (C:\Users\ThuyPC\ChatAppJava\.gradle\checksums)" [_thread_blocked, id=9764, stack(0x0000008104700000,0x0000008104800000)]
  0x00000259ec469800 JavaThread "Cache worker for cache directory md-supplier (C:\Users\ThuyPC\.gradle\caches\6.7.1\md-supplier)" [_thread_blocked, id=9084, stack(0x0000008104800000,0x0000008104900000)]
  0x00000259ec46a800 JavaThread "Cache worker for cache directory md-rule (C:\Users\ThuyPC\.gradle\caches\6.7.1\md-rule)" [_thread_blocked, id=14924, stack(0x0000008104900000,0x0000008104a00000)]
  0x00000259ec464800 JavaThread "Cache worker for execution history cache (C:\Users\ThuyPC\.gradle\caches\6.7.1\executionHistory)" [_thread_blocked, id=12604, stack(0x0000008104a00000,0x0000008104b00000)]
  0x00000259ec46b000 JavaThread "jar transforms" [_thread_blocked, id=13024, stack(0x0000008104b00000,0x0000008104c00000)]
  0x00000259efac6800 JavaThread "Cache worker for file content cache (C:\Users\ThuyPC\.gradle\caches\6.7.1\fileContent)" [_thread_blocked, id=19236, stack(0x0000008104c00000,0x0000008104d00000)]
  0x00000259efac7000 JavaThread "Cache worker for Build Output Cleanup Cache (C:\Users\ThuyPC\ChatAppJava\.gradle\buildOutputCleanup)" [_thread_blocked, id=15540, stack(0x0000008104d00000,0x0000008104e00000)]
  0x00000259efac8000 JavaThread "Build operations" [_thread_blocked, id=9200, stack(0x0000008104e00000,0x0000008104f00000)]
  0x00000259efac9800 JavaThread "Build operations Thread 2" [_thread_blocked, id=15348, stack(0x0000008104f00000,0x0000008105000000)]
  0x00000259efaca800 JavaThread "Build operations Thread 3" [_thread_blocked, id=820, stack(0x0000008105000000,0x0000008105100000)]
  0x00000259efac4800 JavaThread "Build operations Thread 4" [_thread_blocked, id=9924, stack(0x0000008105100000,0x0000008105200000)]
  0x00000259efacb000 JavaThread "Build operations Thread 5" [_thread_blocked, id=16948, stack(0x0000008105200000,0x0000008105300000)]
  0x00000259efac5800 JavaThread "Build operations Thread 6" [_thread_blocked, id=17892, stack(0x0000008105300000,0x0000008105400000)]
  0x00000259efacf800 JavaThread "Build operations Thread 7" [_thread_blocked, id=5612, stack(0x0000008105400000,0x0000008105500000)]
  0x00000259efacd800 JavaThread "Build operations Thread 8" [_thread_blocked, id=8480, stack(0x0000008105500000,0x0000008105600000)]
  0x00000259eface800 JavaThread "jar transforms Thread 2" [_thread_blocked, id=7364, stack(0x0000008105600000,0x0000008105700000)]
  0x00000259efad0000 JavaThread "jar transforms Thread 3" [_thread_blocked, id=11084, stack(0x0000008105700000,0x0000008105800000)]
  0x00000259efad1000 JavaThread "jar transforms Thread 4" [_thread_blocked, id=19440, stack(0x0000008105800000,0x0000008105900000)]
  0x00000259efad2000 JavaThread "jar transforms Thread 5" [_thread_blocked, id=10108, stack(0x0000008105900000,0x0000008105a00000)]
  0x00000259efacc000 JavaThread "jar transforms Thread 6" [_thread_blocked, id=1100, stack(0x0000008105a00000,0x0000008105b00000)]
  0x00000259efacd000 JavaThread "jar transforms Thread 7" [_thread_blocked, id=11636, stack(0x0000008105b00000,0x0000008105c00000)]
  0x00000259efad2800 JavaThread "jar transforms Thread 8" [_thread_blocked, id=13352, stack(0x0000008105c00000,0x0000008105d00000)]
  0x00000259efad3800 JavaThread "jar transforms Thread 9" [_thread_blocked, id=7504, stack(0x0000008105d00000,0x0000008105e00000)]
  0x00000259edced000 JavaThread "jar transforms Thread 10" [_thread_blocked, id=16220, stack(0x0000008105e00000,0x0000008105f00000)]
  0x00000259edcef800 JavaThread "jar transforms Thread 11" [_thread_blocked, id=19864, stack(0x0000008105f00000,0x0000008106000000)]
  0x00000259edceb000 JavaThread "jar transforms Thread 12" [_thread_blocked, id=9252, stack(0x0000008106000000,0x0000008106100000)]
  0x00000259edcea800 JavaThread "jar transforms Thread 13" [_thread_blocked, id=13816, stack(0x0000008106100000,0x0000008106200000)]
  0x00000259edcf1000 JavaThread "jar transforms Thread 14" [_thread_blocked, id=19696, stack(0x0000008106200000,0x0000008106300000)]
  0x00000259edcf0000 JavaThread "jar transforms Thread 15" [_thread_blocked, id=6132, stack(0x0000008106300000,0x0000008106400000)]
  0x00000259edcf1800 JavaThread "jar transforms Thread 16" [_thread_blocked, id=12664, stack(0x0000008106400000,0x0000008106500000)]
  0x00000259edcee800 JavaThread "jar transforms Thread 17" [_thread_blocked, id=20008, stack(0x0000008106500000,0x0000008106600000)]
  0x00000259edcec000 JavaThread "jar transforms Thread 18" [_thread_blocked, id=13212, stack(0x0000008106600000,0x0000008106700000)]
  0x00000259edcf2800 JavaThread "jar transforms Thread 19" [_thread_blocked, id=5048, stack(0x0000008106700000,0x0000008106800000)]
  0x00000259edcf3800 JavaThread "jar transforms Thread 20" [_thread_blocked, id=10396, stack(0x0000008106800000,0x0000008106900000)]
  0x00000259edced800 JavaThread "jar transforms Thread 21" [_thread_blocked, id=4836, stack(0x0000008106900000,0x0000008106a00000)]
  0x00000259edcf7800 JavaThread "jar transforms Thread 22" [_thread_blocked, id=12548, stack(0x0000008106a00000,0x0000008106b00000)]
  0x00000259edcf6800 JavaThread "jar transforms Thread 23" [_thread_blocked, id=13752, stack(0x0000008106b00000,0x0000008106c00000)]
  0x00000259edcf6000 JavaThread "jar transforms Thread 24" [_thread_blocked, id=6296, stack(0x0000008106c00000,0x0000008106d00000)]
  0x00000259edcf9000 JavaThread "jar transforms Thread 25" [_thread_blocked, id=19384, stack(0x0000008106d00000,0x0000008106e00000)]
  0x00000259edcf8800 JavaThread "jar transforms Thread 26" [_thread_blocked, id=19120, stack(0x0000008106e00000,0x0000008106f00000)]
  0x00000259edcf4000 JavaThread "jar transforms Thread 27" [_thread_blocked, id=4972, stack(0x0000008106f00000,0x0000008107000000)]
  0x00000259edcf5000 JavaThread "jar transforms Thread 28" [_thread_blocked, id=14412, stack(0x0000008107000000,0x0000008107100000)]
  0x00000259ed448000 JavaThread "jar transforms Thread 29" [_thread_blocked, id=16480, stack(0x0000008107100000,0x0000008107200000)]
  0x00000259ed44c800 JavaThread "jar transforms Thread 30" [_thread_blocked, id=17184, stack(0x0000008107200000,0x0000008107300000)]
  0x00000259ed44d000 JavaThread "jar transforms Thread 31" [_thread_blocked, id=4168, stack(0x0000008107300000,0x0000008107400000)]
  0x00000259ed44e000 JavaThread "jar transforms Thread 32" [_thread_blocked, id=6504, stack(0x0000008107400000,0x0000008107500000)]
  0x00000259ed44f000 JavaThread "jar transforms Thread 33" [_thread_blocked, id=16616, stack(0x0000008107500000,0x0000008107600000)]
  0x00000259ed449000 JavaThread "jar transforms Thread 34" [_thread_blocked, id=11968, stack(0x0000008107600000,0x0000008107700000)]
  0x00000259ed44f800 JavaThread "jar transforms Thread 35" [_thread_blocked, id=15380, stack(0x0000008107700000,0x0000008107800000)]
  0x00000259ed44b800 JavaThread "jar transforms Thread 36" [_thread_blocked, id=16292, stack(0x0000008107800000,0x0000008107900000)]
  0x00000259ed44a000 JavaThread "jar transforms Thread 37" [_thread_blocked, id=19840, stack(0x0000008107900000,0x0000008107a00000)]
  0x00000259ed450800 JavaThread "jar transforms Thread 38" [_thread_blocked, id=10696, stack(0x0000008107a00000,0x0000008107b00000)]
  0x00000259ed44a800 JavaThread "jar transforms Thread 39" [_thread_blocked, id=18036, stack(0x0000008107b00000,0x0000008107c00000)]
  0x00000259ed451000 JavaThread "jar transforms Thread 40" [_thread_blocked, id=18844, stack(0x0000008107c00000,0x0000008107d00000)]
  0x00000259ed452000 JavaThread "jar transforms Thread 41" [_thread_blocked, id=9308, stack(0x0000008107d00000,0x0000008107e00000)]
  0x00000259ed453000 JavaThread "jar transforms Thread 42" [_thread_blocked, id=19528, stack(0x0000008107e00000,0x0000008107f00000)]
  0x00000259ed453800 JavaThread "jar transforms Thread 43" [_thread_blocked, id=7140, stack(0x0000008107f00000,0x0000008108000000)]
  0x00000259ed454800 JavaThread "jar transforms Thread 44" [_thread_blocked, id=8188, stack(0x0000008108000000,0x0000008108100000)]
  0x00000259ed456000 JavaThread "jar transforms Thread 45" [_thread_blocked, id=15132, stack(0x0000008108100000,0x0000008108200000)]
  0x00000259ed455800 JavaThread "jar transforms Thread 46" [_thread_blocked, id=7696, stack(0x0000008108200000,0x0000008108300000)]
  0x00000259ed457000 JavaThread "jar transforms Thread 47" [_thread_blocked, id=11320, stack(0x0000008108300000,0x0000008108400000)]
  0x00000259f09ee000 JavaThread "jar transforms Thread 48" [_thread_blocked, id=14756, stack(0x0000008108400000,0x0000008108500000)]
  0x00000259f09ec800 JavaThread "jar transforms Thread 49" [_thread_blocked, id=2900, stack(0x0000008108500000,0x0000008108600000)]
  0x00000259f09eb000 JavaThread "jar transforms Thread 50" [_thread_blocked, id=1288, stack(0x0000008108600000,0x0000008108700000)]
  0x00000259f09ef000 JavaThread "jar transforms Thread 51" [_thread_blocked, id=16552, stack(0x0000008108700000,0x0000008108800000)]
  0x00000259f09f1800 JavaThread "jar transforms Thread 52" [_thread_blocked, id=7308, stack(0x0000008108800000,0x0000008108900000)]
  0x00000259f09ed800 JavaThread "jar transforms Thread 53" [_thread_blocked, id=18056, stack(0x0000008108900000,0x0000008108a00000)]
  0x00000259f09f0000 JavaThread "jar transforms Thread 54" [_thread_blocked, id=20352, stack(0x0000008108a00000,0x0000008108b00000)]
  0x00000259f09f0800 JavaThread "jar transforms Thread 55" [_thread_blocked, id=14168, stack(0x0000008108b00000,0x0000008108c00000)]
  0x00000259f09eb800 JavaThread "jar transforms Thread 56" [_thread_blocked, id=17632, stack(0x0000008108c00000,0x0000008108d00000)]
  0x00000259f09f8000 JavaThread "jar transforms Thread 57" [_thread_blocked, id=11584, stack(0x0000008108d00000,0x0000008108e00000)]
  0x00000259f09f7000 JavaThread "jar transforms Thread 58" [_thread_blocked, id=1908, stack(0x0000008108e00000,0x0000008108f00000)]
  0x00000259f09f3000 JavaThread "jar transforms Thread 59" [_thread_blocked, id=7800, stack(0x0000008108f00000,0x0000008109000000)]
  0x00000259f09f2000 JavaThread "jar transforms Thread 60" [_thread_blocked, id=14368, stack(0x0000008109000000,0x0000008109100000)]
  0x00000259f09f9000 JavaThread "jar transforms Thread 61" [_thread_blocked, id=10456, stack(0x0000008109100000,0x0000008109200000)]
  0x00000259f09f4800 JavaThread "jar transforms Thread 62" [_thread_blocked, id=15584, stack(0x0000008109200000,0x0000008109300000)]
  0x00000259f09f9800 JavaThread "jar transforms Thread 63" [_thread_blocked, id=12100, stack(0x0000008109300000,0x0000008109400000)]
  0x00000259f09f4000 JavaThread "jar transforms Thread 64" [_thread_blocked, id=6220, stack(0x0000008109400000,0x0000008109500000)]
  0x00000259f09f5800 JavaThread "jar transforms Thread 65" [_thread_blocked, id=16508, stack(0x0000008109500000,0x0000008109600000)]
  0x00000259f09f6800 JavaThread "jar transforms Thread 66" [_thread_blocked, id=19636, stack(0x0000008109600000,0x0000008109700000)]
  0x00000259edb24000 JavaThread "jar transforms Thread 67" [_thread_blocked, id=15816, stack(0x0000008109700000,0x0000008109800000)]
  0x00000259edb1f000 JavaThread "jar transforms Thread 68" [_thread_blocked, id=10672, stack(0x0000008109800000,0x0000008109900000)]
  0x00000259edb21800 JavaThread "jar transforms Thread 69" [_thread_blocked, id=13596, stack(0x0000008109900000,0x0000008109a00000)]
  0x00000259edb20000 JavaThread "jar transforms Thread 70" [_thread_blocked, id=18936, stack(0x0000008109a00000,0x0000008109b00000)]
  0x00000259edb23800 JavaThread "jar transforms Thread 71" [_thread_blocked, id=4332, stack(0x0000008109b00000,0x0000008109c00000)]
  0x00000259edb21000 JavaThread "jar transforms Thread 72" [_thread_blocked, id=7072, stack(0x0000008109c00000,0x0000008109d00000)]
  0x00000259edb22800 JavaThread "jar transforms Thread 73" [_thread_blocked, id=14568, stack(0x0000008109d00000,0x0000008109e00000)]
  0x00000259edb1e800 JavaThread "jar transforms Thread 74" [_thread_blocked, id=20260, stack(0x0000008109e00000,0x0000008109f00000)]
  0x00000259edb27800 JavaThread "jar transforms Thread 75" [_thread_blocked, id=6356, stack(0x0000008109f00000,0x000000810a000000)]
  0x00000259edb29000 JavaThread "jar transforms Thread 76" [_thread_blocked, id=1400, stack(0x000000810a000000,0x000000810a100000)]
  0x00000259edb25800 JavaThread "jar transforms Thread 77" [_thread_blocked, id=11832, stack(0x000000810a100000,0x000000810a200000)]
  0x00000259edb26800 JavaThread "jar transforms Thread 78" [_thread_blocked, id=6124, stack(0x000000810a200000,0x000000810a300000)]
  0x00000259edb28000 JavaThread "jar transforms Thread 79" [_thread_blocked, id=8596, stack(0x000000810a300000,0x000000810a400000)]
  0x00000259edb2a000 JavaThread "jar transforms Thread 80" [_thread_blocked, id=19088, stack(0x000000810a400000,0x000000810a500000)]
  0x00000259edb2a800 JavaThread "jar transforms Thread 81" [_thread_blocked, id=15808, stack(0x000000810a500000,0x000000810a600000)]
  0x00000259edb25000 JavaThread "jar transforms Thread 82" [_thread_blocked, id=13388, stack(0x000000810a600000,0x000000810a700000)]
  0x00000259edb2b800 JavaThread "jar transforms Thread 83" [_thread_blocked, id=2708, stack(0x000000810a700000,0x000000810a800000)]
  0x00000259edb2c000 JavaThread "jar transforms Thread 84" [_thread_blocked, id=6412, stack(0x000000810a800000,0x000000810a900000)]
  0x00000259edb2d000 JavaThread "jar transforms Thread 85" [_thread_blocked, id=19768, stack(0x000000810a900000,0x000000810aa00000)]
  0x00000259ed89d800 JavaThread "jar transforms Thread 86" [_thread_blocked, id=2352, stack(0x000000810aa00000,0x000000810ab00000)]
  0x00000259ed8a2800 JavaThread "jar transforms Thread 87" [_thread_blocked, id=15160, stack(0x000000810ab00000,0x000000810ac00000)]
  0x00000259ed89f000 JavaThread "jar transforms Thread 88" [_thread_blocked, id=5168, stack(0x000000810ac00000,0x000000810ad00000)]
  0x00000259ed8a0000 JavaThread "jar transforms Thread 89" [_thread_blocked, id=11380, stack(0x000000810ad00000,0x000000810ae00000)]
  0x00000259ed8a4000 JavaThread "jar transforms Thread 90" [_thread_blocked, id=8136, stack(0x000000810ae00000,0x000000810af00000)]
  0x00000259ed89e000 JavaThread "jar transforms Thread 91" [_thread_blocked, id=13568, stack(0x000000810af00000,0x000000810b000000)]
  0x00000259ed8a1800 JavaThread "jar transforms Thread 92" [_thread_blocked, id=6112, stack(0x000000810b000000,0x000000810b100000)]
  0x00000259ed8a3000 JavaThread "jar transforms Thread 93" [_thread_blocked, id=1880, stack(0x000000810b100000,0x000000810b200000)]
  0x00000259ed8a0800 JavaThread "jar transforms Thread 94" [_thread_blocked, id=1792, stack(0x000000810b200000,0x000000810b300000)]
  0x00000259edb54000 JavaThread "jar transforms Thread 95" [_thread_blocked, id=2112, stack(0x000000810b300000,0x000000810b400000)]
  0x00000259edb51000 JavaThread "jar transforms Thread 96" [_thread_blocked, id=20224, stack(0x000000810b400000,0x000000810b500000)]
  0x00000259edb52000 JavaThread "jar transforms Thread 97" [_thread_blocked, id=11404, stack(0x000000810b500000,0x000000810b600000)]
  0x00000259edb52800 JavaThread "Memory manager" [_thread_blocked, id=5012, stack(0x000000810b600000,0x000000810b700000)]
  0x00000259edb53800 JavaThread "build event listener" [_thread_blocked, id=6348, stack(0x000000810b900000,0x000000810ba00000)]
  0x00000259edb50000 JavaThread "build event listener" [_thread_blocked, id=3856, stack(0x000000810ba00000,0x000000810bb00000)]
  0x00000259edb4f800 JavaThread "Execution worker for ':'" [_thread_blocked, id=6816, stack(0x000000810bb00000,0x000000810bc00000)]
  0x00000259edb5a000 JavaThread "Execution worker for ':' Thread 2" [_thread_blocked, id=3852, stack(0x000000810bc00000,0x000000810bd00000)]
  0x00000259edb59000 JavaThread "Execution worker for ':' Thread 3" [_thread_blocked, id=4300, stack(0x000000810bd00000,0x000000810be00000)]
  0x00000259edb5a800 JavaThread "Execution worker for ':' Thread 4" [_thread_blocked, id=10604, stack(0x000000810be00000,0x000000810bf00000)]
  0x00000259edb58800 JavaThread "Execution worker for ':' Thread 5" [_thread_blocked, id=10956, stack(0x000000810bf00000,0x000000810c000000)]
  0x00000259edb55000 JavaThread "Execution worker for ':' Thread 6" [_thread_blocked, id=13192, stack(0x000000810c000000,0x000000810c100000)]
  0x00000259edb5b800 JavaThread "Execution worker for ':' Thread 7" [_thread_blocked, id=6732, stack(0x000000810c100000,0x000000810c200000)]
  0x00000259edb56000 JavaThread "Cache worker for execution history cache (C:\Users\ThuyPC\ChatAppJava\.gradle\6.7.1\executionHistory)" [_thread_blocked, id=8948, stack(0x000000810c200000,0x000000810c300000)]
  0x00000259edb56800 JavaThread "WorkerExecutor Queue" [_thread_blocked, id=7316, stack(0x000000810c300000,0x000000810c400000)]
  0x00000259edb5c800 JavaThread "WorkerExecutor Queue Thread 2" [_thread_in_Java, id=20416, stack(0x000000810c400000,0x000000810c500000)]
  0x00000259edb5d000 JavaThread "ForkJoinPool-1-worker-3" daemon [_thread_blocked, id=9140, stack(0x000000810c500000,0x000000810c600000)]
  0x00000259edb57800 JavaThread "ForkJoinPool-1-worker-5" daemon [_thread_blocked, id=18052, stack(0x000000810c600000,0x000000810c700000)]
  0x00000259e9ca4000 JavaThread "ForkJoinPool-1-worker-9" daemon [_thread_blocked, id=15528, stack(0x000000810c700000,0x000000810c800000)]
  0x00000259e9ca6800 JavaThread "ForkJoinPool-1-worker-7" daemon [_thread_blocked, id=7312, stack(0x000000810c800000,0x000000810c900000)]
  0x00000259e9ca9000 JavaThread "ForkJoinPool-1-worker-11" daemon [_thread_blocked, id=10300, stack(0x000000810c900000,0x000000810ca00000)]
  0x00000259e9ca8000 JavaThread "ForkJoinPool-1-worker-13" daemon [_thread_blocked, id=17564, stack(0x000000810ca00000,0x000000810cb00000)]
  0x00000259e9ca9800 JavaThread "ForkJoinPool-1-worker-15" daemon [_thread_blocked, id=15716, stack(0x000000810cb00000,0x000000810cc00000)]
  0x00000259e9ca4800 JavaThread "ForkJoinPool-1-worker-1" daemon [_thread_blocked, id=9900, stack(0x000000810cc00000,0x000000810cd00000)]

Other Threads:
  0x00000259e9688000 VMThread "VM Thread" [stack: 0x0000008102200000,0x0000008102300000] [id=7508]
  0x00000259e9874000 WatcherThread [stack: 0x0000008102c00000,0x0000008102d00000] [id=3416]
  0x00000259ceb31000 GCTaskThread "GC Thread#0" [stack: 0x0000008101d00000,0x0000008101e00000] [id=1104]
  0x00000259ea676000 GCTaskThread "GC Thread#1" [stack: 0x0000008102e00000,0x0000008102f00000] [id=11804]
  0x00000259ea678800 GCTaskThread "GC Thread#2" [stack: 0x0000008102f00000,0x0000008103000000] [id=17732]
  0x00000259ea3ac800 GCTaskThread "GC Thread#3" [stack: 0x0000008103000000,0x0000008103100000] [id=9640]
  0x00000259ea341000 GCTaskThread "GC Thread#4" [stack: 0x0000008103100000,0x0000008103200000] [id=11552]
  0x00000259ebbb9800 GCTaskThread "GC Thread#5" [stack: 0x0000008104100000,0x0000008104200000] [id=3752]
  0x00000259eb60a800 GCTaskThread "GC Thread#6" [stack: 0x0000008104200000,0x0000008104300000] [id=16260]
  0x00000259eb2e8800 GCTaskThread "GC Thread#7" [stack: 0x0000008104300000,0x0000008104400000] [id=19780]
  0x00000259ceb62000 ConcurrentGCThread "G1 Main Marker" [stack: 0x0000008101e00000,0x0000008101f00000] [id=6256]
  0x00000259ceb65800 ConcurrentGCThread "G1 Conc#0" [stack: 0x0000008101f00000,0x0000008102000000] [id=9388]
  0x00000259eb307800 ConcurrentGCThread "G1 Conc#1" [stack: 0x0000008104400000,0x0000008104500000] [id=272]
  0x00000259e8cba800 ConcurrentGCThread "G1 Refine#0" [stack: 0x0000008102000000,0x0000008102100000] [id=15436]
  0x00000259f0b6e000 ConcurrentGCThread "G1 Refine#1" [stack: 0x000000810b700000,0x000000810b800000] [id=11472]
  0x00000259f0b6e800 ConcurrentGCThread "G1 Refine#2" [stack: 0x000000810b800000,0x000000810b900000] [id=15188]
  0x00000259f4ce5000 ConcurrentGCThread "G1 Refine#3" [stack: 0x000000810cd00000,0x000000810ce00000] [id=8452]
  0x00000259f2411800 ConcurrentGCThread "G1 Refine#4" [stack: 0x000000810ce00000,0x000000810cf00000] [id=10312]
  0x00000259f2487000 ConcurrentGCThread "G1 Refine#5" [stack: 0x000000810cf00000,0x000000810d000000] [id=14728]
  0x00000259f5867800 ConcurrentGCThread "G1 Refine#6" [stack: 0x000000810d000000,0x000000810d100000] [id=10084]
  0x00000259e8cbb800 ConcurrentGCThread "G1 Young RemSet Sampling" [stack: 0x0000008102100000,0x0000008102200000] [id=6380]

Threads with active compile tasks:
C2 CompilerThread0  11360 10309       4       com.android.tools.r8.graph.O::a (275 bytes)
C2 CompilerThread1  11360 10157       4       com.android.tools.r8.graph.r0::a (30 bytes)
C2 CompilerThread2  11360 10235       4       java.util.stream.Nodes$SpinedNodeBuilder::accept (29 bytes)

VM state:not at safepoint (normal execution)

VM Mutex/Monitor currently owned by a thread: None

Heap address: 0x0000000080000000, size: 2048 MB, Compressed Oops mode: 32-bit
Narrow klass base: 0x0000000000000000, Narrow klass shift: 3
Compressed class space size: 1073741824 Address: 0x0000000100000000

Heap:
 garbage-first heap   total 275456K, used 151552K [0x0000000080000000, 0x0000000100000000)
  region size 1024K, 10 young (10240K), 6 survivors (6144K)
 Metaspace       used 84098K, capacity 86415K, committed 86476K, reserved 1124352K
  class space    used 11130K, capacity 11977K, committed 12032K, reserved 1048576K
Heap Regions: E=young(eden), S=young(survivor), O=old, HS=humongous(starts), HC=humongous(continues), CS=collection set, F=free, A=archive, TAMS=top-at-mark-start (previous, next)
|   0|0x0000000080000000, 0x0000000080100000, 0x0000000080100000|100%| O|  |TAMS 0x0000000080100000, 0x0000000080100000| Untracked 
|   1|0x0000000080100000, 0x0000000080200000, 0x0000000080200000|100%| O|  |TAMS 0x0000000080200000, 0x0000000080200000| Untracked 
|   2|0x0000000080200000, 0x0000000080300000, 0x0000000080300000|100%| O|  |TAMS 0x0000000080300000, 0x0000000080300000| Untracked 
|   3|0x0000000080300000, 0x0000000080400000, 0x0000000080400000|100%|HS|  |TAMS 0x0000000080400000, 0x0000000080400000| Complete 
|   4|0x0000000080400000, 0x0000000080500000, 0x0000000080500000|100%|HC|  |TAMS 0x0000000080500000, 0x0000000080500000| Complete 
|   5|0x0000000080500000, 0x0000000080600000, 0x0000000080600000|100%|HC|  |TAMS 0x0000000080600000, 0x0000000080600000| Complete 
|   6|0x0000000080600000, 0x0000000080700000, 0x0000000080700000|100%| O|  |TAMS 0x0000000080700000, 0x0000000080700000| Untracked 
|   7|0x0000000080700000, 0x0000000080800000, 0x0000000080800000|100%| O|  |TAMS 0x0000000080800000, 0x0000000080800000| Untracked 
|   8|0x0000000080800000, 0x0000000080900000, 0x0000000080900000|100%| O|  |TAMS 0x0000000080900000, 0x0000000080900000| Untracked 
|   9|0x0000000080900000, 0x0000000080a00000, 0x0000000080a00000|100%| O|  |TAMS 0x0000000080a00000, 0x0000000080a00000| Untracked 
|  10|0x0000000080a00000, 0x0000000080b00000, 0x0000000080b00000|100%| O|  |TAMS 0x0000000080b00000, 0x0000000080b00000| Untracked 
|  11|0x0000000080b00000, 0x0000000080c00000, 0x0000000080c00000|100%| O|  |TAMS 0x0000000080c00000, 0x0000000080c00000| Untracked 
|  12|0x0000000080c00000, 0x0000000080d00000, 0x0000000080d00000|100%| O|  |TAMS 0x0000000080d00000, 0x0000000080d00000| Untracked 
|  13|0x0000000080d00000, 0x0000000080e00000, 0x0000000080e00000|100%| O|  |TAMS 0x0000000080e00000, 0x0000000080e00000| Untracked 
|  14|0x0000000080e00000, 0x0000000080f00000, 0x0000000080f00000|100%| O|  |TAMS 0x0000000080f00000, 0x0000000080f00000| Untracked 
|  15|0x0000000080f00000, 0x0000000081000000, 0x0000000081000000|100%| O|  |TAMS 0x0000000081000000, 0x0000000081000000| Untracked 
|  16|0x0000000081000000, 0x0000000081100000, 0x0000000081100000|100%|HS|  |TAMS 0x0000000081100000, 0x0000000081100000| Complete 
|  17|0x0000000081100000, 0x0000000081200000, 0x0000000081200000|100%|HS|  |TAMS 0x0000000081200000, 0x0000000081200000| Complete 
|  18|0x0000000081200000, 0x0000000081300000, 0x0000000081300000|100%|HC|  |TAMS 0x0000000081300000, 0x0000000081300000| Complete 
|  19|0x0000000081300000, 0x0000000081400000, 0x0000000081400000|100%| O|  |TAMS 0x0000000081400000, 0x0000000081400000| Untracked 
|  20|0x0000000081400000, 0x0000000081500000, 0x0000000081500000|100%| O|  |TAMS 0x0000000081500000, 0x0000000081500000| Untracked 
|  21|0x0000000081500000, 0x0000000081600000, 0x0000000081600000|100%| O|  |TAMS 0x0000000081600000, 0x0000000081600000| Untracked 
|  22|0x0000000081600000, 0x0000000081700000, 0x0000000081700000|100%| O|  |TAMS 0x0000000081700000, 0x0000000081700000| Untracked 
|  23|0x0000000081700000, 0x0000000081800000, 0x0000000081800000|100%| O|  |TAMS 0x0000000081700000, 0x0000000081800000| Untracked 
|  24|0x0000000081800000, 0x0000000081900000, 0x0000000081900000|100%| O|  |TAMS 0x0000000081900000, 0x0000000081900000| Untracked 
|  25|0x0000000081900000, 0x0000000081a00000, 0x0000000081a00000|100%| O|  |TAMS 0x0000000081a00000, 0x0000000081a00000| Untracked 
|  26|0x0000000081a00000, 0x0000000081b00000, 0x0000000081b00000|100%| O|  |TAMS 0x0000000081b00000, 0x0000000081b00000| Untracked 
|  27|0x0000000081b00000, 0x0000000081c00000, 0x0000000081c00000|100%| O|  |TAMS 0x0000000081c00000, 0x0000000081c00000| Untracked 
|  28|0x0000000081c00000, 0x0000000081d00000, 0x0000000081d00000|100%| O|  |TAMS 0x0000000081d00000, 0x0000000081d00000| Untracked 
|  29|0x0000000081d00000, 0x0000000081e00000, 0x0000000081e00000|100%| O|  |TAMS 0x0000000081e00000, 0x0000000081e00000| Untracked 
|  30|0x0000000081e00000, 0x0000000081f00000, 0x0000000081f00000|100%| O|  |TAMS 0x0000000081f00000, 0x0000000081f00000| Untracked 
|  31|0x0000000081f00000, 0x0000000082000000, 0x0000000082000000|100%| O|  |TAMS 0x0000000082000000, 0x0000000082000000| Untracked 
|  32|0x0000000082000000, 0x0000000082100000, 0x0000000082100000|100%| O|  |TAMS 0x0000000082100000, 0x0000000082100000| Untracked 
|  33|0x0000000082100000, 0x0000000082200000, 0x0000000082200000|100%| O|  |TAMS 0x0000000082200000, 0x0000000082200000| Untracked 
|  34|0x0000000082200000, 0x0000000082300000, 0x0000000082300000|100%| O|  |TAMS 0x0000000082300000, 0x0000000082300000| Untracked 
|  35|0x0000000082300000, 0x0000000082400000, 0x0000000082400000|100%| O|  |TAMS 0x0000000082400000, 0x0000000082400000| Untracked 
|  36|0x0000000082400000, 0x0000000082500000, 0x0000000082500000|100%| O|  |TAMS 0x0000000082500000, 0x0000000082500000| Untracked 
|  37|0x0000000082500000, 0x0000000082600000, 0x0000000082600000|100%| O|  |TAMS 0x0000000082600000, 0x0000000082600000| Untracked 
|  38|0x0000000082600000, 0x0000000082700000, 0x0000000082700000|100%| O|  |TAMS 0x0000000082700000, 0x0000000082700000| Untracked 
|  39|0x0000000082700000, 0x0000000082800000, 0x0000000082800000|100%| O|  |TAMS 0x00000000827edc00, 0x0000000082800000| Untracked 
|  40|0x0000000082800000, 0x0000000082900000, 0x0000000082900000|100%| O|  |TAMS 0x0000000082800000, 0x0000000082900000| Untracked 
|  41|0x0000000082900000, 0x0000000082a00000, 0x0000000082a00000|100%| O|  |TAMS 0x0000000082900000, 0x0000000082a00000| Untracked 
|  42|0x0000000082a00000, 0x0000000082b00000, 0x0000000082b00000|100%| O|  |TAMS 0x0000000082a00000, 0x0000000082b00000| Untracked 
|  43|0x0000000082b00000, 0x0000000082c00000, 0x0000000082c00000|100%| O|  |TAMS 0x0000000082b00000, 0x0000000082c00000| Untracked 
|  44|0x0000000082c00000, 0x0000000082d00000, 0x0000000082d00000|100%| O|  |TAMS 0x0000000082c00000, 0x0000000082d00000| Untracked 
|  45|0x0000000082d00000, 0x0000000082e00000, 0x0000000082e00000|100%| O|  |TAMS 0x0000000082d00000, 0x0000000082e00000| Untracked 
|  46|0x0000000082e00000, 0x0000000082f00000, 0x0000000082f00000|100%| O|  |TAMS 0x0000000082e00000, 0x0000000082f00000| Untracked 
|  47|0x0000000082f00000, 0x0000000083000000, 0x0000000083000000|100%| O|  |TAMS 0x0000000082f00000, 0x0000000083000000| Untracked 
|  48|0x0000000083000000, 0x0000000083100000, 0x0000000083100000|100%| O|  |TAMS 0x0000000083000000, 0x0000000083100000| Untracked 
|  49|0x0000000083100000, 0x0000000083200000, 0x0000000083200000|100%| O|  |TAMS 0x0000000083100000, 0x0000000083200000| Untracked 
|  50|0x0000000083200000, 0x0000000083300000, 0x0000000083300000|100%| O|  |TAMS 0x0000000083200000, 0x0000000083300000| Untracked 
|  51|0x0000000083300000, 0x0000000083400000, 0x0000000083400000|100%| O|  |TAMS 0x0000000083300000, 0x0000000083400000| Untracked 
|  52|0x0000000083400000, 0x0000000083500000, 0x0000000083500000|100%|HS|  |TAMS 0x0000000083400000, 0x0000000083500000| Complete 
|  53|0x0000000083500000, 0x0000000083600000, 0x0000000083600000|100%|HC|  |TAMS 0x0000000083500000, 0x0000000083600000| Complete 
|  54|0x0000000083600000, 0x0000000083700000, 0x0000000083700000|100%|HC|  |TAMS 0x0000000083600000, 0x0000000083700000| Complete 
|  55|0x0000000083700000, 0x0000000083800000, 0x0000000083800000|100%|HC|  |TAMS 0x0000000083700000, 0x0000000083800000| Complete 
|  56|0x0000000083800000, 0x0000000083900000, 0x0000000083900000|100%|HC|  |TAMS 0x0000000083800000, 0x0000000083900000| Complete 
|  57|0x0000000083900000, 0x0000000083a00000, 0x0000000083a00000|100%|HC|  |TAMS 0x0000000083900000, 0x0000000083a00000| Complete 
|  58|0x0000000083a00000, 0x0000000083b00000, 0x0000000083b00000|100%|HC|  |TAMS 0x0000000083a00000, 0x0000000083b00000| Complete 
|  59|0x0000000083b00000, 0x0000000083c00000, 0x0000000083c00000|100%| O|  |TAMS 0x0000000083b00000, 0x0000000083c00000| Untracked 
|  60|0x0000000083c00000, 0x0000000083d00000, 0x0000000083d00000|100%| O|  |TAMS 0x0000000083c00000, 0x0000000083d00000| Untracked 
|  61|0x0000000083d00000, 0x0000000083e00000, 0x0000000083e00000|100%| O|  |TAMS 0x0000000083d00000, 0x0000000083e00000| Untracked 
|  62|0x0000000083e00000, 0x0000000083f00000, 0x0000000083f00000|100%| O|  |TAMS 0x0000000083e00000, 0x0000000083f00000| Untracked 
|  63|0x0000000083f00000, 0x0000000084000000, 0x0000000084000000|100%| O|  |TAMS 0x0000000083f00000, 0x0000000084000000| Untracked 
|  64|0x0000000084000000, 0x0000000084100000, 0x0000000084100000|100%| O|  |TAMS 0x0000000084000000, 0x0000000084100000| Untracked 
|  65|0x0000000084100000, 0x0000000084200000, 0x0000000084200000|100%| O|  |TAMS 0x0000000084100000, 0x0000000084200000| Untracked 
|  66|0x0000000084200000, 0x0000000084300000, 0x0000000084300000|100%|HS|  |TAMS 0x0000000084200000, 0x0000000084300000| Complete 
|  67|0x0000000084300000, 0x0000000084400000, 0x0000000084400000|100%|HC|  |TAMS 0x0000000084300000, 0x0000000084400000| Complete 
|  68|0x0000000084400000, 0x0000000084500000, 0x0000000084500000|100%|HC|  |TAMS 0x0000000084400000, 0x0000000084500000| Complete 
|  69|0x0000000084500000, 0x0000000084600000, 0x0000000084600000|100%|HC|  |TAMS 0x0000000084500000, 0x0000000084600000| Complete 
|  70|0x0000000084600000, 0x0000000084700000, 0x0000000084700000|100%|HC|  |TAMS 0x0000000084600000, 0x0000000084700000| Complete 
|  71|0x0000000084700000, 0x0000000084800000, 0x0000000084800000|100%|HC|  |TAMS 0x0000000084700000, 0x0000000084800000| Complete 
|  72|0x0000000084800000, 0x0000000084900000, 0x0000000084900000|100%|HC|  |TAMS 0x0000000084800000, 0x0000000084900000| Complete 
|  73|0x0000000084900000, 0x0000000084a00000, 0x0000000084a00000|100%|HS|  |TAMS 0x0000000084900000, 0x0000000084a00000| Complete 
|  74|0x0000000084a00000, 0x0000000084b00000, 0x0000000084b00000|100%| O|  |TAMS 0x0000000084a00000, 0x0000000084b00000| Untracked 
|  75|0x0000000084b00000, 0x0000000084c00000, 0x0000000084c00000|100%| O|  |TAMS 0x0000000084b00000, 0x0000000084c00000| Untracked 
|  76|0x0000000084c00000, 0x0000000084d00000, 0x0000000084d00000|100%| O|  |TAMS 0x0000000084c00000, 0x0000000084d00000| Untracked 
|  77|0x0000000084d00000, 0x0000000084e00000, 0x0000000084e00000|100%| O|  |TAMS 0x0000000084d00000, 0x0000000084e00000| Untracked 
|  78|0x0000000084e00000, 0x0000000084f00000, 0x0000000084f00000|100%| O|  |TAMS 0x0000000084e00000, 0x0000000084f00000| Untracked 
|  79|0x0000000084f00000, 0x0000000085000000, 0x0000000085000000|100%| O|  |TAMS 0x0000000084f00000, 0x0000000085000000| Untracked 
|  80|0x0000000085000000, 0x0000000085100000, 0x0000000085100000|100%| O|  |TAMS 0x0000000085000000, 0x0000000085100000| Untracked 
|  81|0x0000000085100000, 0x0000000085200000, 0x0000000085200000|100%| O|  |TAMS 0x0000000085100000, 0x0000000085200000| Untracked 
|  82|0x0000000085200000, 0x0000000085300000, 0x0000000085300000|100%| O|  |TAMS 0x0000000085200000, 0x0000000085300000| Untracked 
|  83|0x0000000085300000, 0x0000000085400000, 0x0000000085400000|100%| O|  |TAMS 0x0000000085300000, 0x0000000085400000| Untracked 
|  84|0x0000000085400000, 0x0000000085500000, 0x0000000085500000|100%| O|  |TAMS 0x0000000085400000, 0x0000000085500000| Untracked 
|  85|0x0000000085500000, 0x0000000085600000, 0x0000000085600000|100%| O|  |TAMS 0x0000000085500000, 0x0000000085600000| Untracked 
|  86|0x0000000085600000, 0x0000000085700000, 0x0000000085700000|100%| O|  |TAMS 0x0000000085600000, 0x0000000085700000| Untracked 
|  87|0x0000000085700000, 0x0000000085800000, 0x0000000085800000|100%| O|  |TAMS 0x0000000085700000, 0x0000000085800000| Untracked 
|  88|0x0000000085800000, 0x0000000085900000, 0x0000000085900000|100%| O|  |TAMS 0x0000000085800000, 0x0000000085900000| Untracked 
|  89|0x0000000085900000, 0x0000000085a00000, 0x0000000085a00000|100%| O|  |TAMS 0x0000000085900000, 0x0000000085a00000| Untracked 
|  90|0x0000000085a00000, 0x0000000085b00000, 0x0000000085b00000|100%| O|  |TAMS 0x0000000085a00000, 0x0000000085b00000| Untracked 
|  91|0x0000000085b00000, 0x0000000085c00000, 0x0000000085c00000|100%| O|  |TAMS 0x0000000085b00000, 0x0000000085c00000| Untracked 
|  92|0x0000000085c00000, 0x0000000085d00000, 0x0000000085d00000|100%| O|  |TAMS 0x0000000085c00000, 0x0000000085d00000| Untracked 
|  93|0x0000000085d00000, 0x0000000085e00000, 0x0000000085e00000|100%| O|  |TAMS 0x0000000085d00000, 0x0000000085e00000| Untracked 
|  94|0x0000000085e00000, 0x0000000085f00000, 0x0000000085f00000|100%| O|  |TAMS 0x0000000085e00000, 0x0000000085f00000| Untracked 
|  95|0x0000000085f00000, 0x0000000086000000, 0x0000000086000000|100%| O|  |TAMS 0x0000000085f00000, 0x0000000086000000| Untracked 
|  96|0x0000000086000000, 0x0000000086100000, 0x0000000086100000|100%| O|  |TAMS 0x0000000086000000, 0x0000000086100000| Untracked 
|  97|0x0000000086100000, 0x0000000086200000, 0x0000000086200000|100%| O|  |TAMS 0x0000000086100000, 0x0000000086200000| Untracked 
|  98|0x0000000086200000, 0x0000000086300000, 0x0000000086300000|100%| O|  |TAMS 0x0000000086200000, 0x0000000086300000| Untracked 
|  99|0x0000000086300000, 0x0000000086400000, 0x0000000086400000|100%| O|  |TAMS 0x0000000086300000, 0x0000000086400000| Untracked 
| 100|0x0000000086400000, 0x0000000086500000, 0x0000000086500000|100%| O|  |TAMS 0x0000000086400000, 0x0000000086500000| Untracked 
| 101|0x0000000086500000, 0x0000000086600000, 0x0000000086600000|100%| O|  |TAMS 0x0000000086500000, 0x0000000086600000| Untracked 
| 102|0x0000000086600000, 0x0000000086700000, 0x0000000086700000|100%| O|  |TAMS 0x0000000086600000, 0x0000000086700000| Untracked 
| 103|0x0000000086700000, 0x0000000086800000, 0x0000000086800000|100%| O|  |TAMS 0x0000000086700000, 0x0000000086800000| Untracked 
| 104|0x0000000086800000, 0x0000000086900000, 0x0000000086900000|100%| O|  |TAMS 0x0000000086800000, 0x0000000086900000| Untracked 
| 105|0x0000000086900000, 0x0000000086a00000, 0x0000000086a00000|100%| O|  |TAMS 0x0000000086900000, 0x0000000086a00000| Untracked 
| 106|0x0000000086a00000, 0x0000000086b00000, 0x0000000086b00000|100%| O|  |TAMS 0x0000000086a00000, 0x0000000086b00000| Untracked 
| 107|0x0000000086b00000, 0x0000000086c00000, 0x0000000086c00000|100%| O|  |TAMS 0x0000000086b00000, 0x0000000086c00000| Untracked 
| 108|0x0000000086c00000, 0x0000000086d00000, 0x0000000086d00000|100%| O|  |TAMS 0x0000000086c00000, 0x0000000086d00000| Untracked 
| 109|0x0000000086d00000, 0x0000000086e00000, 0x0000000086e00000|100%| O|  |TAMS 0x0000000086d00000, 0x0000000086e00000| Untracked 
| 110|0x0000000086e00000, 0x0000000086f00000, 0x0000000086f00000|100%| O|  |TAMS 0x0000000086e00000, 0x0000000086f00000| Untracked 
| 111|0x0000000086f00000, 0x0000000087000000, 0x0000000087000000|100%| O|  |TAMS 0x0000000086f00000, 0x0000000087000000| Untracked 
| 112|0x0000000087000000, 0x0000000087100000, 0x0000000087100000|100%| O|  |TAMS 0x0000000087000000, 0x0000000087100000| Untracked 
| 113|0x0000000087100000, 0x0000000087200000, 0x0000000087200000|100%| O|  |TAMS 0x0000000087100000, 0x0000000087200000| Untracked 
| 114|0x0000000087200000, 0x0000000087300000, 0x0000000087300000|100%| O|  |TAMS 0x0000000087200000, 0x0000000087300000| Untracked 
| 115|0x0000000087300000, 0x0000000087400000, 0x0000000087400000|100%| O|  |TAMS 0x0000000087300000, 0x0000000087400000| Untracked 
| 116|0x0000000087400000, 0x0000000087500000, 0x0000000087500000|100%| O|  |TAMS 0x0000000087400000, 0x0000000087500000| Untracked 
| 117|0x0000000087500000, 0x0000000087600000, 0x0000000087600000|100%| O|  |TAMS 0x0000000087500000, 0x0000000087600000| Untracked 
| 118|0x0000000087600000, 0x0000000087700000, 0x0000000087700000|100%| O|  |TAMS 0x0000000087600000, 0x0000000087700000| Untracked 
| 119|0x0000000087700000, 0x0000000087800000, 0x0000000087800000|100%| O|  |TAMS 0x0000000087700000, 0x0000000087800000| Untracked 
| 120|0x0000000087800000, 0x0000000087900000, 0x0000000087900000|100%| O|  |TAMS 0x0000000087800000, 0x0000000087900000| Untracked 
| 121|0x0000000087900000, 0x0000000087a00000, 0x0000000087a00000|100%| O|  |TAMS 0x0000000087900000, 0x0000000087a00000| Untracked 
| 122|0x0000000087a00000, 0x0000000087b00000, 0x0000000087b00000|100%| O|  |TAMS 0x0000000087a00000, 0x0000000087b00000| Untracked 
| 123|0x0000000087b00000, 0x0000000087c00000, 0x0000000087c00000|100%| O|  |TAMS 0x0000000087b00000, 0x0000000087c00000| Untracked 
| 124|0x0000000087c00000, 0x0000000087d00000, 0x0000000087d00000|100%| O|  |TAMS 0x0000000087c00000, 0x0000000087d00000| Untracked 
| 125|0x0000000087d00000, 0x0000000087e00000, 0x0000000087e00000|100%| O|  |TAMS 0x0000000087d00000, 0x0000000087e00000| Untracked 
| 126|0x0000000087e00000, 0x0000000087f00000, 0x0000000087f00000|100%| O|  |TAMS 0x0000000087e00000, 0x0000000087f00000| Untracked 
| 127|0x0000000087f00000, 0x0000000088000000, 0x0000000088000000|100%| O|  |TAMS 0x0000000087f00000, 0x0000000088000000| Untracked 
| 128|0x0000000088000000, 0x0000000088100000, 0x0000000088100000|100%| O|  |TAMS 0x0000000088000000, 0x0000000088100000| Untracked 
| 129|0x0000000088100000, 0x0000000088200000, 0x0000000088200000|100%| O|  |TAMS 0x0000000088100000, 0x0000000088200000| Untracked 
| 130|0x0000000088200000, 0x0000000088300000, 0x0000000088300000|100%| O|  |TAMS 0x0000000088200000, 0x0000000088300000| Untracked 
| 131|0x0000000088300000, 0x0000000088400000, 0x0000000088400000|100%| O|  |TAMS 0x0000000088300000, 0x0000000088400000| Untracked 
| 132|0x0000000088400000, 0x0000000088500000, 0x0000000088500000|100%| O|  |TAMS 0x0000000088400000, 0x0000000088500000| Untracked 
| 133|0x0000000088500000, 0x0000000088600000, 0x0000000088600000|100%| O|  |TAMS 0x0000000088500000, 0x0000000088600000| Untracked 
| 134|0x0000000088600000, 0x0000000088700000, 0x0000000088700000|100%| O|  |TAMS 0x0000000088600000, 0x0000000088700000| Untracked 
| 135|0x0000000088700000, 0x0000000088800000, 0x0000000088800000|100%| O|  |TAMS 0x0000000088700000, 0x0000000088800000| Untracked 
| 136|0x0000000088800000, 0x0000000088900000, 0x0000000088900000|100%| O|  |TAMS 0x0000000088800000, 0x0000000088900000| Untracked 
| 137|0x0000000088900000, 0x0000000088a00000, 0x0000000088a00000|100%| O|  |TAMS 0x0000000088900000, 0x0000000088a00000| Untracked 
| 138|0x0000000088a00000, 0x0000000088b00000, 0x0000000088b00000|100%| O|  |TAMS 0x0000000088a00000, 0x0000000088b00000| Untracked 
| 139|0x0000000088b00000, 0x0000000088b00000, 0x0000000088c00000|  0%| F|  |TAMS 0x0000000088b00000, 0x0000000088b00000| Untracked 
| 140|0x0000000088c00000, 0x0000000088c00000, 0x0000000088d00000|  0%| F|  |TAMS 0x0000000088c00000, 0x0000000088c00000| Untracked 
| 141|0x0000000088d00000, 0x0000000088d00000, 0x0000000088e00000|  0%| F|  |TAMS 0x0000000088d00000, 0x0000000088d00000| Untracked 
| 142|0x0000000088e00000, 0x0000000088e00000, 0x0000000088f00000|  0%| F|  |TAMS 0x0000000088e00000, 0x0000000088e00000| Untracked 
| 143|0x0000000088f00000, 0x0000000088f00000, 0x0000000089000000|  0%| F|  |TAMS 0x0000000088f00000, 0x0000000088f00000| Untracked 
| 144|0x0000000089000000, 0x0000000089000000, 0x0000000089100000|  0%| F|  |TAMS 0x0000000089000000, 0x0000000089000000| Untracked 
| 145|0x0000000089100000, 0x0000000089100000, 0x0000000089200000|  0%| F|  |TAMS 0x0000000089100000, 0x0000000089100000| Untracked 
| 146|0x0000000089200000, 0x0000000089200000, 0x0000000089300000|  0%| F|  |TAMS 0x0000000089200000, 0x0000000089200000| Untracked 
| 147|0x0000000089300000, 0x0000000089300000, 0x0000000089400000|  0%| F|  |TAMS 0x0000000089300000, 0x0000000089300000| Untracked 
| 148|0x0000000089400000, 0x0000000089400000, 0x0000000089500000|  0%| F|  |TAMS 0x0000000089400000, 0x0000000089400000| Untracked 
| 149|0x0000000089500000, 0x0000000089500000, 0x0000000089600000|  0%| F|  |TAMS 0x0000000089500000, 0x0000000089500000| Untracked 
| 150|0x0000000089600000, 0x0000000089600000, 0x0000000089700000|  0%| F|  |TAMS 0x0000000089600000, 0x0000000089600000| Untracked 
| 151|0x0000000089700000, 0x0000000089700000, 0x0000000089800000|  0%| F|  |TAMS 0x0000000089700000, 0x0000000089700000| Untracked 
| 152|0x0000000089800000, 0x0000000089800000, 0x0000000089900000|  0%| F|  |TAMS 0x0000000089800000, 0x0000000089800000| Untracked 
| 153|0x0000000089900000, 0x0000000089900000, 0x0000000089a00000|  0%| F|  |TAMS 0x0000000089900000, 0x0000000089900000| Untracked 
| 154|0x0000000089a00000, 0x0000000089a00000, 0x0000000089b00000|  0%| F|  |TAMS 0x0000000089a00000, 0x0000000089a00000| Untracked 
| 155|0x0000000089b00000, 0x0000000089b00000, 0x0000000089c00000|  0%| F|  |TAMS 0x0000000089b00000, 0x0000000089b00000| Untracked 
| 156|0x0000000089c00000, 0x0000000089c00000, 0x0000000089d00000|  0%| F|  |TAMS 0x0000000089c00000, 0x0000000089c00000| Untracked 
| 157|0x0000000089d00000, 0x0000000089d00000, 0x0000000089e00000|  0%| F|  |TAMS 0x0000000089d00000, 0x0000000089d00000| Untracked 
| 158|0x0000000089e00000, 0x0000000089e00000, 0x0000000089f00000|  0%| F|  |TAMS 0x0000000089e00000, 0x0000000089e00000| Untracked 
| 159|0x0000000089f00000, 0x0000000089f00000, 0x000000008a000000|  0%| F|  |TAMS 0x0000000089f00000, 0x0000000089f00000| Untracked 
| 160|0x000000008a000000, 0x000000008a000000, 0x000000008a100000|  0%| F|  |TAMS 0x000000008a000000, 0x000000008a000000| Untracked 
| 161|0x000000008a100000, 0x000000008a100000, 0x000000008a200000|  0%| F|  |TAMS 0x000000008a100000, 0x000000008a100000| Untracked 
| 162|0x000000008a200000, 0x000000008a200000, 0x000000008a300000|  0%| F|  |TAMS 0x000000008a200000, 0x000000008a200000| Untracked 
| 163|0x000000008a300000, 0x000000008a300000, 0x000000008a400000|  0%| F|  |TAMS 0x000000008a300000, 0x000000008a300000| Untracked 
| 164|0x000000008a400000, 0x000000008a400000, 0x000000008a500000|  0%| F|  |TAMS 0x000000008a400000, 0x000000008a400000| Untracked 
| 165|0x000000008a500000, 0x000000008a500000, 0x000000008a600000|  0%| F|  |TAMS 0x000000008a500000, 0x000000008a500000| Untracked 
| 166|0x000000008a600000, 0x000000008a600000, 0x000000008a700000|  0%| F|  |TAMS 0x000000008a600000, 0x000000008a600000| Untracked 
| 167|0x000000008a700000, 0x000000008a700000, 0x000000008a800000|  0%| F|  |TAMS 0x000000008a700000, 0x000000008a700000| Untracked 
| 168|0x000000008a800000, 0x000000008a800000, 0x000000008a900000|  0%| F|  |TAMS 0x000000008a800000, 0x000000008a800000| Untracked 
| 169|0x000000008a900000, 0x000000008a900000, 0x000000008aa00000|  0%| F|  |TAMS 0x000000008a900000, 0x000000008a900000| Untracked 
| 170|0x000000008aa00000, 0x000000008aa00000, 0x000000008ab00000|  0%| F|  |TAMS 0x000000008aa00000, 0x000000008aa00000| Untracked 
| 171|0x000000008ab00000, 0x000000008ab00000, 0x000000008ac00000|  0%| F|  |TAMS 0x000000008ab00000, 0x000000008ab00000| Untracked 
| 172|0x000000008ac00000, 0x000000008ac00000, 0x000000008ad00000|  0%| F|  |TAMS 0x000000008ac00000, 0x000000008ac00000| Untracked 
| 173|0x000000008ad00000, 0x000000008ad00000, 0x000000008ae00000|  0%| F|  |TAMS 0x000000008ad00000, 0x000000008ad00000| Untracked 
| 174|0x000000008ae00000, 0x000000008ae00000, 0x000000008af00000|  0%| F|  |TAMS 0x000000008ae00000, 0x000000008ae00000| Untracked 
| 175|0x000000008af00000, 0x000000008af00000, 0x000000008b000000|  0%| F|  |TAMS 0x000000008af00000, 0x000000008af00000| Untracked 
| 176|0x000000008b000000, 0x000000008b000000, 0x000000008b100000|  0%| F|  |TAMS 0x000000008b000000, 0x000000008b000000| Untracked 
| 177|0x000000008b100000, 0x000000008b100000, 0x000000008b200000|  0%| F|  |TAMS 0x000000008b100000, 0x000000008b100000| Untracked 
| 178|0x000000008b200000, 0x000000008b200000, 0x000000008b300000|  0%| F|  |TAMS 0x000000008b200000, 0x000000008b200000| Untracked 
| 179|0x000000008b300000, 0x000000008b300000, 0x000000008b400000|  0%| F|  |TAMS 0x000000008b300000, 0x000000008b300000| Untracked 
| 180|0x000000008b400000, 0x000000008b400000, 0x000000008b500000|  0%| F|  |TAMS 0x000000008b400000, 0x000000008b400000| Untracked 
| 181|0x000000008b500000, 0x000000008b600000, 0x000000008b600000|100%| S|CS|TAMS 0x000000008b500000, 0x000000008b500000| Complete 
| 182|0x000000008b600000, 0x000000008b700000, 0x000000008b700000|100%| S|CS|TAMS 0x000000008b600000, 0x000000008b600000| Complete 
| 183|0x000000008b700000, 0x000000008b800000, 0x000000008b800000|100%| S|CS|TAMS 0x000000008b700000, 0x000000008b700000| Complete 
| 184|0x000000008b800000, 0x000000008b900000, 0x000000008b900000|100%| S|CS|TAMS 0x000000008b800000, 0x000000008b800000| Complete 
| 185|0x000000008b900000, 0x000000008ba00000, 0x000000008ba00000|100%| S|CS|TAMS 0x000000008b900000, 0x000000008b900000| Complete 
| 186|0x000000008ba00000, 0x000000008bb00000, 0x000000008bb00000|100%| S|CS|TAMS 0x000000008ba00000, 0x000000008ba00000| Complete 
| 187|0x000000008bb00000, 0x000000008bb00000, 0x000000008bc00000|  0%| F|  |TAMS 0x000000008bb00000, 0x000000008bb00000| Untracked 
| 188|0x000000008bc00000, 0x000000008bc00000, 0x000000008bd00000|  0%| F|  |TAMS 0x000000008bc00000, 0x000000008bc00000| Untracked 
| 189|0x000000008bd00000, 0x000000008bd00000, 0x000000008be00000|  0%| F|  |TAMS 0x000000008bd00000, 0x000000008bd00000| Untracked 
| 190|0x000000008be00000, 0x000000008be00000, 0x000000008bf00000|  0%| F|  |TAMS 0x000000008be00000, 0x000000008be00000| Untracked 
| 191|0x000000008bf00000, 0x000000008bf00000, 0x000000008c000000|  0%| F|  |TAMS 0x000000008bf00000, 0x000000008bf00000| Untracked 
| 192|0x000000008c000000, 0x000000008c000000, 0x000000008c100000|  0%| F|  |TAMS 0x000000008c000000, 0x000000008c000000| Untracked 
| 193|0x000000008c100000, 0x000000008c100000, 0x000000008c200000|  0%| F|  |TAMS 0x000000008c100000, 0x000000008c100000| Untracked 
| 194|0x000000008c200000, 0x000000008c200000, 0x000000008c300000|  0%| F|  |TAMS 0x000000008c200000, 0x000000008c200000| Untracked 
| 195|0x000000008c300000, 0x000000008c300000, 0x000000008c400000|  0%| F|  |TAMS 0x000000008c300000, 0x000000008c300000| Untracked 
| 196|0x000000008c400000, 0x000000008c400000, 0x000000008c500000|  0%| F|  |TAMS 0x000000008c400000, 0x000000008c400000| Untracked 
| 197|0x000000008c500000, 0x000000008c500000, 0x000000008c600000|  0%| F|  |TAMS 0x000000008c500000, 0x000000008c500000| Untracked 
| 198|0x000000008c600000, 0x000000008c600000, 0x000000008c700000|  0%| F|  |TAMS 0x000000008c600000, 0x000000008c600000| Untracked 
| 199|0x000000008c700000, 0x000000008c700000, 0x000000008c800000|  0%| F|  |TAMS 0x000000008c700000, 0x000000008c700000| Untracked 
| 200|0x000000008c800000, 0x000000008c800000, 0x000000008c900000|  0%| F|  |TAMS 0x000000008c800000, 0x000000008c800000| Untracked 
| 201|0x000000008c900000, 0x000000008c900000, 0x000000008ca00000|  0%| F|  |TAMS 0x000000008c900000, 0x000000008c900000| Untracked 
| 202|0x000000008ca00000, 0x000000008ca00000, 0x000000008cb00000|  0%| F|  |TAMS 0x000000008ca00000, 0x000000008ca00000| Untracked 
| 203|0x000000008cb00000, 0x000000008cb00000, 0x000000008cc00000|  0%| F|  |TAMS 0x000000008cb00000, 0x000000008cb00000| Untracked 
| 204|0x000000008cc00000, 0x000000008cc00000, 0x000000008cd00000|  0%| F|  |TAMS 0x000000008cc00000, 0x000000008cc00000| Untracked 
| 205|0x000000008cd00000, 0x000000008cd00000, 0x000000008ce00000|  0%| F|  |TAMS 0x000000008cd00000, 0x000000008cd00000| Untracked 
| 206|0x000000008ce00000, 0x000000008ce00000, 0x000000008cf00000|  0%| F|  |TAMS 0x000000008ce00000, 0x000000008ce00000| Untracked 
| 207|0x000000008cf00000, 0x000000008cf00000, 0x000000008d000000|  0%| F|  |TAMS 0x000000008cf00000, 0x000000008cf00000| Untracked 
| 208|0x000000008d000000, 0x000000008d000000, 0x000000008d100000|  0%| F|  |TAMS 0x000000008d000000, 0x000000008d000000| Untracked 
| 209|0x000000008d100000, 0x000000008d100000, 0x000000008d200000|  0%| F|  |TAMS 0x000000008d100000, 0x000000008d100000| Untracked 
| 210|0x000000008d200000, 0x000000008d200000, 0x000000008d300000|  0%| F|  |TAMS 0x000000008d200000, 0x000000008d200000| Untracked 
| 211|0x000000008d300000, 0x000000008d300000, 0x000000008d400000|  0%| F|  |TAMS 0x000000008d300000, 0x000000008d300000| Untracked 
| 212|0x000000008d400000, 0x000000008d400000, 0x000000008d500000|  0%| F|  |TAMS 0x000000008d400000, 0x000000008d400000| Untracked 
| 213|0x000000008d500000, 0x000000008d500000, 0x000000008d600000|  0%| F|  |TAMS 0x000000008d500000, 0x000000008d500000| Untracked 
| 214|0x000000008d600000, 0x000000008d600000, 0x000000008d700000|  0%| F|  |TAMS 0x000000008d600000, 0x000000008d600000| Untracked 
| 215|0x000000008d700000, 0x000000008d700000, 0x000000008d800000|  0%| F|  |TAMS 0x000000008d700000, 0x000000008d700000| Untracked 
| 216|0x000000008d800000, 0x000000008d800000, 0x000000008d900000|  0%| F|  |TAMS 0x000000008d800000, 0x000000008d800000| Untracked 
| 217|0x000000008d900000, 0x000000008d900000, 0x000000008da00000|  0%| F|  |TAMS 0x000000008d900000, 0x000000008d900000| Untracked 
| 218|0x000000008da00000, 0x000000008da00000, 0x000000008db00000|  0%| F|  |TAMS 0x000000008da00000, 0x000000008da00000| Untracked 
| 219|0x000000008db00000, 0x000000008db00000, 0x000000008dc00000|  0%| F|  |TAMS 0x000000008db00000, 0x000000008db00000| Untracked 
| 220|0x000000008dc00000, 0x000000008dc00000, 0x000000008dd00000|  0%| F|  |TAMS 0x000000008dc00000, 0x000000008dc00000| Untracked 
| 221|0x000000008dd00000, 0x000000008dd00000, 0x000000008de00000|  0%| F|  |TAMS 0x000000008dd00000, 0x000000008dd00000| Untracked 
| 222|0x000000008de00000, 0x000000008de00000, 0x000000008df00000|  0%| F|  |TAMS 0x000000008de00000, 0x000000008de00000| Untracked 
| 223|0x000000008df00000, 0x000000008df00000, 0x000000008e000000|  0%| F|  |TAMS 0x000000008df00000, 0x000000008df00000| Untracked 
| 224|0x000000008e000000, 0x000000008e000000, 0x000000008e100000|  0%| F|  |TAMS 0x000000008e000000, 0x000000008e000000| Untracked 
| 225|0x000000008e100000, 0x000000008e100000, 0x000000008e200000|  0%| F|  |TAMS 0x000000008e100000, 0x000000008e100000| Untracked 
| 226|0x000000008e200000, 0x000000008e200000, 0x000000008e300000|  0%| F|  |TAMS 0x000000008e200000, 0x000000008e200000| Untracked 
| 227|0x000000008e300000, 0x000000008e300000, 0x000000008e400000|  0%| F|  |TAMS 0x000000008e300000, 0x000000008e300000| Untracked 
| 228|0x000000008e400000, 0x000000008e400000, 0x000000008e500000|  0%| F|  |TAMS 0x000000008e400000, 0x000000008e400000| Untracked 
| 229|0x000000008e500000, 0x000000008e500000, 0x000000008e600000|  0%| F|  |TAMS 0x000000008e500000, 0x000000008e500000| Untracked 
| 230|0x000000008e600000, 0x000000008e600000, 0x000000008e700000|  0%| F|  |TAMS 0x000000008e600000, 0x000000008e600000| Untracked 
| 231|0x000000008e700000, 0x000000008e700000, 0x000000008e800000|  0%| F|  |TAMS 0x000000008e700000, 0x000000008e700000| Untracked 
| 232|0x000000008e800000, 0x000000008e800000, 0x000000008e900000|  0%| F|  |TAMS 0x000000008e800000, 0x000000008e800000| Untracked 
| 233|0x000000008e900000, 0x000000008e900000, 0x000000008ea00000|  0%| F|  |TAMS 0x000000008e900000, 0x000000008e900000| Untracked 
| 234|0x000000008ea00000, 0x000000008ea00000, 0x000000008eb00000|  0%| F|  |TAMS 0x000000008ea00000, 0x000000008ea00000| Untracked 
| 235|0x000000008eb00000, 0x000000008eb00000, 0x000000008ec00000|  0%| F|  |TAMS 0x000000008eb00000, 0x000000008eb00000| Untracked 
| 236|0x000000008ec00000, 0x000000008ec00000, 0x000000008ed00000|  0%| F|  |TAMS 0x000000008ec00000, 0x000000008ec00000| Untracked 
| 237|0x000000008ed00000, 0x000000008ed00000, 0x000000008ee00000|  0%| F|  |TAMS 0x000000008ed00000, 0x000000008ed00000| Untracked 
| 238|0x000000008ee00000, 0x000000008ee00000, 0x000000008ef00000|  0%| F|  |TAMS 0x000000008ee00000, 0x000000008ee00000| Untracked 
| 239|0x000000008ef00000, 0x000000008ef00000, 0x000000008f000000|  0%| F|  |TAMS 0x000000008ef00000, 0x000000008ef00000| Untracked 
| 240|0x000000008f000000, 0x000000008f000000, 0x000000008f100000|  0%| F|  |TAMS 0x000000008f000000, 0x000000008f000000| Untracked 
| 241|0x000000008f100000, 0x000000008f100000, 0x000000008f200000|  0%| F|  |TAMS 0x000000008f100000, 0x000000008f100000| Untracked 
| 242|0x000000008f200000, 0x000000008f200000, 0x000000008f300000|  0%| F|  |TAMS 0x000000008f200000, 0x000000008f200000| Untracked 
| 243|0x000000008f300000, 0x000000008f300000, 0x000000008f400000|  0%| F|  |TAMS 0x000000008f300000, 0x000000008f300000| Untracked 
| 244|0x000000008f400000, 0x000000008f400000, 0x000000008f500000|  0%| F|  |TAMS 0x000000008f400000, 0x000000008f400000| Untracked 
| 245|0x000000008f500000, 0x000000008f500000, 0x000000008f600000|  0%| F|  |TAMS 0x000000008f500000, 0x000000008f500000| Untracked 
| 246|0x000000008f600000, 0x000000008f600000, 0x000000008f700000|  0%| F|  |TAMS 0x000000008f600000, 0x000000008f600000| Untracked 
| 247|0x000000008f700000, 0x000000008f700000, 0x000000008f800000|  0%| F|  |TAMS 0x000000008f700000, 0x000000008f700000| Untracked 
| 248|0x000000008f800000, 0x000000008f800000, 0x000000008f900000|  0%| F|  |TAMS 0x000000008f800000, 0x000000008f800000| Untracked 
| 249|0x000000008f900000, 0x000000008f900000, 0x000000008fa00000|  0%| F|  |TAMS 0x000000008f900000, 0x000000008f900000| Untracked 
| 250|0x000000008fa00000, 0x000000008fa00000, 0x000000008fb00000|  0%| F|  |TAMS 0x000000008fa00000, 0x000000008fa00000| Untracked 
| 251|0x000000008fb00000, 0x000000008fb00000, 0x000000008fc00000|  0%| F|  |TAMS 0x000000008fb00000, 0x000000008fb00000| Untracked 
| 252|0x000000008fc00000, 0x000000008fc00000, 0x000000008fd00000|  0%| F|  |TAMS 0x000000008fc00000, 0x000000008fc00000| Untracked 
| 253|0x000000008fd00000, 0x000000008fd00000, 0x000000008fe00000|  0%| F|  |TAMS 0x000000008fd00000, 0x000000008fd00000| Untracked 
| 254|0x000000008fe00000, 0x000000008fe00000, 0x000000008ff00000|  0%| F|  |TAMS 0x000000008fe00000, 0x000000008fe00000| Untracked 
| 255|0x000000008ff00000, 0x000000008ff00000, 0x0000000090000000|  0%| F|  |TAMS 0x000000008ff00000, 0x000000008ff00000| Untracked 
| 256|0x0000000090000000, 0x0000000090000000, 0x0000000090100000|  0%| F|  |TAMS 0x0000000090000000, 0x0000000090000000| Untracked 
| 257|0x0000000090100000, 0x0000000090100000, 0x0000000090200000|  0%| F|  |TAMS 0x0000000090100000, 0x0000000090100000| Untracked 
| 258|0x0000000090200000, 0x0000000090200000, 0x0000000090300000|  0%| F|  |TAMS 0x0000000090200000, 0x0000000090200000| Untracked 
| 259|0x0000000090300000, 0x0000000090300000, 0x0000000090400000|  0%| F|  |TAMS 0x0000000090300000, 0x0000000090300000| Untracked 
| 260|0x0000000090400000, 0x0000000090400000, 0x0000000090500000|  0%| F|  |TAMS 0x0000000090400000, 0x0000000090400000| Untracked 
| 261|0x0000000090500000, 0x0000000090500000, 0x0000000090600000|  0%| F|  |TAMS 0x0000000090500000, 0x0000000090500000| Untracked 
| 262|0x0000000090600000, 0x0000000090600000, 0x0000000090700000|  0%| F|  |TAMS 0x0000000090600000, 0x0000000090600000| Untracked 
| 263|0x0000000090700000, 0x0000000090700000, 0x0000000090800000|  0%| F|  |TAMS 0x0000000090700000, 0x0000000090700000| Untracked 
| 264|0x0000000090800000, 0x0000000090800000, 0x0000000090900000|  0%| F|  |TAMS 0x0000000090800000, 0x0000000090800000| Untracked 
| 265|0x0000000090900000, 0x00000000909ec358, 0x0000000090a00000| 92%| E|  |TAMS 0x0000000090900000, 0x0000000090900000| Complete 
| 266|0x0000000090a00000, 0x0000000090b00000, 0x0000000090b00000|100%| E|CS|TAMS 0x0000000090a00000, 0x0000000090a00000| Complete 
| 267|0x0000000090b00000, 0x0000000090c00000, 0x0000000090c00000|100%| E|CS|TAMS 0x0000000090b00000, 0x0000000090b00000| Complete 
| 268|0x0000000090c00000, 0x0000000090d00000, 0x0000000090d00000|100%| E|CS|TAMS 0x0000000090c00000, 0x0000000090c00000| Complete 

Card table byte_map: [0x00000259e1be0000,0x00000259e1fe0000] _byte_map_base: 0x00000259e17e0000

Marking Bits (Prev, Next): (CMBitMap*) 0x00000259ceb59600, (CMBitMap*) 0x00000259ceb595c8
 Prev Bits: [0x00000259e43e0000, 0x00000259e63e0000)
 Next Bits: [0x00000259e23e0000, 0x00000259e43e0000)

Polling page: 0x00000259ccab0000

Metaspace:

Usage:
  Non-class:     72.69 MB capacity,    71.26 MB ( 98%) used,     1.19 MB (  2%) free+waste,   253.63 KB ( <1%) overhead. 
      Class:     11.70 MB capacity,    10.87 MB ( 93%) used,   727.17 KB (  6%) free+waste,   119.19 KB ( <1%) overhead. 
       Both:     84.39 MB capacity,    82.13 MB ( 97%) used,     1.90 MB (  2%) free+waste,   372.81 KB ( <1%) overhead. 

Virtual space:
  Non-class space:       74.00 MB reserved,      72.70 MB ( 98%) committed 
      Class space:        1.00 GB reserved,      11.75 MB (  1%) committed 
             Both:        1.07 GB reserved,      84.45 MB (  8%) committed 

Chunk freelists:
   Non-Class:  6.00 KB
       Class:  0 bytes
        Both:  6.00 KB

MaxMetaspaceSize: 17179869184.00 GB
CompressedClassSpaceSize: 1.00 GB

CodeHeap 'non-profiled nmethods': size=120000Kb used=6110Kb max_used=6110Kb free=113889Kb
 bounds [0x00000259d9f70000, 0x00000259da570000, 0x00000259e14a0000]
CodeHeap 'profiled nmethods': size=120000Kb used=21117Kb max_used=21117Kb free=98882Kb
 bounds [0x00000259d2a40000, 0x00000259d3ef0000, 0x00000259d9f70000]
CodeHeap 'non-nmethods': size=5760Kb used=2256Kb max_used=2370Kb free=3503Kb
 bounds [0x00000259d24a0000, 0x00000259d2710000, 0x00000259d2a40000]
 total_blobs=10801 nmethods=9954 adapters=758
 compilation: enabled
              stopped_count=0, restarted_count=0
 full_count=0

Compilation events (20 events):
Event: 11.299 Thread 0x00000259e96d3800 nmethod 10143 0x00000259da55be90 code [0x00000259da55c020, 0x00000259da55c098]
Event: 11.299 Thread 0x00000259e96d3800 10198       4       com.android.tools.r8.graph.S$d::hashCode (10 bytes)
Event: 11.299 Thread 0x00000259e96d3800 nmethod 10198 0x00000259da55c110 code [0x00000259da55c2a0, 0x00000259da55c318]
Event: 11.299 Thread 0x00000259e96d3800 10178       4       java.util.stream.ReferencePipeline$StatelessOp::<init> (29 bytes)
Event: 11.301 Thread 0x00000259e96d3800 nmethod 10178 0x00000259da55c390 code [0x00000259da55c520, 0x00000259da55c858]
Event: 11.302 Thread 0x00000259e96d3800 10112       4       java.util.stream.StreamOpFlag::fromCharacteristics (37 bytes)
Event: 11.302 Thread 0x00000259e96dc000 10306       3       com.android.tools.r8.graph.v1::d (64 bytes)
Event: 11.324 Thread 0x00000259e96dc000 nmethod 10306 0x00000259d3eded10 code [0x00000259d3edef60, 0x00000259d3edf998]
Event: 11.324 Thread 0x00000259e96d3800 nmethod 10112 0x00000259da55c990 code [0x00000259da55cb20, 0x00000259da55cbb8]
Event: 11.324 Thread 0x00000259e96d3800 10194       4       com.android.tools.r8.graph.t0::a (1 bytes)
Event: 11.324 Thread 0x00000259e96d3800 nmethod 10194 0x00000259da55cc90 code [0x00000259da55ce20, 0x00000259da55ce78]
Event: 11.324 Thread 0x00000259e96d3800 10216       4       com.android.tools.r8.w.a.a.a.h.f0$a::next (25 bytes)
Event: 11.327 Thread 0x00000259e96d3800 nmethod 10216 0x00000259da55cf10 code [0x00000259da55d0c0, 0x00000259da55d3b8]
Event: 11.327 Thread 0x00000259e96d3800 10168       4       java.util.Spliterator::getExactSizeIfKnown (25 bytes)
Event: 11.328 Thread 0x00000259e96d3800 nmethod 10168 0x00000259da55d590 code [0x00000259da55d720, 0x00000259da55d7d8]
Event: 11.328 Thread 0x00000259e96d3800 10162       4       java.util.stream.AbstractPipeline::copyInto (54 bytes)
Event: 11.333 Thread 0x00000259e96dc000 10308       2       com.android.tools.r8.code.l0::a (1 bytes)
Event: 11.333 Thread 0x00000259e96dc000 nmethod 10308 0x00000259d3edfc10 code [0x00000259d3edfdc0, 0x00000259d3edfeb8]
Event: 11.333 Thread 0x00000259eabbb000 nmethod 10231 0x00000259da55d890 code [0x00000259da55dc00, 0x00000259da560ad0]
Event: 11.333 Thread 0x00000259eabbb000 10161       4       java.util.stream.AbstractPipeline::sourceSpliterator (265 bytes)

GC Heap History (20 events):
Event: 4.255 GC heap before
{Heap before GC invocations=6 (full 0):
 garbage-first heap   total 229376K, used 125636K [0x0000000080000000, 0x0000000100000000)
  region size 1024K, 105 young (107520K), 6 survivors (6144K)
 Metaspace       used 44042K, capacity 45107K, committed 45312K, reserved 1089536K
  class space    used 5667K, capacity 6025K, committed 6144K, reserved 1048576K
}
Event: 4.261 GC heap after
{Heap after GC invocations=7 (full 0):
 garbage-first heap   total 229376K, used 25914K [0x0000000080000000, 0x0000000100000000)
  region size 1024K, 11 young (11264K), 11 survivors (11264K)
 Metaspace       used 44042K, capacity 45107K, committed 45312K, reserved 1089536K
  class space    used 5667K, capacity 6025K, committed 6144K, reserved 1048576K
}
Event: 5.506 GC heap before
{Heap before GC invocations=7 (full 0):
 garbage-first heap   total 229376K, used 147770K [0x0000000080000000, 0x0000000100000000)
  region size 1024K, 128 young (131072K), 11 survivors (11264K)
 Metaspace       used 56078K, capacity 57385K, committed 57600K, reserved 1099776K
  class space    used 7148K, capacity 7647K, committed 7680K, reserved 1048576K
}
Event: 5.516 GC heap after
{Heap after GC invocations=8 (full 0):
 garbage-first heap   total 229376K, used 39446K [0x0000000080000000, 0x0000000100000000)
  region size 1024K, 16 young (16384K), 16 survivors (16384K)
 Metaspace       used 56078K, capacity 57385K, committed 57600K, reserved 1099776K
  class space    used 7148K, capacity 7647K, committed 7680K, reserved 1048576K
}
Event: 5.847 GC heap before
{Heap before GC invocations=8 (full 0):
 garbage-first heap   total 229376K, used 64022K [0x0000000080000000, 0x0000000100000000)
  region size 1024K, 41 young (41984K), 16 survivors (16384K)
 Metaspace       used 58607K, capacity 60040K, committed 60160K, reserved 1101824K
  class space    used 7436K, capacity 7923K, committed 7936K, reserved 1048576K
}
Event: 5.867 GC heap after
{Heap after GC invocations=9 (full 0):
 garbage-first heap   total 229376K, used 43570K [0x0000000080000000, 0x0000000100000000)
  region size 1024K, 4 young (4096K), 4 survivors (4096K)
 Metaspace       used 58607K, capacity 60040K, committed 60160K, reserved 1101824K
  class space    used 7436K, capacity 7923K, committed 7936K, reserved 1048576K
}
Event: 6.864 GC heap before
{Heap before GC invocations=10 (full 0):
 garbage-first heap   total 229376K, used 125490K [0x0000000080000000, 0x0000000100000000)
  region size 1024K, 84 young (86016K), 4 survivors (4096K)
 Metaspace       used 65774K, capacity 67357K, committed 67532K, reserved 1107968K
  class space    used 8597K, capacity 9152K, committed 9216K, reserved 1048576K
}
Event: 6.873 GC heap after
{Heap after GC invocations=11 (full 0):
 garbage-first heap   total 229376K, used 47514K [0x0000000080000000, 0x0000000100000000)
  region size 1024K, 8 young (8192K), 8 survivors (8192K)
 Metaspace       used 65774K, capacity 67357K, committed 67532K, reserved 1107968K
  class space    used 8597K, capacity 9152K, committed 9216K, reserved 1048576K
}
Event: 8.066 GC heap before
{Heap before GC invocations=11 (full 0):
 garbage-first heap   total 229376K, used 134554K [0x0000000080000000, 0x0000000100000000)
  region size 1024K, 93 young (95232K), 8 survivors (8192K)
 Metaspace       used 74915K, capacity 76887K, committed 77132K, reserved 1116160K
  class space    used 9853K, capacity 10561K, committed 10624K, reserved 1048576K
}
Event: 8.077 GC heap after
{Heap after GC invocations=12 (full 0):
 garbage-first heap   total 229376K, used 53229K [0x0000000080000000, 0x0000000100000000)
  region size 1024K, 12 young (12288K), 12 survivors (12288K)
 Metaspace       used 74915K, capacity 76887K, committed 77132K, reserved 1116160K
  class space    used 9853K, capacity 10561K, committed 10624K, reserved 1048576K
}
Event: 8.744 GC heap before
{Heap before GC invocations=12 (full 0):
 garbage-first heap   total 229376K, used 142317K [0x0000000080000000, 0x0000000100000000)
  region size 1024K, 100 young (102400K), 12 survivors (12288K)
 Metaspace       used 75701K, capacity 77692K, committed 77900K, reserved 1116160K
  class space    used 9891K, capacity 10614K, committed 10624K, reserved 1048576K
}
Event: 8.755 GC heap after
{Heap after GC invocations=13 (full 0):
 garbage-first heap   total 229376K, used 59314K [0x0000000080000000, 0x0000000100000000)
  region size 1024K, 12 young (12288K), 12 survivors (12288K)
 Metaspace       used 75701K, capacity 77692K, committed 77900K, reserved 1116160K
  class space    used 9891K, capacity 10614K, committed 10624K, reserved 1048576K
}
Event: 9.512 GC heap before
{Heap before GC invocations=13 (full 0):
 garbage-first heap   total 229376K, used 150450K [0x0000000080000000, 0x0000000100000000)
  region size 1024K, 102 young (104448K), 12 survivors (12288K)
 Metaspace       used 76481K, capacity 78473K, committed 78796K, reserved 1118208K
  class space    used 9952K, capacity 10641K, committed 10752K, reserved 1048576K
}
Event: 9.527 GC heap after
{Heap after GC invocations=14 (full 0):
 garbage-first heap   total 229376K, used 64568K [0x0000000080000000, 0x0000000100000000)
  region size 1024K, 12 young (12288K), 12 survivors (12288K)
 Metaspace       used 76481K, capacity 78473K, committed 78796K, reserved 1118208K
  class space    used 9952K, capacity 10641K, committed 10752K, reserved 1048576K
}
Event: 10.331 GC heap before
{Heap before GC invocations=14 (full 0):
 garbage-first heap   total 229376K, used 180280K [0x0000000080000000, 0x0000000100000000)
  region size 1024K, 104 young (106496K), 12 survivors (12288K)
 Metaspace       used 81522K, capacity 83664K, committed 83916K, reserved 1122304K
  class space    used 10768K, capacity 11520K, committed 11520K, reserved 1048576K
}
Event: 10.357 GC heap after
{Heap after GC invocations=15 (full 0):
 garbage-first heap   total 229376K, used 103400K [0x0000000080000000, 0x0000000100000000)
  region size 1024K, 13 young (13312K), 13 survivors (13312K)
 Metaspace       used 81522K, capacity 83664K, committed 83916K, reserved 1122304K
  class space    used 10768K, capacity 11520K, committed 11520K, reserved 1048576K
}
Event: 10.861 GC heap before
{Heap before GC invocations=15 (full 0):
 garbage-first heap   total 229376K, used 165864K [0x0000000080000000, 0x0000000100000000)
  region size 1024K, 75 young (76800K), 13 survivors (13312K)
 Metaspace       used 83510K, capacity 85810K, committed 85964K, reserved 1124352K
  class space    used 11070K, capacity 11908K, committed 12032K, reserved 1048576K
}
Event: 10.898 GC heap after
{Heap after GC invocations=16 (full 0):
 garbage-first heap   total 229376K, used 135918K [0x0000000080000000, 0x0000000100000000)
  region size 1024K, 10 young (10240K), 10 survivors (10240K)
 Metaspace       used 83510K, capacity 85810K, committed 85964K, reserved 1124352K
  class space    used 11070K, capacity 11908K, committed 12032K, reserved 1048576K
}
Event: 11.302 GC heap before
{Heap before GC invocations=16 (full 0):
 garbage-first heap   total 229376K, used 172782K [0x0000000080000000, 0x0000000100000000)
  region size 1024K, 47 young (48128K), 10 survivors (10240K)
 Metaspace       used 84097K, capacity 86415K, committed 86476K, reserved 1124352K
  class space    used 11130K, capacity 11977K, committed 12032K, reserved 1048576K
}
Event: 11.323 GC heap after
{Heap after GC invocations=17 (full 0):
 garbage-first heap   total 275456K, used 148480K [0x0000000080000000, 0x0000000100000000)
  region size 1024K, 6 young (6144K), 6 survivors (6144K)
 Metaspace       used 84097K, capacity 86415K, committed 86476K, reserved 1124352K
  class space    used 11130K, capacity 11977K, committed 12032K, reserved 1048576K
}

Deoptimization events (20 events):
Event: 11.034 Thread 0x00000259edb5d000 DEOPT PACKING pc=0x00000259d3e8aadc sp=0x000000810c5feb00
Event: 11.034 Thread 0x00000259edb57800 DEOPT PACKING pc=0x00000259d3e8aadc sp=0x000000810c6feef0
Event: 11.034 Thread 0x00000259edb5d000 DEOPT UNPACKING pc=0x00000259d24c72ce sp=0x000000810c5fdfc0 mode 0
Event: 11.034 Thread 0x00000259edb57800 DEOPT UNPACKING pc=0x00000259d24c72ce sp=0x000000810c6fe3b0 mode 0
Event: 11.035 Thread 0x00000259e9ca9000 DEOPT PACKING pc=0x00000259d3e8aadc sp=0x000000810c9feb10
Event: 11.035 Thread 0x00000259e9ca9000 DEOPT UNPACKING pc=0x00000259d24c72ce sp=0x000000810c9fdfd0 mode 0
Event: 11.034 Thread 0x00000259e9ca4800 DEOPT PACKING pc=0x00000259d3e8aadc sp=0x000000810ccfeed0
Event: 11.034 Thread 0x00000259e9ca6800 DEOPT PACKING pc=0x00000259d3e8aadc sp=0x000000810c8fefd0
Event: 11.035 Thread 0x00000259e9ca4800 DEOPT UNPACKING pc=0x00000259d24c72ce sp=0x000000810ccfe390 mode 0
Event: 11.035 Thread 0x00000259e9ca6800 DEOPT UNPACKING pc=0x00000259d24c72ce sp=0x000000810c8fe490 mode 0
Event: 11.064 Thread 0x00000259edb5c800 Uncommon trap: trap_request=0xffffffe4 fr.pc=0x00000259da4e7d6c relative=0x000000000000022c
Event: 11.064 Thread 0x00000259edb5c800 Uncommon trap: reason=range_check action=make_not_entrant pc=0x00000259da4e7d6c method=com.android.tools.r8.graph.q0.b(Lcom/android/tools/r8/graph/q0;)I @ 26 c2
Event: 11.064 Thread 0x00000259edb5c800 DEOPT PACKING pc=0x00000259da4e7d6c sp=0x000000810c4fcf80
Event: 11.064 Thread 0x00000259edb5c800 DEOPT UNPACKING pc=0x00000259d24c74af sp=0x000000810c4fcf00 mode 2
Event: 11.302 Thread 0x00000259edb5c800 DEOPT PACKING pc=0x00000259d3e4ae29 sp=0x000000810c4fd430
Event: 11.302 Thread 0x00000259edb5c800 DEOPT UNPACKING pc=0x00000259d24c72ce sp=0x000000810c4fc8d8 mode 0
Event: 11.333 Thread 0x00000259edb5c800 Uncommon trap: trap_request=0xffffffcc fr.pc=0x00000259da55fd88 relative=0x0000000000002188
Event: 11.333 Thread 0x00000259edb5c800 Uncommon trap: reason=intrinsic_or_type_checked_inlining action=make_not_entrant pc=0x00000259da55fd88 method=java.util.stream.SpinedBuffer.copyInto([Ljava/lang/Object;I)V @ 51 c2
Event: 11.333 Thread 0x00000259edb5c800 DEOPT PACKING pc=0x00000259da55fd88 sp=0x000000810c4fd110
Event: 11.333 Thread 0x00000259edb5c800 DEOPT UNPACKING pc=0x00000259d24c74af sp=0x000000810c4fcd98 mode 2

Classes redefined (0 events):
No events

Internal exceptions (20 events):
Event: 9.649 Thread 0x00000259edb5b800 Exception <a 'java/lang/NoSuchMethodError'{0x000000008d025438}: 'java.lang.Object java.lang.invoke.Invokers$Holder.linkToTargetMethod(java.lang.Object, int, java.lang.Object, java.lang.Object)'> (0x000000008d025438) thrown at [./src/hotspot/share/interpreter/linkResolver.cpp, line 773]
Event: 9.651 Thread 0x00000259edb5b800 Exception <a 'java/lang/NoSuchMethodError'{0x000000008d03aa40}: 'void java.lang.invoke.DirectMethodHandle$Holder.invokeVirtual(java.lang.Object, java.lang.Object)'> (0x000000008d03aa40) thrown at [./src/hotspot/share/interpreter/linkResolver.cpp, line 773]
Event: 9.837 Thread 0x00000259edb5c800 Exception <a 'sun/nio/fs/WindowsException'{0x000000008bfd2660}> (0x000000008bfd2660) thrown at [./src/hotspot/share/prims/jni.cpp, line 615]
Event: 9.882 Thread 0x00000259edb5c800 Exception <a 'java/lang/NoSuchMethodError'{0x000000008bc2c190}: 'int java.lang.invoke.DirectMethodHandle$Holder.invokeVirtual(java.lang.Object, java.lang.Object, java.lang.Object)'> (0x000000008bc2c190) thrown at [./src/hotspot/share/interpreter/linkResolver.cpp, line 773]
Event: 9.928 Thread 0x00000259edb5c800 Exception <a 'java/lang/NoSuchMethodError'{0x000000008ba0c180}: 'int java.lang.invoke.DirectMethodHandle$Holder.invokeVirtual(java.lang.Object, java.lang.Object)'> (0x000000008ba0c180) thrown at [./src/hotspot/share/interpreter/linkResolver.cpp, line 773]
Event: 9.929 Thread 0x00000259edb5c800 Exception <a 'java/lang/NoSuchMethodError'{0x000000008ba118b0}: 'java.lang.Object java.lang.invoke.DirectMethodHandle$Holder.invokeStatic(java.lang.Object, java.lang.Object, java.lang.Object, java.lang.Object, java.lang.Object, java.lang.Object, java.lang.Object, java.lang.Object, java.lang.Object, java.lang.Object, java.lang.Object, java.lang.Object, java.lang.Object, java.lang.Object, java.lang.Object, java.lang.Object, java.lang.Object, int, java.lang.Object)'> (0x000000008ba118b0) thrown at [./src/hots
Event: 9.929 Thread 0x00000259edb5c800 Exception <a 'java/lang/NoSuchMethodError'{0x000000008ba17140}: 'java.lang.Object java.lang.invoke.DirectMethodHandle$Holder.invokeStaticInit(java.lang.Object, java.lang.Object, java.lang.Object, java.lang.Object, java.lang.Object, java.lang.Object, java.lang.Object, java.lang.Object, java.lang.Object, java.lang.Object, java.lang.Object, java.lang.Object, java.lang.Object, java.lang.Object, java.lang.Object, java.lang.Object, java.lang.Object, int, java.lang.Object)'> (0x000000008ba17140) thrown at [./src/
Event: 10.142 Thread 0x00000259edb5c800 Implicit null exception at 0x00000259da4c2a9c to 0x00000259da4c35f8
Event: 10.184 Thread 0x00000259e9ca9000 Exception <a 'java/lang/NoSuchMethodError'{0x000000008907e210}: 'java.lang.Object java.lang.invoke.DirectMethodHandle$Holder.newInvokeSpecial(java.lang.Object, int)'> (0x000000008907e210) thrown at [./src/hotspot/share/interpreter/linkResolver.cpp, line 773]
Event: 10.714 Thread 0x00000259edb5c800 Exception <a 'java/lang/NoSuchMethodError'{0x000000008aa7c5e8}: 'void java.lang.invoke.DirectMethodHandle$Holder.invokeStatic(java.lang.Object, java.lang.Object, java.lang.Object, int)'> (0x000000008aa7c5e8) thrown at [./src/hotspot/share/interpreter/linkResolver.cpp, line 773]
Event: 10.715 Thread 0x00000259edb5c800 Exception <a 'java/lang/IncompatibleClassChangeError'{0x000000008aa84930}: Found class java.lang.Object, but interface was expected> (0x000000008aa84930) thrown at [./src/hotspot/share/interpreter/linkResolver.cpp, line 839]
Event: 10.788 Thread 0x00000259edb5c800 Exception <a 'java/lang/NoSuchMethodError'{0x000000008a7f9568}: 'void java.lang.invoke.DirectMethodHandle$Holder.invokeStaticInit(java.lang.Object, java.lang.Object, java.lang.Object, java.lang.Object, java.lang.Object)'> (0x000000008a7f9568) thrown at [./src/hotspot/share/interpreter/linkResolver.cpp, line 773]
Event: 10.813 Thread 0x00000259edb5c800 Exception <a 'java/lang/NoSuchMethodError'{0x000000008a54f8c0}: 'java.lang.Object java.lang.invoke.DirectMethodHandle$Holder.invokeStatic(java.lang.Object, int, java.lang.Object, java.lang.Object)'> (0x000000008a54f8c0) thrown at [./src/hotspot/share/interpreter/linkResolver.cpp, line 773]
Event: 10.824 Thread 0x00000259edb5c800 Exception <a 'java/lang/NoSuchMethodError'{0x000000008a5c0c88}: 'long java.lang.invoke.DirectMethodHandle$Holder.invokeStatic(java.lang.Object, java.lang.Object)'> (0x000000008a5c0c88) thrown at [./src/hotspot/share/interpreter/linkResolver.cpp, line 773]
Event: 10.841 Thread 0x00000259e9ca4800 Exception <a 'java/lang/NoSuchMethodError'{0x000000008a3404d0}: 'void java.lang.invoke.DirectMethodHandle$Holder.invokeSpecial(java.lang.Object, java.lang.Object, int, java.lang.Object)'> (0x000000008a3404d0) thrown at [./src/hotspot/share/interpreter/linkResolver.cpp, line 773]
Event: 10.841 Thread 0x00000259edb57800 Exception <a 'java/lang/NoSuchMethodError'{0x000000008a34f910}: 'void java.lang.invoke.DirectMethodHandle$Holder.invokeSpecial(java.lang.Object, java.lang.Object, int, java.lang.Object)'> (0x000000008a34f910) thrown at [./src/hotspot/share/interpreter/linkResolver.cpp, line 773]
Event: 10.841 Thread 0x00000259e9ca6800 Exception <a 'java/lang/NoSuchMethodError'{0x000000008a3302e0}: 'void java.lang.invoke.DirectMethodHandle$Holder.invokeSpecial(java.lang.Object, java.lang.Object, int, java.lang.Object)'> (0x000000008a3302e0) thrown at [./src/hotspot/share/interpreter/linkResolver.cpp, line 773]
Event: 10.845 Thread 0x00000259e9ca8000 Exception <a 'java/lang/NoSuchMethodError'{0x000000008a35d8c0}: 'void java.lang.invoke.DirectMethodHandle$Holder.invokeSpecial(java.lang.Object, java.lang.Object, int, java.lang.Object)'> (0x000000008a35d8c0) thrown at [./src/hotspot/share/interpreter/linkResolver.cpp, line 773]
Event: 10.990 Thread 0x00000259edb5c800 Exception <a 'java/lang/NoSuchMethodError'{0x000000008d7ca190}: 'java.lang.Object java.lang.invoke.DirectMethodHandle$Holder.invokeSpecial(java.lang.Object, java.lang.Object, java.lang.Object, java.lang.Object, java.lang.Object, java.lang.Object, java.lang.Object, java.lang.Object, java.lang.Object, java.lang.Object)'> (0x000000008d7ca190) thrown at [./src/hotspot/share/interpreter/linkResolver.cpp, line 773]
Event: 10.991 Thread 0x00000259edb5c800 Exception <a 'java/lang/NoSuchMethodError'{0x000000008d7ce280}: 'java.lang.Object java.lang.invoke.Invokers$Holder.linkToTargetMethod(java.lang.Object, java.lang.Object, java.lang.Object, java.lang.Object, java.lang.Object, java.lang.Object, java.lang.Object, java.lang.Object, java.lang.Object)'> (0x000000008d7ce280) thrown at [./src/hotspot/share/interpreter/linkResolver.cpp, line 773]

Events (20 events):
Event: 11.054 loading class com/android/tools/r8/graph/S
Event: 11.054 loading class com/android/tools/r8/graph/S done
Event: 11.054 loading class com/android/tools/r8/graph/S
Event: 11.054 loading class com/android/tools/r8/graph/S done
Event: 11.054 loading class com/android/tools/r8/graph/S$h
Event: 11.054 loading class com/android/tools/r8/graph/S$h done
Event: 11.055 loading class com/android/tools/r8/graph/R0$d
Event: 11.055 loading class com/android/tools/r8/graph/R0$d done
Event: 11.055 loading class com/android/tools/r8/graph/j0
Event: 11.055 loading class com/android/tools/r8/graph/j0 done
Event: 11.055 loading class com/android/tools/r8/graph/R0$f
Event: 11.055 loading class com/android/tools/r8/graph/R0$f done
Event: 11.055 loading class com/android/tools/r8/graph/R0$f
Event: 11.055 loading class com/android/tools/r8/graph/R0$f done
Event: 11.281 loading class com/android/tools/r8/graph/R0$a
Event: 11.281 loading class com/android/tools/r8/graph/R0$a done
Event: 11.295 Executing VM operation: ICBufferFull
Event: 11.295 Executing VM operation: ICBufferFull done
Event: 11.302 Executing VM operation: G1CollectForAllocation
Event: 11.323 Executing VM operation: G1CollectForAllocation done


Dynamic libraries:
0x00007ff766520000 - 0x00007ff76652a000 	C:\Program Files\Android\Android Studio\jre\bin\java.exe
0x00007ffa0fa50000 - 0x00007ffa0fc45000 	C:\WINDOWS\SYSTEM32\ntdll.dll
0x00007ffa0e2b0000 - 0x00007ffa0e36d000 	C:\WINDOWS\System32\KERNEL32.DLL
0x00007ffa0d420000 - 0x00007ffa0d6e9000 	C:\WINDOWS\System32\KERNELBASE.dll
0x00007ffa0d280000 - 0x00007ffa0d380000 	C:\WINDOWS\System32\ucrtbase.dll
0x00007ff9f94f0000 - 0x00007ff9f9507000 	C:\Program Files\Android\Android Studio\jre\bin\VCRUNTIME140.dll
0x00007ffa01ea0000 - 0x00007ffa01eb9000 	C:\Program Files\Android\Android Studio\jre\bin\jli.dll
0x00007ffa0f7b0000 - 0x00007ffa0f950000 	C:\WINDOWS\System32\USER32.dll
0x00007ffa0d980000 - 0x00007ffa0d9a2000 	C:\WINDOWS\System32\win32u.dll
0x00007ff9fab50000 - 0x00007ff9fadea000 	C:\WINDOWS\WinSxS\amd64_microsoft.windows.common-controls_6595b64144ccf1df_6.0.19041.1110_none_60b5254171f9507e\COMCTL32.dll
0x00007ffa0f950000 - 0x00007ffa0f97a000 	C:\WINDOWS\System32\GDI32.dll
0x00007ffa0ef70000 - 0x00007ffa0f00e000 	C:\WINDOWS\System32\msvcrt.dll
0x00007ffa0d9b0000 - 0x00007ffa0dabb000 	C:\WINDOWS\System32\gdi32full.dll
0x00007ffa0d380000 - 0x00007ffa0d41d000 	C:\WINDOWS\System32\msvcp_win.dll
0x00007ffa0e430000 - 0x00007ffa0e460000 	C:\WINDOWS\System32\IMM32.DLL
0x00007ff9eb060000 - 0x00007ff9eb0fd000 	C:\Program Files\Android\Android Studio\jre\bin\msvcp140.dll
0x00007ff9db280000 - 0x00007ff9dbd3c000 	C:\Program Files\Android\Android Studio\jre\bin\server\jvm.dll
0x00007ffa0dac0000 - 0x00007ffa0db6c000 	C:\WINDOWS\System32\ADVAPI32.dll
0x00007ffa0f5e0000 - 0x00007ffa0f67b000 	C:\WINDOWS\System32\sechost.dll
0x00007ffa0f680000 - 0x00007ffa0f7aa000 	C:\WINDOWS\System32\RPCRT4.dll
0x00007ffa0e370000 - 0x00007ffa0e378000 	C:\WINDOWS\System32\PSAPI.DLL
0x00007ffa052b0000 - 0x00007ffa052ba000 	C:\WINDOWS\SYSTEM32\VERSION.dll
0x00007ff9fdc80000 - 0x00007ff9fdca7000 	C:\WINDOWS\SYSTEM32\WINMM.dll
0x00007ffa07210000 - 0x00007ffa07219000 	C:\WINDOWS\SYSTEM32\WSOCK32.dll
0x00007ffa0f980000 - 0x00007ffa0f9eb000 	C:\WINDOWS\System32\WS2_32.dll
0x00007ffa0b0e0000 - 0x00007ffa0b0f2000 	C:\WINDOWS\SYSTEM32\kernel.appcore.dll
0x00007ffa00370000 - 0x00007ffa00381000 	C:\Program Files\Android\Android Studio\jre\bin\verify.dll
0x00007ffa07a80000 - 0x00007ffa07c64000 	C:\WINDOWS\SYSTEM32\DBGHELP.DLL
0x00007ffa079e0000 - 0x00007ffa07a0c000 	C:\WINDOWS\SYSTEM32\dbgcore.DLL
0x00007ffa0d190000 - 0x00007ffa0d213000 	C:\WINDOWS\System32\bcryptPrimitives.dll
0x00007ff9ffed0000 - 0x00007ff9ffef9000 	C:\Program Files\Android\Android Studio\jre\bin\java.dll
0x00007ffa07140000 - 0x00007ffa0714b000 	C:\Program Files\Android\Android Studio\jre\bin\jimage.dll
0x00007ff9ff140000 - 0x00007ff9ff158000 	C:\Program Files\Android\Android Studio\jre\bin\zip.dll
0x00007ffa0e520000 - 0x00007ffa0ec5f000 	C:\WINDOWS\System32\SHELL32.dll
0x00007ffa0b2e0000 - 0x00007ffa0ba71000 	C:\WINDOWS\SYSTEM32\windows.storage.dll
0x00007ffa0f160000 - 0x00007ffa0f4b5000 	C:\WINDOWS\System32\combase.dll
0x00007ffa0cb30000 - 0x00007ffa0cb5c000 	C:\WINDOWS\SYSTEM32\Wldp.dll
0x00007ffa0e380000 - 0x00007ffa0e42e000 	C:\WINDOWS\System32\SHCORE.dll
0x00007ffa0ef10000 - 0x00007ffa0ef65000 	C:\WINDOWS\System32\shlwapi.dll
0x00007ffa0d0d0000 - 0x00007ffa0d0ef000 	C:\WINDOWS\SYSTEM32\profapi.dll
0x00007ff9fe560000 - 0x00007ff9fe57a000 	C:\Program Files\Android\Android Studio\jre\bin\net.dll
0x00007ffa06860000 - 0x00007ffa0696a000 	C:\WINDOWS\SYSTEM32\WINHTTP.dll
0x00007ffa0c890000 - 0x00007ffa0c8fa000 	C:\WINDOWS\system32\mswsock.dll
0x00007ff9fb000000 - 0x00007ff9fb014000 	C:\Program Files\Android\Android Studio\jre\bin\nio.dll
0x00007ff9f9510000 - 0x00007ff9f9536000 	C:\Users\ThuyPC\.gradle\native\fdc75f09e3144964f2cf3f50f0aa648679c211496f362492102eb8c894070792\windows-amd64\native-platform.dll
0x00007ff9dd2c0000 - 0x00007ff9dd451000 	C:\Users\ThuyPC\.gradle\native\12488b8bf47d2d4c9fbf2f6322a914ad602e24e48041cd04a747c6da556b65c4\windows-amd64\native-platform-file-events.dll
0x00007ffa01e10000 - 0x00007ffa01e1a000 	C:\Program Files\Android\Android Studio\jre\bin\management.dll
0x00007ffa01bc0000 - 0x00007ffa01bcc000 	C:\Program Files\Android\Android Studio\jre\bin\management_ext.dll
0x00007ffa0ca70000 - 0x00007ffa0ca88000 	C:\WINDOWS\SYSTEM32\CRYPTSP.dll
0x00007ffa0c230000 - 0x00007ffa0c264000 	C:\WINDOWS\system32\rsaenh.dll
0x00007ffa0d6f0000 - 0x00007ffa0d717000 	C:\WINDOWS\System32\bcrypt.dll
0x00007ffa0d090000 - 0x00007ffa0d0be000 	C:\WINDOWS\SYSTEM32\USERENV.dll
0x00007ffa0ca90000 - 0x00007ffa0ca9c000 	C:\WINDOWS\SYSTEM32\CRYPTBASE.dll
0x00007ffa0c580000 - 0x00007ffa0c5bb000 	C:\WINDOWS\SYSTEM32\IPHLPAPI.DLL
0x00007ffa0ee20000 - 0x00007ffa0ee28000 	C:\WINDOWS\System32\NSI.dll
0x00007ffa07f30000 - 0x00007ffa07f47000 	C:\WINDOWS\SYSTEM32\dhcpcsvc6.DLL
0x00007ffa08480000 - 0x00007ffa0849d000 	C:\WINDOWS\SYSTEM32\dhcpcsvc.DLL
0x00007ffa0c5c0000 - 0x00007ffa0c68c000 	C:\WINDOWS\SYSTEM32\DNSAPI.dll
0x00007ffa08640000 - 0x00007ffa0864b000 	C:\WINDOWS\SYSTEM32\WINNSI.DLL

dbghelp: loaded successfully - version: 4.0.5 - missing functions: none
symbol engine: initialized successfully - sym options: 0x614 - pdb path: .;C:\Program Files\Android\Android Studio\jre\bin;C:\WINDOWS\SYSTEM32;C:\WINDOWS\WinSxS\amd64_microsoft.windows.common-controls_6595b64144ccf1df_6.0.19041.1110_none_60b5254171f9507e;C:\Program Files\Android\Android Studio\jre\bin\server;C:\Users\ThuyPC\.gradle\native\fdc75f09e3144964f2cf3f50f0aa648679c211496f362492102eb8c894070792\windows-amd64;C:\Users\ThuyPC\.gradle\native\12488b8bf47d2d4c9fbf2f6322a914ad602e24e48041cd04a747c6da556b65c4\windows-amd64

VM Arguments:
jvm_args: --add-opens=java.base/java.util=ALL-UNNAMED --add-opens=java.base/java.lang=ALL-UNNAMED --add-opens=java.base/java.lang.invoke=ALL-UNNAMED --add-opens=java.prefs/java.util.prefs=ALL-UNNAMED -Xmx2048m -Dfile.encoding=UTF-8 -Duser.country=US -Duser.language=en -Duser.variant 
java_command: org.gradle.launcher.daemon.bootstrap.GradleDaemon 6.7.1
java_class_path (initial): C:\Users\ThuyPC\.gradle\wrapper\dists\gradle-6.7.1-bin\bwlcbys1h7rz3272sye1xwiv6\gradle-6.7.1\lib\gradle-launcher-6.7.1.jar
Launcher Type: SUN_STANDARD

[Global flags]
     intx CICompilerCount                          = 4                                         {product} {ergonomic}
     uint ConcGCThreads                            = 2                                         {product} {ergonomic}
     uint G1ConcRefinementThreads                  = 8                                         {product} {ergonomic}
   size_t G1HeapRegionSize                         = 1048576                                   {product} {ergonomic}
    uintx GCDrainStackTargetSize                   = 64                                        {product} {ergonomic}
   size_t InitialHeapSize                          = 234881024                                 {product} {ergonomic}
   size_t MarkStackSize                            = 4194304                                   {product} {ergonomic}
   size_t MaxHeapSize                              = 2147483648                                {product} {command line}
   size_t MaxNewSize                               = 1287651328                                {product} {ergonomic}
   size_t MinHeapDeltaBytes                        = 1048576                                   {product} {ergonomic}
    uintx NonNMethodCodeHeapSize                   = 5836300                                {pd product} {ergonomic}
    uintx NonProfiledCodeHeapSize                  = 122910970                              {pd product} {ergonomic}
    uintx ProfiledCodeHeapSize                     = 122910970                              {pd product} {ergonomic}
    uintx ReservedCodeCacheSize                    = 251658240                              {pd product} {ergonomic}
     bool SegmentedCodeCache                       = true                                      {product} {ergonomic}
     bool UseCompressedClassPointers               = true                                 {lp64_product} {ergonomic}
     bool UseCompressedOops                        = true                                 {lp64_product} {ergonomic}
     bool UseG1GC                                  = true                                      {product} {ergonomic}
     bool UseLargePagesIndividualAllocation        = false                                  {pd product} {ergonomic}

Logging:
Log output configuration:
 #0: stdout all=warning uptime,level,tags
 #1: stderr all=off uptime,level,tags

Environment Variables:
PATH=C:\Program Files\Common Files\Oracle\Java\javapath;C:\WINDOWS\system32;C:\WINDOWS;C:\WINDOWS\System32\Wbem;C:\WINDOWS\System32\WindowsPowerShell\v1.0\;C:\WINDOWS\System32\OpenSSH\;C:\Program Files\Git\cmd;C:\Program Files\Git\cmd;C:\Program Files\nodejs\;C:\Program Files\Go\bin;C:\Users\ThuyPC\AppData\Local\Microsoft\WindowsApps;C:\Users\ThuyPC\Downloads\flutter\bin;;C:\Users\ThuyPC\AppData\Local\Programs\Microsoft VS Code\bin;C:\Users\ThuyPC\AppData\Roaming\npm;C:\Users\ThuyPC\go\bin
USERNAME=ThuyPC
OS=Windows_NT
PROCESSOR_IDENTIFIER=AMD64 Family 23 Model 24 Stepping 1, AuthenticAMD



---------------  S Y S T E M  ---------------

OS: Windows 10 , 64 bit Build 19041 (10.0.19041.1023)
OS uptime: 80 days 13:14 hours

CPU:total 8 (initial active 8) (8 cores per cpu, 2 threads per core) family 23 model 24 stepping 1, cmov, cx8, fxsr, mmx, sse, sse2, sse3, ssse3, sse4.1, sse4.2, popcnt, avx, avx2, aes, clmul, mmxext, 3dnowpref, lzcnt, sse4a, ht, tsc, tscinvbit, tscinv, bmi1, bmi2, adx, sha, fma

Memory: 4k page, system-wide physical 14267M (2590M free)
TotalPageFile size 28495M (AvailPageFile size 5M)
current process WorkingSet (physical memory assigned to process): 511M, peak: 515M
current process commit charge ("private bytes"): 596M, peak: 597M

vm_info: OpenJDK 64-Bit Server VM (11.0.8+10-b944.6842174) for windows-amd64 JRE (11.0.8+10-b944.6842174), built on Sep 19 2020 01:11:42 by "builder" with MS VC++ 14.0 (VS2015)

END.
