#
# There is insufficient memory for the Java Runtime Environment to continue.
# Native memory allocation (malloc) failed to allocate 1515216 bytes for Chunk::new
# Possible reasons:
#   The system is out of physical RAM or swap space
#   The process is running with CompressedOops enabled, and the Java Heap may be blocking the growth of the native heap
# Possible solutions:
#   Reduce memory load on the system
#   Increase physical memory or swap space
#   Check if swap backing store is full
#   Decrease Java heap size (-Xmx/-Xms)
#   Decrease number of Java threads
#   Decrease Java thread stack sizes (-Xss)
#   Set larger code cache with -XX:ReservedCodeCacheSize=
#   JVM is running with Unscaled Compressed Oops mode in which the Java heap is
#     placed in the first 4GB address space. The Java Heap base address is the
#     maximum limit for the native heap growth. Please use -XX:HeapBaseMinAddress
#     to set the Java Heap base and to place the Java Heap above 4GB virtual address.
# This output file may be truncated or incomplete.
#
#  Out of Memory Error (./src/hotspot/share/memory/arena.cpp:197), pid=10616, tid=20040
#
# JRE version: OpenJDK Runtime Environment (11.0.8+10) (build 11.0.8+10-b944.6842174)
# Java VM: OpenJDK 64-Bit Server VM (11.0.8+10-b944.6842174, mixed mode, tiered, compressed oops, g1 gc, windows-amd64)
# No core dump will be written. Minidumps are not enabled by default on client versions of Windows
#

---------------  S U M M A R Y ------------

Command Line: --add-opens=java.base/java.util=ALL-UNNAMED --add-opens=java.base/java.lang=ALL-UNNAMED --add-opens=java.base/java.lang.invoke=ALL-UNNAMED --add-opens=java.prefs/java.util.prefs=ALL-UNNAMED -Xmx2048m -Dfile.encoding=UTF-8 -Duser.country=US -Duser.language=en -Duser.variant org.gradle.launcher.daemon.bootstrap.GradleDaemon 6.7.1

Host: AMD Ryzen 5 3400G with Radeon Vega Graphics    , 8 cores, 13G,  Windows 10 , 64 bit Build 19041 (10.0.19041.1023)
Time: Wed Oct  6 13:03:02 2021 SE Asia Standard Time elapsed time: 8 seconds (0d 0h 0m 8s)

---------------  T H R E A D  ---------------

Current thread (0x0000019546249800):  JavaThread "C2 CompilerThread2" daemon [_thread_in_native, id=20040, stack(0x00000031f0d00000,0x00000031f0e00000)]


Current CompileTask:
C2:   8667 8183       4       org.gradle.internal.fingerprint.classpath.impl.ClasspathFingerprintingStrategy$ClasspathContentFingerprintingVisitor::visitFile (69 bytes)

Stack: [0x00000031f0d00000,0x00000031f0e00000]
Native frames: (J=compiled Java code, j=interpreted, Vv=VM code, C=native code)
V  [jvm.dll+0x5de50a]
V  [jvm.dll+0x7122f5]
V  [jvm.dll+0x71384d]
V  [jvm.dll+0x713f03]
V  [jvm.dll+0x23e728]
V  [jvm.dll+0xb899c]
V  [jvm.dll+0xb8e9c]
V  [jvm.dll+0x35024d]
V  [jvm.dll+0x193ebc]
V  [jvm.dll+0x1f780e]
V  [jvm.dll+0x1f68d4]
V  [jvm.dll+0x17f32c]
V  [jvm.dll+0x205047]
V  [jvm.dll+0x203891]
V  [jvm.dll+0x6dad3f]
V  [jvm.dll+0x6d3895]
V  [jvm.dll+0x5dd4a6]
C  [ucrtbase.dll+0x21bb2]
C  [KERNEL32.DLL+0x17034]
C  [ntdll.dll+0x52651]


---------------  P R O C E S S  ---------------

Threads class SMR info:
_java_thread_list=0x000001953f39aa00, length=148, elements={
0x00000195218f9800, 0x000001953cc4e800, 0x000001953cc57800, 0x000001953ccab800,
0x000001953ccac800, 0x000001953ccae000, 0x000001953ccb3000, 0x000001953ccb8000,
0x000001953ce1f000, 0x000001953ce45000, 0x000001953d154800, 0x000001953e268000,
0x000001953f3a5800, 0x000001953df7b000, 0x000001953e5c9800, 0x000001953e5ca000,
0x000001953da19000, 0x000001953da1a000, 0x000001953ef1e000, 0x000001953f2ca800,
0x000001953e64a800, 0x000001953ef11000, 0x000001953ef0e800, 0x000001953ef0e000,
0x000001953ef13000, 0x000001953ef13800, 0x000001953ef14800, 0x000001953ef12000,
0x000001953ef0f800, 0x000001953ef10800, 0x000001954316c000, 0x000001954316e800,
0x0000019543169800, 0x000001954316b000, 0x0000019543170000, 0x000001954316a000,
0x0000019543173000, 0x0000019543176800, 0x0000019543171000, 0x0000019543174000,
0x0000019543175000, 0x0000019543171800, 0x0000019543175800, 0x0000019543177800,
0x0000019543178000, 0x0000019543172800, 0x0000019540ad8000, 0x0000019540adb800,
0x0000019540adc800, 0x0000019540ada800, 0x0000019540add000, 0x0000019540ada000,
0x0000019540ad7800, 0x0000019540ade000, 0x0000019540ade800, 0x0000019540ad9000,
0x0000019540ae2000, 0x0000019540ae3800, 0x0000019540ae3000, 0x0000019540ae4800,
0x0000019540ae1000, 0x0000019540ae5000, 0x0000019540adf800, 0x0000019540ae6000,
0x0000019540ae0800, 0x00000195410de000, 0x00000195410de800, 0x00000195410e2000,
0x00000195410e2800, 0x00000195410e1000, 0x00000195410dd000, 0x00000195410e3800,
0x00000195410e4800, 0x00000195410e5000, 0x00000195410df800, 0x00000195410e6000,
0x00000195410e0800, 0x00000195410e7000, 0x00000195410e7800, 0x00000195410eb000,
0x00000195410e9800, 0x00000195410e8800, 0x00000195410ea000, 0x00000195410eb800,
0x000001954122e800, 0x000001954122b800, 0x000001954122f800, 0x0000019541230000,
0x000001954122c000, 0x000001954122e000, 0x000001954122a800, 0x0000019541231000,
0x0000019541232800, 0x000001954122d000, 0x0000019541237000, 0x0000019541233800,
0x0000019541236000, 0x0000019541234800, 0x0000019541235000, 0x0000019541237800,
0x0000019541232000, 0x0000019541239000, 0x0000019541238800, 0x000001953f856000,
0x000001953f854800, 0x000001953f855800, 0x000001953f850800, 0x000001953f852000,
0x000001953f851800, 0x000001953f858000, 0x000001953f853800, 0x000001953f857000,
0x000001953f858800, 0x000001953f853000, 0x000001953f859800, 0x000001953f85a800,
0x000001953f85c800, 0x000001953f85b000, 0x000001953f85e800, 0x000001953f85d800,
0x000001953f85f000, 0x000001953f85c000, 0x00000195438ba000, 0x00000195438b7000,
0x00000195438bb000, 0x00000195438b5800, 0x00000195438b8800, 0x00000195438bc000,
0x00000195438b6000, 0x00000195438bc800, 0x00000195438bd800, 0x00000195438b7800,
0x00000195438be000, 0x00000195438bf000, 0x00000195438b9800, 0x00000195438c2800,
0x00000195438c0800, 0x0000019546249800, 0x00000195438c1800, 0x00000195438c0000,
0x00000195438c4000, 0x000001954580a000, 0x0000019545809800, 0x0000019545807000,
0x000001954580b000, 0x000001954580c800, 0x000001954580d800, 0x000001954580b800
}

Java Threads: ( => current thread )
  0x00000195218f9800 JavaThread "main" [_thread_blocked, id=12528, stack(0x00000031ef700000,0x00000031ef800000)]
  0x000001953cc4e800 JavaThread "Reference Handler" daemon [_thread_blocked, id=10056, stack(0x00000031efe00000,0x00000031eff00000)]
  0x000001953cc57800 JavaThread "Finalizer" daemon [_thread_blocked, id=8892, stack(0x00000031eff00000,0x00000031f0000000)]
  0x000001953ccab800 JavaThread "Signal Dispatcher" daemon [_thread_blocked, id=14828, stack(0x00000031f0000000,0x00000031f0100000)]
  0x000001953ccac800 JavaThread "Attach Listener" daemon [_thread_blocked, id=11028, stack(0x00000031f0100000,0x00000031f0200000)]
  0x000001953ccae000 JavaThread "C2 CompilerThread0" daemon [_thread_in_native, id=4812, stack(0x00000031f0200000,0x00000031f0300000)]
  0x000001953ccb3000 JavaThread "C1 CompilerThread0" daemon [_thread_blocked, id=10308, stack(0x00000031f0300000,0x00000031f0400000)]
  0x000001953ccb8000 JavaThread "Sweeper thread" daemon [_thread_blocked, id=5164, stack(0x00000031f0400000,0x00000031f0500000)]
  0x000001953ce1f000 JavaThread "Common-Cleaner" daemon [_thread_blocked, id=15992, stack(0x00000031f0500000,0x00000031f0600000)]
  0x000001953ce45000 JavaThread "Service Thread" daemon [_thread_blocked, id=6136, stack(0x00000031f0600000,0x00000031f0700000)]
  0x000001953d154800 JavaThread "C2 CompilerThread1" daemon [_thread_in_native, id=17048, stack(0x00000031f0800000,0x00000031f0900000)]
  0x000001953e268000 JavaThread "Daemon health stats" [_thread_blocked, id=17528, stack(0x00000031f0e00000,0x00000031f0f00000)]
  0x000001953f3a5800 JavaThread "Incoming local TCP Connector on port 62652" [_thread_in_native, id=14844, stack(0x00000031f1100000,0x00000031f1200000)]
  0x000001953df7b000 JavaThread "Daemon periodic checks" [_thread_blocked, id=13416, stack(0x00000031f1200000,0x00000031f1300000)]
  0x000001953e5c9800 JavaThread "Daemon" [_thread_blocked, id=16644, stack(0x00000031f1300000,0x00000031f1400000)]
  0x000001953e5ca000 JavaThread "Handler for socket connection from /127.0.0.1:62652 to /127.0.0.1:62653" [_thread_in_native, id=18044, stack(0x00000031f1400000,0x00000031f1500000)]
  0x000001953da19000 JavaThread "Cancel handler" [_thread_blocked, id=6228, stack(0x00000031f1500000,0x00000031f1600000)]
  0x000001953da1a000 JavaThread "Daemon worker" [_thread_blocked, id=15764, stack(0x00000031f1600000,0x00000031f1700000)]
  0x000001953ef1e000 JavaThread "Asynchronous log dispatcher for DefaultDaemonConnection: socket connection from /127.0.0.1:62652 to /127.0.0.1:62653" [_thread_blocked, id=6684, stack(0x00000031f1700000,0x00000031f1800000)]
  0x000001953f2ca800 JavaThread "Stdin handler" [_thread_blocked, id=20360, stack(0x00000031f1800000,0x00000031f1900000)]
  0x000001953e64a800 JavaThread "Thread-8" [_thread_blocked, id=5960, stack(0x00000031f1900000,0x00000031f1a00000)]
  0x000001953ef11000 JavaThread "Cache worker for file hash cache (C:\Users\ThuyPC\.gradle\caches\6.7.1\fileHashes)" [_thread_blocked, id=10592, stack(0x00000031f1a00000,0x00000031f1b00000)]
  0x000001953ef0e800 JavaThread "File lock request listener" [_thread_in_native, id=15472, stack(0x00000031f1b00000,0x00000031f1c00000)]
  0x000001953ef0e000 JavaThread "Cache worker for journal cache (C:\Users\ThuyPC\.gradle\caches\journal-1)" [_thread_blocked, id=1256, stack(0x00000031f2000000,0x00000031f2100000)]
  0x000001953ef13000 JavaThread "Cache worker for file hash cache (C:\Users\ThuyPC\ChatAppJava\.gradle\6.7.1\fileHashes)" [_thread_in_Java, id=8380, stack(0x00000031f2100000,0x00000031f2200000)]
  0x000001953ef13800 JavaThread "Cache worker for checksums cache (C:\Users\ThuyPC\ChatAppJava\.gradle\checksums)" [_thread_blocked, id=6532, stack(0x00000031f2200000,0x00000031f2300000)]
  0x000001953ef14800 JavaThread "Cache worker for cache directory md-supplier (C:\Users\ThuyPC\.gradle\caches\6.7.1\md-supplier)" [_thread_blocked, id=7764, stack(0x00000031f2300000,0x00000031f2400000)]
  0x000001953ef12000 JavaThread "Cache worker for cache directory md-rule (C:\Users\ThuyPC\.gradle\caches\6.7.1\md-rule)" [_thread_blocked, id=7488, stack(0x00000031f2400000,0x00000031f2500000)]
  0x000001953ef0f800 JavaThread "Cache worker for execution history cache (C:\Users\ThuyPC\.gradle\caches\6.7.1\executionHistory)" [_thread_blocked, id=14232, stack(0x00000031f2500000,0x00000031f2600000)]
  0x000001953ef10800 JavaThread "jar transforms" [_thread_blocked, id=14448, stack(0x00000031f2600000,0x00000031f2700000)]
  0x000001954316c000 JavaThread "Cache worker for file content cache (C:\Users\ThuyPC\.gradle\caches\6.7.1\fileContent)" [_thread_blocked, id=18984, stack(0x00000031f2700000,0x00000031f2800000)]
  0x000001954316e800 JavaThread "Cache worker for Build Output Cleanup Cache (C:\Users\ThuyPC\ChatAppJava\.gradle\buildOutputCleanup)" [_thread_blocked, id=9852, stack(0x00000031f2800000,0x00000031f2900000)]
  0x0000019543169800 JavaThread "Build operations" [_thread_blocked, id=5236, stack(0x00000031f2900000,0x00000031f2a00000)]
  0x000001954316b000 JavaThread "Build operations Thread 2" [_thread_blocked, id=17224, stack(0x00000031f2a00000,0x00000031f2b00000)]
  0x0000019543170000 JavaThread "Build operations Thread 3" [_thread_blocked, id=17576, stack(0x00000031f2b00000,0x00000031f2c00000)]
  0x000001954316a000 JavaThread "Build operations Thread 4" [_thread_blocked, id=6856, stack(0x00000031f2c00000,0x00000031f2d00000)]
  0x0000019543173000 JavaThread "Build operations Thread 5" [_thread_blocked, id=20120, stack(0x00000031f2d00000,0x00000031f2e00000)]
  0x0000019543176800 JavaThread "Build operations Thread 6" [_thread_blocked, id=13864, stack(0x00000031f2e00000,0x00000031f2f00000)]
  0x0000019543171000 JavaThread "Build operations Thread 7" [_thread_blocked, id=5792, stack(0x00000031f2f00000,0x00000031f3000000)]
  0x0000019543174000 JavaThread "Build operations Thread 8" [_thread_blocked, id=8580, stack(0x00000031f3000000,0x00000031f3100000)]
  0x0000019543175000 JavaThread "jar transforms Thread 2" [_thread_blocked, id=18400, stack(0x00000031f3100000,0x00000031f3200000)]
  0x0000019543171800 JavaThread "jar transforms Thread 3" [_thread_blocked, id=5604, stack(0x00000031f3200000,0x00000031f3300000)]
  0x0000019543175800 JavaThread "jar transforms Thread 4" [_thread_blocked, id=13468, stack(0x00000031f3300000,0x00000031f3400000)]
  0x0000019543177800 JavaThread "jar transforms Thread 5" [_thread_blocked, id=12068, stack(0x00000031f3400000,0x00000031f3500000)]
  0x0000019543178000 JavaThread "jar transforms Thread 6" [_thread_blocked, id=6276, stack(0x00000031f3500000,0x00000031f3600000)]
  0x0000019543172800 JavaThread "jar transforms Thread 7" [_thread_blocked, id=16440, stack(0x00000031f3600000,0x00000031f3700000)]
  0x0000019540ad8000 JavaThread "jar transforms Thread 8" [_thread_blocked, id=7936, stack(0x00000031f3700000,0x00000031f3800000)]
  0x0000019540adb800 JavaThread "jar transforms Thread 9" [_thread_blocked, id=3564, stack(0x00000031f3800000,0x00000031f3900000)]
  0x0000019540adc800 JavaThread "jar transforms Thread 10" [_thread_blocked, id=10488, stack(0x00000031f3900000,0x00000031f3a00000)]
  0x0000019540ada800 JavaThread "jar transforms Thread 11" [_thread_blocked, id=18716, stack(0x00000031f3a00000,0x00000031f3b00000)]
  0x0000019540add000 JavaThread "jar transforms Thread 12" [_thread_blocked, id=16600, stack(0x00000031f3b00000,0x00000031f3c00000)]
  0x0000019540ada000 JavaThread "jar transforms Thread 13" [_thread_blocked, id=17292, stack(0x00000031f3c00000,0x00000031f3d00000)]
  0x0000019540ad7800 JavaThread "jar transforms Thread 14" [_thread_blocked, id=17456, stack(0x00000031f3d00000,0x00000031f3e00000)]
  0x0000019540ade000 JavaThread "jar transforms Thread 15" [_thread_blocked, id=5464, stack(0x00000031f3e00000,0x00000031f3f00000)]
  0x0000019540ade800 JavaThread "jar transforms Thread 16" [_thread_blocked, id=6052, stack(0x00000031f3f00000,0x00000031f4000000)]
  0x0000019540ad9000 JavaThread "jar transforms Thread 17" [_thread_blocked, id=8676, stack(0x00000031f4000000,0x00000031f4100000)]
  0x0000019540ae2000 JavaThread "jar transforms Thread 18" [_thread_blocked, id=19520, stack(0x00000031f4100000,0x00000031f4200000)]
  0x0000019540ae3800 JavaThread "jar transforms Thread 19" [_thread_blocked, id=16828, stack(0x00000031f4200000,0x00000031f4300000)]
  0x0000019540ae3000 JavaThread "jar transforms Thread 20" [_thread_blocked, id=5372, stack(0x00000031f4300000,0x00000031f4400000)]
  0x0000019540ae4800 JavaThread "jar transforms Thread 21" [_thread_blocked, id=18520, stack(0x00000031f4400000,0x00000031f4500000)]
  0x0000019540ae1000 JavaThread "jar transforms Thread 22" [_thread_blocked, id=7360, stack(0x00000031f4500000,0x00000031f4600000)]
  0x0000019540ae5000 JavaThread "jar transforms Thread 23" [_thread_blocked, id=7044, stack(0x00000031f4600000,0x00000031f4700000)]
  0x0000019540adf800 JavaThread "jar transforms Thread 24" [_thread_blocked, id=10236, stack(0x00000031f4700000,0x00000031f4800000)]
  0x0000019540ae6000 JavaThread "jar transforms Thread 25" [_thread_blocked, id=5952, stack(0x00000031f4800000,0x00000031f4900000)]
  0x0000019540ae0800 JavaThread "jar transforms Thread 26" [_thread_blocked, id=4660, stack(0x00000031f4900000,0x00000031f4a00000)]
  0x00000195410de000 JavaThread "jar transforms Thread 27" [_thread_blocked, id=6620, stack(0x00000031f4a00000,0x00000031f4b00000)]
  0x00000195410de800 JavaThread "jar transforms Thread 28" [_thread_blocked, id=14056, stack(0x00000031f4b00000,0x00000031f4c00000)]
  0x00000195410e2000 JavaThread "jar transforms Thread 29" [_thread_blocked, id=4116, stack(0x00000031f4c00000,0x00000031f4d00000)]
  0x00000195410e2800 JavaThread "jar transforms Thread 30" [_thread_blocked, id=11960, stack(0x00000031f4d00000,0x00000031f4e00000)]
  0x00000195410e1000 JavaThread "jar transforms Thread 31" [_thread_blocked, id=9692, stack(0x00000031f4e00000,0x00000031f4f00000)]
  0x00000195410dd000 JavaThread "jar transforms Thread 32" [_thread_blocked, id=13508, stack(0x00000031f4f00000,0x00000031f5000000)]
  0x00000195410e3800 JavaThread "jar transforms Thread 33" [_thread_blocked, id=17332, stack(0x00000031f5000000,0x00000031f5100000)]
  0x00000195410e4800 JavaThread "jar transforms Thread 34" [_thread_blocked, id=10896, stack(0x00000031f5100000,0x00000031f5200000)]
  0x00000195410e5000 JavaThread "jar transforms Thread 35" [_thread_blocked, id=18124, stack(0x00000031f5200000,0x00000031f5300000)]
  0x00000195410df800 JavaThread "jar transforms Thread 36" [_thread_blocked, id=3548, stack(0x00000031f5300000,0x00000031f5400000)]
  0x00000195410e6000 JavaThread "jar transforms Thread 37" [_thread_blocked, id=19504, stack(0x00000031f5400000,0x00000031f5500000)]
  0x00000195410e0800 JavaThread "jar transforms Thread 38" [_thread_blocked, id=14612, stack(0x00000031f5500000,0x00000031f5600000)]
  0x00000195410e7000 JavaThread "jar transforms Thread 39" [_thread_blocked, id=1132, stack(0x00000031f5600000,0x00000031f5700000)]
  0x00000195410e7800 JavaThread "jar transforms Thread 40" [_thread_blocked, id=2512, stack(0x00000031f5700000,0x00000031f5800000)]
  0x00000195410eb000 JavaThread "jar transforms Thread 41" [_thread_blocked, id=8764, stack(0x00000031f5800000,0x00000031f5900000)]
  0x00000195410e9800 JavaThread "jar transforms Thread 42" [_thread_blocked, id=17512, stack(0x00000031f5900000,0x00000031f5a00000)]
  0x00000195410e8800 JavaThread "jar transforms Thread 43" [_thread_blocked, id=12776, stack(0x00000031f5a00000,0x00000031f5b00000)]
  0x00000195410ea000 JavaThread "jar transforms Thread 44" [_thread_blocked, id=1352, stack(0x00000031f5b00000,0x00000031f5c00000)]
  0x00000195410eb800 JavaThread "jar transforms Thread 45" [_thread_blocked, id=10048, stack(0x00000031f5c00000,0x00000031f5d00000)]
  0x000001954122e800 JavaThread "jar transforms Thread 46" [_thread_blocked, id=8872, stack(0x00000031f5d00000,0x00000031f5e00000)]
  0x000001954122b800 JavaThread "jar transforms Thread 47" [_thread_blocked, id=14948, stack(0x00000031f5e00000,0x00000031f5f00000)]
  0x000001954122f800 JavaThread "jar transforms Thread 48" [_thread_blocked, id=17700, stack(0x00000031f5f00000,0x00000031f6000000)]
  0x0000019541230000 JavaThread "jar transforms Thread 49" [_thread_blocked, id=7000, stack(0x00000031f6000000,0x00000031f6100000)]
  0x000001954122c000 JavaThread "jar transforms Thread 50" [_thread_blocked, id=19592, stack(0x00000031f6100000,0x00000031f6200000)]
  0x000001954122e000 JavaThread "jar transforms Thread 51" [_thread_blocked, id=11904, stack(0x00000031f6200000,0x00000031f6300000)]
  0x000001954122a800 JavaThread "jar transforms Thread 52" [_thread_blocked, id=2140, stack(0x00000031f6300000,0x00000031f6400000)]
  0x0000019541231000 JavaThread "jar transforms Thread 53" [_thread_blocked, id=13788, stack(0x00000031f6400000,0x00000031f6500000)]
  0x0000019541232800 JavaThread "jar transforms Thread 54" [_thread_blocked, id=7420, stack(0x00000031f6500000,0x00000031f6600000)]
  0x000001954122d000 JavaThread "jar transforms Thread 55" [_thread_blocked, id=15208, stack(0x00000031f6600000,0x00000031f6700000)]
  0x0000019541237000 JavaThread "jar transforms Thread 56" [_thread_blocked, id=7356, stack(0x00000031f6700000,0x00000031f6800000)]
  0x0000019541233800 JavaThread "jar transforms Thread 57" [_thread_blocked, id=14392, stack(0x00000031f6800000,0x00000031f6900000)]
  0x0000019541236000 JavaThread "jar transforms Thread 58" [_thread_blocked, id=332, stack(0x00000031f6900000,0x00000031f6a00000)]
  0x0000019541234800 JavaThread "jar transforms Thread 59" [_thread_blocked, id=7712, stack(0x00000031f6a00000,0x00000031f6b00000)]
  0x0000019541235000 JavaThread "jar transforms Thread 60" [_thread_blocked, id=4492, stack(0x00000031f6b00000,0x00000031f6c00000)]
  0x0000019541237800 JavaThread "jar transforms Thread 61" [_thread_blocked, id=2376, stack(0x00000031f6c00000,0x00000031f6d00000)]
  0x0000019541232000 JavaThread "jar transforms Thread 62" [_thread_blocked, id=17912, stack(0x00000031f6d00000,0x00000031f6e00000)]
  0x0000019541239000 JavaThread "jar transforms Thread 63" [_thread_blocked, id=9884, stack(0x00000031f6e00000,0x00000031f6f00000)]
  0x0000019541238800 JavaThread "jar transforms Thread 64" [_thread_blocked, id=13076, stack(0x00000031f6f00000,0x00000031f7000000)]
  0x000001953f856000 JavaThread "jar transforms Thread 65" [_thread_blocked, id=5252, stack(0x00000031f7000000,0x00000031f7100000)]
  0x000001953f854800 JavaThread "jar transforms Thread 66" [_thread_blocked, id=18748, stack(0x00000031f7100000,0x00000031f7200000)]
  0x000001953f855800 JavaThread "jar transforms Thread 67" [_thread_blocked, id=18780, stack(0x00000031f7200000,0x00000031f7300000)]
  0x000001953f850800 JavaThread "jar transforms Thread 68" [_thread_blocked, id=15452, stack(0x00000031f7300000,0x00000031f7400000)]
  0x000001953f852000 JavaThread "jar transforms Thread 69" [_thread_blocked, id=4020, stack(0x00000031f7400000,0x00000031f7500000)]
  0x000001953f851800 JavaThread "jar transforms Thread 70" [_thread_blocked, id=8068, stack(0x00000031f7500000,0x00000031f7600000)]
  0x000001953f858000 JavaThread "jar transforms Thread 71" [_thread_blocked, id=10324, stack(0x00000031f7600000,0x00000031f7700000)]
  0x000001953f853800 JavaThread "jar transforms Thread 72" [_thread_blocked, id=6924, stack(0x00000031f7700000,0x00000031f7800000)]
  0x000001953f857000 JavaThread "jar transforms Thread 73" [_thread_blocked, id=16308, stack(0x00000031f7800000,0x00000031f7900000)]
  0x000001953f858800 JavaThread "jar transforms Thread 74" [_thread_blocked, id=14464, stack(0x00000031f7900000,0x00000031f7a00000)]
  0x000001953f853000 JavaThread "jar transforms Thread 75" [_thread_blocked, id=10172, stack(0x00000031f7a00000,0x00000031f7b00000)]
  0x000001953f859800 JavaThread "jar transforms Thread 76" [_thread_blocked, id=9356, stack(0x00000031f7b00000,0x00000031f7c00000)]
  0x000001953f85a800 JavaThread "jar transforms Thread 77" [_thread_blocked, id=8044, stack(0x00000031f7c00000,0x00000031f7d00000)]
  0x000001953f85c800 JavaThread "jar transforms Thread 78" [_thread_blocked, id=7164, stack(0x00000031f7d00000,0x00000031f7e00000)]
  0x000001953f85b000 JavaThread "jar transforms Thread 79" [_thread_blocked, id=556, stack(0x00000031f7e00000,0x00000031f7f00000)]
  0x000001953f85e800 JavaThread "jar transforms Thread 80" [_thread_blocked, id=16704, stack(0x00000031f7f00000,0x00000031f8000000)]
  0x000001953f85d800 JavaThread "jar transforms Thread 81" [_thread_blocked, id=4976, stack(0x00000031f8000000,0x00000031f8100000)]
  0x000001953f85f000 JavaThread "jar transforms Thread 82" [_thread_blocked, id=17076, stack(0x00000031f8100000,0x00000031f8200000)]
  0x000001953f85c000 JavaThread "jar transforms Thread 83" [_thread_blocked, id=16416, stack(0x00000031f8200000,0x00000031f8300000)]
  0x00000195438ba000 JavaThread "jar transforms Thread 84" [_thread_blocked, id=12432, stack(0x00000031f8300000,0x00000031f8400000)]
  0x00000195438b7000 JavaThread "jar transforms Thread 85" [_thread_blocked, id=4580, stack(0x00000031f8400000,0x00000031f8500000)]
  0x00000195438bb000 JavaThread "jar transforms Thread 86" [_thread_blocked, id=5748, stack(0x00000031f8500000,0x00000031f8600000)]
  0x00000195438b5800 JavaThread "jar transforms Thread 87" [_thread_blocked, id=12368, stack(0x00000031f8600000,0x00000031f8700000)]
  0x00000195438b8800 JavaThread "jar transforms Thread 88" [_thread_blocked, id=17516, stack(0x00000031f8700000,0x00000031f8800000)]
  0x00000195438bc000 JavaThread "jar transforms Thread 89" [_thread_blocked, id=3272, stack(0x00000031f8800000,0x00000031f8900000)]
  0x00000195438b6000 JavaThread "jar transforms Thread 90" [_thread_blocked, id=16944, stack(0x00000031f8900000,0x00000031f8a00000)]
  0x00000195438bc800 JavaThread "jar transforms Thread 91" [_thread_blocked, id=8692, stack(0x00000031f8a00000,0x00000031f8b00000)]
  0x00000195438bd800 JavaThread "jar transforms Thread 92" [_thread_blocked, id=17984, stack(0x00000031f8b00000,0x00000031f8c00000)]
  0x00000195438b7800 JavaThread "jar transforms Thread 93" [_thread_blocked, id=11532, stack(0x00000031f8c00000,0x00000031f8d00000)]
  0x00000195438be000 JavaThread "jar transforms Thread 94" [_thread_blocked, id=6868, stack(0x00000031f8d00000,0x00000031f8e00000)]
  0x00000195438bf000 JavaThread "jar transforms Thread 95" [_thread_blocked, id=4128, stack(0x00000031f8e00000,0x00000031f8f00000)]
  0x00000195438b9800 JavaThread "jar transforms Thread 96" [_thread_blocked, id=10284, stack(0x00000031f8f00000,0x00000031f9000000)]
  0x00000195438c2800 JavaThread "jar transforms Thread 97" [_thread_blocked, id=3928, stack(0x00000031f9000000,0x00000031f9100000)]
  0x00000195438c0800 JavaThread "Memory manager" [_thread_blocked, id=20248, stack(0x00000031f9100000,0x00000031f9200000)]
=>0x0000019546249800 JavaThread "C2 CompilerThread2" daemon [_thread_in_native, id=20040, stack(0x00000031f0d00000,0x00000031f0e00000)]
  0x00000195438c1800 JavaThread "build event listener" [_thread_blocked, id=16192, stack(0x00000031f9500000,0x00000031f9600000)]
  0x00000195438c0000 JavaThread "build event listener" [_thread_blocked, id=16296, stack(0x00000031f9600000,0x00000031f9700000)]
  0x00000195438c4000 JavaThread "Execution worker for ':'" [_thread_blocked, id=11608, stack(0x00000031f9700000,0x00000031f9800000)]
  0x000001954580a000 JavaThread "Execution worker for ':' Thread 2" [_thread_blocked, id=14376, stack(0x00000031f9800000,0x00000031f9900000)]
  0x0000019545809800 JavaThread "Execution worker for ':' Thread 3" [_thread_blocked, id=18168, stack(0x00000031f9900000,0x00000031f9a00000)]
  0x0000019545807000 JavaThread "Execution worker for ':' Thread 4" [_thread_blocked, id=4080, stack(0x00000031f9a00000,0x00000031f9b00000)]
  0x000001954580b000 JavaThread "Execution worker for ':' Thread 5" [_thread_blocked, id=19048, stack(0x00000031f9b00000,0x00000031f9c00000)]
  0x000001954580c800 JavaThread "Execution worker for ':' Thread 6" [_thread_blocked, id=5020, stack(0x00000031f9c00000,0x00000031f9d00000)]
  0x000001954580d800 JavaThread "Execution worker for ':' Thread 7" [_thread_blocked, id=16032, stack(0x00000031f9d00000,0x00000031f9e00000)]
  0x000001954580b800 JavaThread "Cache worker for execution history cache (C:\Users\ThuyPC\ChatAppJava\.gradle\6.7.1\executionHistory)" [_thread_blocked, id=15060, stack(0x00000031f9e00000,0x00000031f9f00000)]

Other Threads:
  0x000001953cc49000 VMThread "VM Thread" [stack: 0x00000031efd00000,0x00000031efe00000] [id=10872]
  0x000001953ce45800 WatcherThread [stack: 0x00000031f0700000,0x00000031f0800000] [id=6688]
  0x0000019521911000 GCTaskThread "GC Thread#0" [stack: 0x00000031ef800000,0x00000031ef900000] [id=1536]
  0x000001953dc2c800 GCTaskThread "GC Thread#1" [stack: 0x00000031f0900000,0x00000031f0a00000] [id=11992]
  0x000001953d689000 GCTaskThread "GC Thread#2" [stack: 0x00000031f0a00000,0x00000031f0b00000] [id=8476]
  0x000001953dc23800 GCTaskThread "GC Thread#3" [stack: 0x00000031f0b00000,0x00000031f0c00000] [id=464]
  0x000001953d92f800 GCTaskThread "GC Thread#4" [stack: 0x00000031f0c00000,0x00000031f0d00000] [id=13668]
  0x000001953f2ab000 GCTaskThread "GC Thread#5" [stack: 0x00000031f1c00000,0x00000031f1d00000] [id=7480]
  0x000001953d511000 GCTaskThread "GC Thread#6" [stack: 0x00000031f1d00000,0x00000031f1e00000] [id=2276]
  0x000001953e25b800 GCTaskThread "GC Thread#7" [stack: 0x00000031f1e00000,0x00000031f1f00000] [id=7992]
  0x0000019521942800 ConcurrentGCThread "G1 Main Marker" [stack: 0x00000031ef900000,0x00000031efa00000] [id=1120]
  0x0000019521945800 ConcurrentGCThread "G1 Conc#0" [stack: 0x00000031efa00000,0x00000031efb00000] [id=9284]
  0x000001953da6c000 ConcurrentGCThread "G1 Conc#1" [stack: 0x00000031f1f00000,0x00000031f2000000] [id=13404]
  0x000001953c294000 ConcurrentGCThread "G1 Refine#0" [stack: 0x00000031efb00000,0x00000031efc00000] [id=7004]
  0x0000019543dee800 ConcurrentGCThread "G1 Refine#1" [stack: 0x00000031f9200000,0x00000031f9300000] [id=15820]
  0x0000019543def000 ConcurrentGCThread "G1 Refine#2" [stack: 0x00000031f9300000,0x00000031f9400000] [id=2316]
  0x0000019543df4000 ConcurrentGCThread "G1 Refine#3" [stack: 0x00000031f9400000,0x00000031f9500000] [id=15512]
  0x000001953c295000 ConcurrentGCThread "G1 Young RemSet Sampling" [stack: 0x00000031efc00000,0x00000031efd00000] [id=6908]

Threads with active compile tasks:
C2 CompilerThread0   8690 8603       4       sun.nio.fs.WindowsPathParser::parse (384 bytes)
C2 CompilerThread1   8691 8597 %     4       com.google.common.collect.MapMakerInternalMap$Segment::expand @ 56 (276 bytes)
C2 CompilerThread2   8691 8183       4       org.gradle.internal.fingerprint.classpath.impl.ClasspathFingerprintingStrategy$ClasspathContentFingerprintingVisitor::visitFile (69 bytes)

VM state:not at safepoint (normal execution)

VM Mutex/Monitor currently owned by a thread: None

Heap address: 0x0000000080000000, size: 2048 MB, Compressed Oops mode: 32-bit
Narrow klass base: 0x0000000000000000, Narrow klass shift: 3
Compressed class space size: 1073741824 Address: 0x0000000100000000

Heap:
 garbage-first heap   total 229376K, used 107649K [0x0000000080000000, 0x0000000100000000)
  region size 1024K, 61 young (62464K), 12 survivors (12288K)
 Metaspace       used 76207K, capacity 78188K, committed 78540K, reserved 1118208K
  class space    used 9941K, capacity 10640K, committed 10752K, reserved 1048576K
Heap Regions: E=young(eden), S=young(survivor), O=old, HS=humongous(starts), HC=humongous(continues), CS=collection set, F=free, A=archive, TAMS=top-at-mark-start (previous, next)
|   0|0x0000000080000000, 0x0000000080100000, 0x0000000080100000|100%| O|  |TAMS 0x0000000080100000, 0x0000000080000000| Untracked 
|   1|0x0000000080100000, 0x0000000080200000, 0x0000000080200000|100%| O|  |TAMS 0x0000000080200000, 0x0000000080100000| Untracked 
|   2|0x0000000080200000, 0x0000000080300000, 0x0000000080300000|100%| O|  |TAMS 0x0000000080300000, 0x0000000080200000| Untracked 
|   3|0x0000000080300000, 0x0000000080400000, 0x0000000080400000|100%|HS|  |TAMS 0x0000000080400000, 0x0000000080300000| Complete 
|   4|0x0000000080400000, 0x0000000080500000, 0x0000000080500000|100%|HC|  |TAMS 0x0000000080500000, 0x0000000080400000| Complete 
|   5|0x0000000080500000, 0x0000000080600000, 0x0000000080600000|100%|HC|  |TAMS 0x0000000080600000, 0x0000000080500000| Complete 
|   6|0x0000000080600000, 0x0000000080700000, 0x0000000080700000|100%| O|  |TAMS 0x0000000080700000, 0x0000000080600000| Untracked 
|   7|0x0000000080700000, 0x0000000080800000, 0x0000000080800000|100%| O|  |TAMS 0x0000000080800000, 0x0000000080700000| Untracked 
|   8|0x0000000080800000, 0x0000000080900000, 0x0000000080900000|100%| O|  |TAMS 0x0000000080900000, 0x0000000080800000| Untracked 
|   9|0x0000000080900000, 0x0000000080a00000, 0x0000000080a00000|100%| O|  |TAMS 0x0000000080a00000, 0x0000000080900000| Untracked 
|  10|0x0000000080a00000, 0x0000000080b00000, 0x0000000080b00000|100%| O|  |TAMS 0x0000000080b00000, 0x0000000080a00000| Untracked 
|  11|0x0000000080b00000, 0x0000000080c00000, 0x0000000080c00000|100%| O|  |TAMS 0x0000000080c00000, 0x0000000080b00000| Untracked 
|  12|0x0000000080c00000, 0x0000000080d00000, 0x0000000080d00000|100%| O|  |TAMS 0x0000000080d00000, 0x0000000080c00000| Untracked 
|  13|0x0000000080d00000, 0x0000000080e00000, 0x0000000080e00000|100%| O|  |TAMS 0x0000000080e00000, 0x0000000080d00000| Untracked 
|  14|0x0000000080e00000, 0x0000000080effff8, 0x0000000080f00000| 99%| O|  |TAMS 0x0000000080effff8, 0x0000000080e00000| Untracked 
|  15|0x0000000080f00000, 0x0000000081000000, 0x0000000081000000|100%| O|  |TAMS 0x0000000081000000, 0x0000000080f00000| Untracked 
|  16|0x0000000081000000, 0x0000000081100000, 0x0000000081100000|100%|HS|  |TAMS 0x0000000081100000, 0x0000000081000000| Complete 
|  17|0x0000000081100000, 0x0000000081200000, 0x0000000081200000|100%|HS|  |TAMS 0x0000000081200000, 0x0000000081100000| Complete 
|  18|0x0000000081200000, 0x0000000081300000, 0x0000000081300000|100%|HC|  |TAMS 0x0000000081300000, 0x0000000081200000| Complete 
|  19|0x0000000081300000, 0x0000000081400000, 0x0000000081400000|100%| O|  |TAMS 0x0000000081400000, 0x0000000081300000| Untracked 
|  20|0x0000000081400000, 0x0000000081500000, 0x0000000081500000|100%| O|  |TAMS 0x0000000081500000, 0x0000000081400000| Untracked 
|  21|0x0000000081500000, 0x0000000081600000, 0x0000000081600000|100%| O|  |TAMS 0x0000000081600000, 0x0000000081500000| Untracked 
|  22|0x0000000081600000, 0x0000000081700000, 0x0000000081700000|100%| O|  |TAMS 0x0000000081700000, 0x0000000081600000| Untracked 
|  23|0x0000000081700000, 0x0000000081800000, 0x0000000081800000|100%| O|  |TAMS 0x0000000081700000, 0x0000000081700000| Untracked 
|  24|0x0000000081800000, 0x0000000081900000, 0x0000000081900000|100%| O|  |TAMS 0x0000000081900000, 0x0000000081800000| Untracked 
|  25|0x0000000081900000, 0x0000000081a00000, 0x0000000081a00000|100%| O|  |TAMS 0x0000000081a00000, 0x0000000081900000| Untracked 
|  26|0x0000000081a00000, 0x0000000081b00000, 0x0000000081b00000|100%| O|  |TAMS 0x0000000081b00000, 0x0000000081a00000| Untracked 
|  27|0x0000000081b00000, 0x0000000081c00000, 0x0000000081c00000|100%| O|  |TAMS 0x0000000081c00000, 0x0000000081b00000| Untracked 
|  28|0x0000000081c00000, 0x0000000081d00000, 0x0000000081d00000|100%| O|  |TAMS 0x0000000081d00000, 0x0000000081c00000| Untracked 
|  29|0x0000000081d00000, 0x0000000081e00000, 0x0000000081e00000|100%| O|  |TAMS 0x0000000081e00000, 0x0000000081d00000| Untracked 
|  30|0x0000000081e00000, 0x0000000081f00000, 0x0000000081f00000|100%| O|  |TAMS 0x0000000081f00000, 0x0000000081e00000| Untracked 
|  31|0x0000000081f00000, 0x0000000082000000, 0x0000000082000000|100%| O|  |TAMS 0x0000000082000000, 0x0000000081f00000| Untracked 
|  32|0x0000000082000000, 0x0000000082100000, 0x0000000082100000|100%| O|  |TAMS 0x0000000082100000, 0x0000000082000000| Untracked 
|  33|0x0000000082100000, 0x0000000082200000, 0x0000000082200000|100%| O|  |TAMS 0x0000000082200000, 0x0000000082100000| Untracked 
|  34|0x0000000082200000, 0x0000000082300000, 0x0000000082300000|100%| O|  |TAMS 0x0000000082300000, 0x0000000082200000| Untracked 
|  35|0x0000000082300000, 0x0000000082400000, 0x0000000082400000|100%| O|  |TAMS 0x0000000082400000, 0x0000000082300000| Untracked 
|  36|0x0000000082400000, 0x0000000082500000, 0x0000000082500000|100%| O|  |TAMS 0x0000000082500000, 0x0000000082400000| Untracked 
|  37|0x0000000082500000, 0x0000000082600000, 0x0000000082600000|100%| O|  |TAMS 0x0000000082600000, 0x0000000082500000| Untracked 
|  38|0x0000000082600000, 0x0000000082700000, 0x0000000082700000|100%| O|  |TAMS 0x0000000082700000, 0x0000000082600000| Untracked 
|  39|0x0000000082700000, 0x0000000082800000, 0x0000000082800000|100%| O|  |TAMS 0x0000000082800000, 0x0000000082700000| Untracked 
|  40|0x0000000082800000, 0x0000000082900000, 0x0000000082900000|100%| O|  |TAMS 0x0000000082900000, 0x0000000082800000| Untracked 
|  41|0x0000000082900000, 0x0000000082a00000, 0x0000000082a00000|100%| O|  |TAMS 0x0000000082926400, 0x0000000082900000| Untracked 
|  42|0x0000000082a00000, 0x0000000082b00000, 0x0000000082b00000|100%| O|  |TAMS 0x0000000082a00000, 0x0000000082a00000| Untracked 
|  43|0x0000000082b00000, 0x0000000082c00000, 0x0000000082c00000|100%| O|  |TAMS 0x0000000082b00000, 0x0000000082b00000| Untracked 
|  44|0x0000000082c00000, 0x0000000082d00000, 0x0000000082d00000|100%| O|  |TAMS 0x0000000082c00000, 0x0000000082c00000| Untracked 
|  45|0x0000000082d00000, 0x0000000082e00000, 0x0000000082e00000|100%| O|  |TAMS 0x0000000082d00000, 0x0000000082d00000| Untracked 
|  46|0x0000000082e00000, 0x0000000082e70200, 0x0000000082f00000| 43%| O|  |TAMS 0x0000000082e00000, 0x0000000082e00000| Untracked 
|  47|0x0000000082f00000, 0x0000000082f00000, 0x0000000083000000|  0%| F|  |TAMS 0x0000000082f00000, 0x0000000082f00000| Untracked 
|  48|0x0000000083000000, 0x0000000083000000, 0x0000000083100000|  0%| F|  |TAMS 0x0000000083000000, 0x0000000083000000| Untracked 
|  49|0x0000000083100000, 0x0000000083100000, 0x0000000083200000|  0%| F|  |TAMS 0x0000000083100000, 0x0000000083100000| Untracked 
|  50|0x0000000083200000, 0x0000000083200000, 0x0000000083300000|  0%| F|  |TAMS 0x0000000083200000, 0x0000000083200000| Untracked 
|  51|0x0000000083300000, 0x0000000083300000, 0x0000000083400000|  0%| F|  |TAMS 0x0000000083300000, 0x0000000083300000| Untracked 
|  52|0x0000000083400000, 0x0000000083400000, 0x0000000083500000|  0%| F|  |TAMS 0x0000000083400000, 0x0000000083400000| Untracked 
|  53|0x0000000083500000, 0x0000000083500000, 0x0000000083600000|  0%| F|  |TAMS 0x0000000083500000, 0x0000000083500000| Untracked 
|  54|0x0000000083600000, 0x0000000083600000, 0x0000000083700000|  0%| F|  |TAMS 0x0000000083600000, 0x0000000083600000| Untracked 
|  55|0x0000000083700000, 0x0000000083700000, 0x0000000083800000|  0%| F|  |TAMS 0x0000000083700000, 0x0000000083700000| Untracked 
|  56|0x0000000083800000, 0x0000000083800000, 0x0000000083900000|  0%| F|  |TAMS 0x0000000083800000, 0x0000000083800000| Untracked 
|  57|0x0000000083900000, 0x0000000083900000, 0x0000000083a00000|  0%| F|  |TAMS 0x0000000083900000, 0x0000000083900000| Untracked 
|  58|0x0000000083a00000, 0x0000000083a00000, 0x0000000083b00000|  0%| F|  |TAMS 0x0000000083a00000, 0x0000000083a00000| Untracked 
|  59|0x0000000083b00000, 0x0000000083b00000, 0x0000000083c00000|  0%| F|  |TAMS 0x0000000083b00000, 0x0000000083b00000| Untracked 
|  60|0x0000000083c00000, 0x0000000083c00000, 0x0000000083d00000|  0%| F|  |TAMS 0x0000000083c00000, 0x0000000083c00000| Untracked 
|  61|0x0000000083d00000, 0x0000000083d00000, 0x0000000083e00000|  0%| F|  |TAMS 0x0000000083d00000, 0x0000000083d00000| Untracked 
|  62|0x0000000083e00000, 0x0000000083e00000, 0x0000000083f00000|  0%| F|  |TAMS 0x0000000083e00000, 0x0000000083e00000| Untracked 
|  63|0x0000000083f00000, 0x0000000083f00000, 0x0000000084000000|  0%| F|  |TAMS 0x0000000083f00000, 0x0000000083f00000| Untracked 
|  64|0x0000000084000000, 0x0000000084000000, 0x0000000084100000|  0%| F|  |TAMS 0x0000000084000000, 0x0000000084000000| Untracked 
|  65|0x0000000084100000, 0x0000000084100000, 0x0000000084200000|  0%| F|  |TAMS 0x0000000084100000, 0x0000000084100000| Untracked 
|  66|0x0000000084200000, 0x0000000084200000, 0x0000000084300000|  0%| F|  |TAMS 0x0000000084200000, 0x0000000084200000| Untracked 
|  67|0x0000000084300000, 0x0000000084300000, 0x0000000084400000|  0%| F|  |TAMS 0x0000000084300000, 0x0000000084300000| Untracked 
|  68|0x0000000084400000, 0x0000000084400000, 0x0000000084500000|  0%| F|  |TAMS 0x0000000084400000, 0x0000000084400000| Untracked 
|  69|0x0000000084500000, 0x0000000084500000, 0x0000000084600000|  0%| F|  |TAMS 0x0000000084500000, 0x0000000084500000| Untracked 
|  70|0x0000000084600000, 0x0000000084600000, 0x0000000084700000|  0%| F|  |TAMS 0x0000000084600000, 0x0000000084600000| Untracked 
|  71|0x0000000084700000, 0x0000000084700000, 0x0000000084800000|  0%| F|  |TAMS 0x0000000084700000, 0x0000000084700000| Untracked 
|  72|0x0000000084800000, 0x0000000084800000, 0x0000000084900000|  0%| F|  |TAMS 0x0000000084800000, 0x0000000084800000| Untracked 
|  73|0x0000000084900000, 0x0000000084900000, 0x0000000084a00000|  0%| F|  |TAMS 0x0000000084900000, 0x0000000084900000| Untracked 
|  74|0x0000000084a00000, 0x0000000084a00000, 0x0000000084b00000|  0%| F|  |TAMS 0x0000000084a00000, 0x0000000084a00000| Untracked 
|  75|0x0000000084b00000, 0x0000000084b00000, 0x0000000084c00000|  0%| F|  |TAMS 0x0000000084b00000, 0x0000000084b00000| Untracked 
|  76|0x0000000084c00000, 0x0000000084c00000, 0x0000000084d00000|  0%| F|  |TAMS 0x0000000084c00000, 0x0000000084c00000| Untracked 
|  77|0x0000000084d00000, 0x0000000084d00000, 0x0000000084e00000|  0%| F|  |TAMS 0x0000000084d00000, 0x0000000084d00000| Untracked 
|  78|0x0000000084e00000, 0x0000000084e00000, 0x0000000084f00000|  0%| F|  |TAMS 0x0000000084e00000, 0x0000000084e00000| Untracked 
|  79|0x0000000084f00000, 0x0000000084f00000, 0x0000000085000000|  0%| F|  |TAMS 0x0000000084f00000, 0x0000000084f00000| Untracked 
|  80|0x0000000085000000, 0x0000000085000000, 0x0000000085100000|  0%| F|  |TAMS 0x0000000085000000, 0x0000000085000000| Untracked 
|  81|0x0000000085100000, 0x0000000085100000, 0x0000000085200000|  0%| F|  |TAMS 0x0000000085100000, 0x0000000085100000| Untracked 
|  82|0x0000000085200000, 0x0000000085200000, 0x0000000085300000|  0%| F|  |TAMS 0x0000000085200000, 0x0000000085200000| Untracked 
|  83|0x0000000085300000, 0x0000000085300000, 0x0000000085400000|  0%| F|  |TAMS 0x0000000085300000, 0x0000000085300000| Untracked 
|  84|0x0000000085400000, 0x0000000085400000, 0x0000000085500000|  0%| F|  |TAMS 0x0000000085400000, 0x0000000085400000| Untracked 
|  85|0x0000000085500000, 0x0000000085500000, 0x0000000085600000|  0%| F|  |TAMS 0x0000000085500000, 0x0000000085500000| Untracked 
|  86|0x0000000085600000, 0x0000000085600000, 0x0000000085700000|  0%| F|  |TAMS 0x0000000085600000, 0x0000000085600000| Untracked 
|  87|0x0000000085700000, 0x0000000085700000, 0x0000000085800000|  0%| F|  |TAMS 0x0000000085700000, 0x0000000085700000| Untracked 
|  88|0x0000000085800000, 0x0000000085800000, 0x0000000085900000|  0%| F|  |TAMS 0x0000000085800000, 0x0000000085800000| Untracked 
|  89|0x0000000085900000, 0x0000000085900000, 0x0000000085a00000|  0%| F|  |TAMS 0x0000000085900000, 0x0000000085900000| Untracked 
|  90|0x0000000085a00000, 0x0000000085a00000, 0x0000000085b00000|  0%| F|  |TAMS 0x0000000085a00000, 0x0000000085a00000| Untracked 
|  91|0x0000000085b00000, 0x0000000085b00000, 0x0000000085c00000|  0%| F|  |TAMS 0x0000000085b00000, 0x0000000085b00000| Untracked 
|  92|0x0000000085c00000, 0x0000000085c00000, 0x0000000085d00000|  0%| F|  |TAMS 0x0000000085c00000, 0x0000000085c00000| Untracked 
|  93|0x0000000085d00000, 0x0000000085d00000, 0x0000000085e00000|  0%| F|  |TAMS 0x0000000085d00000, 0x0000000085d00000| Untracked 
|  94|0x0000000085e00000, 0x0000000085e00000, 0x0000000085f00000|  0%| F|  |TAMS 0x0000000085e00000, 0x0000000085e00000| Untracked 
|  95|0x0000000085f00000, 0x0000000085f00000, 0x0000000086000000|  0%| F|  |TAMS 0x0000000085f00000, 0x0000000085f00000| Untracked 
|  96|0x0000000086000000, 0x0000000086000000, 0x0000000086100000|  0%| F|  |TAMS 0x0000000086000000, 0x0000000086000000| Untracked 
|  97|0x0000000086100000, 0x0000000086100000, 0x0000000086200000|  0%| F|  |TAMS 0x0000000086100000, 0x0000000086100000| Untracked 
|  98|0x0000000086200000, 0x0000000086200000, 0x0000000086300000|  0%| F|  |TAMS 0x0000000086200000, 0x0000000086200000| Untracked 
|  99|0x0000000086300000, 0x0000000086300000, 0x0000000086400000|  0%| F|  |TAMS 0x0000000086300000, 0x0000000086300000| Untracked 
| 100|0x0000000086400000, 0x0000000086400000, 0x0000000086500000|  0%| F|  |TAMS 0x0000000086400000, 0x0000000086400000| Untracked 
| 101|0x0000000086500000, 0x0000000086500000, 0x0000000086600000|  0%| F|  |TAMS 0x0000000086500000, 0x0000000086500000| Untracked 
| 102|0x0000000086600000, 0x0000000086600000, 0x0000000086700000|  0%| F|  |TAMS 0x0000000086600000, 0x0000000086600000| Untracked 
| 103|0x0000000086700000, 0x0000000086700000, 0x0000000086800000|  0%| F|  |TAMS 0x0000000086700000, 0x0000000086700000| Untracked 
| 104|0x0000000086800000, 0x0000000086800000, 0x0000000086900000|  0%| F|  |TAMS 0x0000000086800000, 0x0000000086800000| Untracked 
| 105|0x0000000086900000, 0x0000000086900000, 0x0000000086a00000|  0%| F|  |TAMS 0x0000000086900000, 0x0000000086900000| Untracked 
| 106|0x0000000086a00000, 0x0000000086a00000, 0x0000000086b00000|  0%| F|  |TAMS 0x0000000086a00000, 0x0000000086a00000| Untracked 
| 107|0x0000000086b00000, 0x0000000086b00000, 0x0000000086c00000|  0%| F|  |TAMS 0x0000000086b00000, 0x0000000086b00000| Untracked 
| 108|0x0000000086c00000, 0x0000000086c00000, 0x0000000086d00000|  0%| F|  |TAMS 0x0000000086c00000, 0x0000000086c00000| Untracked 
| 109|0x0000000086d00000, 0x0000000086d00000, 0x0000000086e00000|  0%| F|  |TAMS 0x0000000086d00000, 0x0000000086d00000| Untracked 
| 110|0x0000000086e00000, 0x0000000086e00000, 0x0000000086f00000|  0%| F|  |TAMS 0x0000000086e00000, 0x0000000086e00000| Untracked 
| 111|0x0000000086f00000, 0x0000000086f00000, 0x0000000087000000|  0%| F|  |TAMS 0x0000000086f00000, 0x0000000086f00000| Untracked 
| 112|0x0000000087000000, 0x0000000087000000, 0x0000000087100000|  0%| F|  |TAMS 0x0000000087000000, 0x0000000087000000| Untracked 
| 113|0x0000000087100000, 0x0000000087100000, 0x0000000087200000|  0%| F|  |TAMS 0x0000000087100000, 0x0000000087100000| Untracked 
| 114|0x0000000087200000, 0x00000000872b0280, 0x0000000087300000| 68%| S|CS|TAMS 0x0000000087200000, 0x0000000087200000| Complete 
| 115|0x0000000087300000, 0x0000000087400000, 0x0000000087400000|100%| S|CS|TAMS 0x0000000087300000, 0x0000000087300000| Complete 
| 116|0x0000000087400000, 0x0000000087500000, 0x0000000087500000|100%| S|CS|TAMS 0x0000000087400000, 0x0000000087400000| Complete 
| 117|0x0000000087500000, 0x0000000087600000, 0x0000000087600000|100%| S|CS|TAMS 0x0000000087500000, 0x0000000087500000| Complete 
| 118|0x0000000087600000, 0x0000000087700000, 0x0000000087700000|100%| S|CS|TAMS 0x0000000087600000, 0x0000000087600000| Complete 
| 119|0x0000000087700000, 0x0000000087800000, 0x0000000087800000|100%| S|CS|TAMS 0x0000000087700000, 0x0000000087700000| Complete 
| 120|0x0000000087800000, 0x0000000087900000, 0x0000000087900000|100%| S|CS|TAMS 0x0000000087800000, 0x0000000087800000| Complete 
| 121|0x0000000087900000, 0x0000000087a00000, 0x0000000087a00000|100%| S|CS|TAMS 0x0000000087900000, 0x0000000087900000| Complete 
| 122|0x0000000087a00000, 0x0000000087b00000, 0x0000000087b00000|100%| S|CS|TAMS 0x0000000087a00000, 0x0000000087a00000| Complete 
| 123|0x0000000087b00000, 0x0000000087b00000, 0x0000000087c00000|  0%| F|  |TAMS 0x0000000087b00000, 0x0000000087b00000| Untracked 
| 124|0x0000000087c00000, 0x0000000087c00000, 0x0000000087d00000|  0%| F|  |TAMS 0x0000000087c00000, 0x0000000087c00000| Untracked 
| 125|0x0000000087d00000, 0x0000000087d00000, 0x0000000087e00000|  0%| F|  |TAMS 0x0000000087d00000, 0x0000000087d00000| Untracked 
| 126|0x0000000087e00000, 0x0000000087e00000, 0x0000000087f00000|  0%| F|  |TAMS 0x0000000087e00000, 0x0000000087e00000| Untracked 
| 127|0x0000000087f00000, 0x0000000087f00000, 0x0000000088000000|  0%| F|  |TAMS 0x0000000087f00000, 0x0000000087f00000| Untracked 
| 128|0x0000000088000000, 0x0000000088000000, 0x0000000088100000|  0%| F|  |TAMS 0x0000000088000000, 0x0000000088000000| Untracked 
| 129|0x0000000088100000, 0x0000000088100000, 0x0000000088200000|  0%| F|  |TAMS 0x0000000088100000, 0x0000000088100000| Untracked 
| 130|0x0000000088200000, 0x0000000088200000, 0x0000000088300000|  0%| F|  |TAMS 0x0000000088200000, 0x0000000088200000| Untracked 
| 131|0x0000000088300000, 0x0000000088300000, 0x0000000088400000|  0%| F|  |TAMS 0x0000000088300000, 0x0000000088300000| Untracked 
| 132|0x0000000088400000, 0x0000000088400000, 0x0000000088500000|  0%| F|  |TAMS 0x0000000088400000, 0x0000000088400000| Untracked 
| 133|0x0000000088500000, 0x0000000088500000, 0x0000000088600000|  0%| F|  |TAMS 0x0000000088500000, 0x0000000088500000| Untracked 
| 134|0x0000000088600000, 0x0000000088700000, 0x0000000088700000|100%| S|CS|TAMS 0x0000000088600000, 0x0000000088600000| Complete 
| 135|0x0000000088700000, 0x0000000088800000, 0x0000000088800000|100%| S|CS|TAMS 0x0000000088700000, 0x0000000088700000| Complete 
| 136|0x0000000088800000, 0x0000000088900000, 0x0000000088900000|100%| S|CS|TAMS 0x0000000088800000, 0x0000000088800000| Complete 
| 137|0x0000000088900000, 0x0000000088900000, 0x0000000088a00000|  0%| F|  |TAMS 0x0000000088900000, 0x0000000088900000| Untracked 
| 138|0x0000000088a00000, 0x0000000088a00000, 0x0000000088b00000|  0%| F|  |TAMS 0x0000000088a00000, 0x0000000088a00000| Untracked 
| 139|0x0000000088b00000, 0x0000000088b00000, 0x0000000088c00000|  0%| F|  |TAMS 0x0000000088b00000, 0x0000000088b00000| Untracked 
| 140|0x0000000088c00000, 0x0000000088c00000, 0x0000000088d00000|  0%| F|  |TAMS 0x0000000088c00000, 0x0000000088c00000| Untracked 
| 141|0x0000000088d00000, 0x0000000088d00000, 0x0000000088e00000|  0%| F|  |TAMS 0x0000000088d00000, 0x0000000088d00000| Untracked 
| 142|0x0000000088e00000, 0x0000000088e00000, 0x0000000088f00000|  0%| F|  |TAMS 0x0000000088e00000, 0x0000000088e00000| Untracked 
| 143|0x0000000088f00000, 0x0000000088f00000, 0x0000000089000000|  0%| F|  |TAMS 0x0000000088f00000, 0x0000000088f00000| Untracked 
| 144|0x0000000089000000, 0x0000000089000000, 0x0000000089100000|  0%| F|  |TAMS 0x0000000089000000, 0x0000000089000000| Untracked 
| 145|0x0000000089100000, 0x0000000089100000, 0x0000000089200000|  0%| F|  |TAMS 0x0000000089100000, 0x0000000089100000| Untracked 
| 146|0x0000000089200000, 0x0000000089200000, 0x0000000089300000|  0%| F|  |TAMS 0x0000000089200000, 0x0000000089200000| Untracked 
| 147|0x0000000089300000, 0x0000000089300000, 0x0000000089400000|  0%| F|  |TAMS 0x0000000089300000, 0x0000000089300000| Untracked 
| 148|0x0000000089400000, 0x0000000089400000, 0x0000000089500000|  0%| F|  |TAMS 0x0000000089400000, 0x0000000089400000| Untracked 
| 149|0x0000000089500000, 0x0000000089500000, 0x0000000089600000|  0%| F|  |TAMS 0x0000000089500000, 0x0000000089500000| Untracked 
| 150|0x0000000089600000, 0x0000000089600000, 0x0000000089700000|  0%| F|  |TAMS 0x0000000089600000, 0x0000000089600000| Untracked 
| 151|0x0000000089700000, 0x0000000089700000, 0x0000000089800000|  0%| F|  |TAMS 0x0000000089700000, 0x0000000089700000| Untracked 
| 152|0x0000000089800000, 0x0000000089800000, 0x0000000089900000|  0%| F|  |TAMS 0x0000000089800000, 0x0000000089800000| Untracked 
| 153|0x0000000089900000, 0x0000000089900000, 0x0000000089a00000|  0%| F|  |TAMS 0x0000000089900000, 0x0000000089900000| Untracked 
| 154|0x0000000089a00000, 0x0000000089a00000, 0x0000000089b00000|  0%| F|  |TAMS 0x0000000089a00000, 0x0000000089a00000| Untracked 
| 155|0x0000000089b00000, 0x0000000089b00000, 0x0000000089c00000|  0%| F|  |TAMS 0x0000000089b00000, 0x0000000089b00000| Untracked 
| 156|0x0000000089c00000, 0x0000000089c00000, 0x0000000089d00000|  0%| F|  |TAMS 0x0000000089c00000, 0x0000000089c00000| Untracked 
| 157|0x0000000089d00000, 0x0000000089d00000, 0x0000000089e00000|  0%| F|  |TAMS 0x0000000089d00000, 0x0000000089d00000| Untracked 
| 158|0x0000000089e00000, 0x0000000089e00000, 0x0000000089f00000|  0%| F|  |TAMS 0x0000000089e00000, 0x0000000089e00000| Untracked 
| 159|0x0000000089f00000, 0x0000000089f00000, 0x000000008a000000|  0%| F|  |TAMS 0x0000000089f00000, 0x0000000089f00000| Untracked 
| 160|0x000000008a000000, 0x000000008a000000, 0x000000008a100000|  0%| F|  |TAMS 0x000000008a000000, 0x000000008a000000| Untracked 
| 161|0x000000008a100000, 0x000000008a100000, 0x000000008a200000|  0%| F|  |TAMS 0x000000008a100000, 0x000000008a100000| Untracked 
| 162|0x000000008a200000, 0x000000008a200000, 0x000000008a300000|  0%| F|  |TAMS 0x000000008a200000, 0x000000008a200000| Untracked 
| 163|0x000000008a300000, 0x000000008a300000, 0x000000008a400000|  0%| F|  |TAMS 0x000000008a300000, 0x000000008a300000| Untracked 
| 164|0x000000008a400000, 0x000000008a400000, 0x000000008a500000|  0%| F|  |TAMS 0x000000008a400000, 0x000000008a400000| Untracked 
| 165|0x000000008a500000, 0x000000008a500000, 0x000000008a600000|  0%| F|  |TAMS 0x000000008a500000, 0x000000008a500000| Untracked 
| 166|0x000000008a600000, 0x000000008a600000, 0x000000008a700000|  0%| F|  |TAMS 0x000000008a600000, 0x000000008a600000| Untracked 
| 167|0x000000008a700000, 0x000000008a700000, 0x000000008a800000|  0%| F|  |TAMS 0x000000008a700000, 0x000000008a700000| Untracked 
| 168|0x000000008a800000, 0x000000008a800000, 0x000000008a900000|  0%| F|  |TAMS 0x000000008a800000, 0x000000008a800000| Untracked 
| 169|0x000000008a900000, 0x000000008a900000, 0x000000008aa00000|  0%| F|  |TAMS 0x000000008a900000, 0x000000008a900000| Untracked 
| 170|0x000000008aa00000, 0x000000008aa00000, 0x000000008ab00000|  0%| F|  |TAMS 0x000000008aa00000, 0x000000008aa00000| Untracked 
| 171|0x000000008ab00000, 0x000000008ab00000, 0x000000008ac00000|  0%| F|  |TAMS 0x000000008ab00000, 0x000000008ab00000| Untracked 
| 172|0x000000008ac00000, 0x000000008ac00000, 0x000000008ad00000|  0%| F|  |TAMS 0x000000008ac00000, 0x000000008ac00000| Untracked 
| 173|0x000000008ad00000, 0x000000008ad5c968, 0x000000008ae00000| 36%| E|  |TAMS 0x000000008ad00000, 0x000000008ad00000| Complete 
| 174|0x000000008ae00000, 0x000000008af00000, 0x000000008af00000|100%| E|CS|TAMS 0x000000008ae00000, 0x000000008ae00000| Complete 
| 175|0x000000008af00000, 0x000000008b000000, 0x000000008b000000|100%| E|CS|TAMS 0x000000008af00000, 0x000000008af00000| Complete 
| 176|0x000000008b000000, 0x000000008b100000, 0x000000008b100000|100%| E|CS|TAMS 0x000000008b000000, 0x000000008b000000| Complete 
| 177|0x000000008b100000, 0x000000008b200000, 0x000000008b200000|100%| E|CS|TAMS 0x000000008b100000, 0x000000008b100000| Complete 
| 178|0x000000008b200000, 0x000000008b300000, 0x000000008b300000|100%| E|CS|TAMS 0x000000008b200000, 0x000000008b200000| Complete 
| 179|0x000000008b300000, 0x000000008b400000, 0x000000008b400000|100%| E|CS|TAMS 0x000000008b300000, 0x000000008b300000| Complete 
| 180|0x000000008b400000, 0x000000008b500000, 0x000000008b500000|100%| E|CS|TAMS 0x000000008b400000, 0x000000008b400000| Complete 
| 181|0x000000008b500000, 0x000000008b600000, 0x000000008b600000|100%| E|  |TAMS 0x000000008b500000, 0x000000008b500000| Complete 
| 182|0x000000008b600000, 0x000000008b700000, 0x000000008b700000|100%| E|CS|TAMS 0x000000008b600000, 0x000000008b600000| Complete 
| 183|0x000000008b700000, 0x000000008b800000, 0x000000008b800000|100%| E|CS|TAMS 0x000000008b700000, 0x000000008b700000| Complete 
| 184|0x000000008b800000, 0x000000008b900000, 0x000000008b900000|100%| E|CS|TAMS 0x000000008b800000, 0x000000008b800000| Complete 
| 185|0x000000008b900000, 0x000000008ba00000, 0x000000008ba00000|100%| E|CS|TAMS 0x000000008b900000, 0x000000008b900000| Complete 
| 186|0x000000008ba00000, 0x000000008bb00000, 0x000000008bb00000|100%| E|CS|TAMS 0x000000008ba00000, 0x000000008ba00000| Complete 
| 187|0x000000008bb00000, 0x000000008bc00000, 0x000000008bc00000|100%| E|CS|TAMS 0x000000008bb00000, 0x000000008bb00000| Complete 
| 188|0x000000008bc00000, 0x000000008bd00000, 0x000000008bd00000|100%| E|CS|TAMS 0x000000008bc00000, 0x000000008bc00000| Complete 
| 189|0x000000008bd00000, 0x000000008be00000, 0x000000008be00000|100%| E|CS|TAMS 0x000000008bd00000, 0x000000008bd00000| Complete 
| 190|0x000000008be00000, 0x000000008bf00000, 0x000000008bf00000|100%| E|CS|TAMS 0x000000008be00000, 0x000000008be00000| Complete 
| 191|0x000000008bf00000, 0x000000008c000000, 0x000000008c000000|100%| E|CS|TAMS 0x000000008bf00000, 0x000000008bf00000| Complete 
| 192|0x000000008c000000, 0x000000008c100000, 0x000000008c100000|100%| E|CS|TAMS 0x000000008c000000, 0x000000008c000000| Complete 
| 193|0x000000008c100000, 0x000000008c200000, 0x000000008c200000|100%| E|CS|TAMS 0x000000008c100000, 0x000000008c100000| Complete 
| 194|0x000000008c200000, 0x000000008c300000, 0x000000008c300000|100%| E|CS|TAMS 0x000000008c200000, 0x000000008c200000| Complete 
| 195|0x000000008c300000, 0x000000008c400000, 0x000000008c400000|100%| E|CS|TAMS 0x000000008c300000, 0x000000008c300000| Complete 
| 196|0x000000008c400000, 0x000000008c500000, 0x000000008c500000|100%| E|CS|TAMS 0x000000008c400000, 0x000000008c400000| Complete 
| 197|0x000000008c500000, 0x000000008c600000, 0x000000008c600000|100%| E|CS|TAMS 0x000000008c500000, 0x000000008c500000| Complete 
| 198|0x000000008c600000, 0x000000008c700000, 0x000000008c700000|100%| E|CS|TAMS 0x000000008c600000, 0x000000008c600000| Complete 
| 199|0x000000008c700000, 0x000000008c800000, 0x000000008c800000|100%| E|CS|TAMS 0x000000008c700000, 0x000000008c700000| Complete 
| 200|0x000000008c800000, 0x000000008c900000, 0x000000008c900000|100%| E|CS|TAMS 0x000000008c800000, 0x000000008c800000| Complete 
| 201|0x000000008c900000, 0x000000008ca00000, 0x000000008ca00000|100%| E|CS|TAMS 0x000000008c900000, 0x000000008c900000| Complete 
| 202|0x000000008ca00000, 0x000000008cb00000, 0x000000008cb00000|100%| E|CS|TAMS 0x000000008ca00000, 0x000000008ca00000| Complete 
| 203|0x000000008cb00000, 0x000000008cc00000, 0x000000008cc00000|100%| E|CS|TAMS 0x000000008cb00000, 0x000000008cb00000| Complete 
| 204|0x000000008cc00000, 0x000000008cd00000, 0x000000008cd00000|100%| E|CS|TAMS 0x000000008cc00000, 0x000000008cc00000| Complete 
| 205|0x000000008cd00000, 0x000000008ce00000, 0x000000008ce00000|100%| E|CS|TAMS 0x000000008cd00000, 0x000000008cd00000| Complete 
| 206|0x000000008ce00000, 0x000000008cf00000, 0x000000008cf00000|100%| E|CS|TAMS 0x000000008ce00000, 0x000000008ce00000| Complete 
| 207|0x000000008cf00000, 0x000000008d000000, 0x000000008d000000|100%| E|CS|TAMS 0x000000008cf00000, 0x000000008cf00000| Complete 
| 208|0x000000008d000000, 0x000000008d100000, 0x000000008d100000|100%| E|CS|TAMS 0x000000008d000000, 0x000000008d000000| Complete 
| 209|0x000000008d100000, 0x000000008d200000, 0x000000008d200000|100%| E|CS|TAMS 0x000000008d100000, 0x000000008d100000| Complete 
| 210|0x000000008d200000, 0x000000008d300000, 0x000000008d300000|100%| E|CS|TAMS 0x000000008d200000, 0x000000008d200000| Complete 
| 211|0x000000008d300000, 0x000000008d400000, 0x000000008d400000|100%| E|CS|TAMS 0x000000008d300000, 0x000000008d300000| Complete 
| 212|0x000000008d400000, 0x000000008d500000, 0x000000008d500000|100%| E|CS|TAMS 0x000000008d400000, 0x000000008d400000| Complete 
| 213|0x000000008d500000, 0x000000008d600000, 0x000000008d600000|100%| E|CS|TAMS 0x000000008d500000, 0x000000008d500000| Complete 
| 214|0x000000008d600000, 0x000000008d700000, 0x000000008d700000|100%| E|CS|TAMS 0x000000008d600000, 0x000000008d600000| Complete 
| 215|0x000000008d700000, 0x000000008d800000, 0x000000008d800000|100%| E|CS|TAMS 0x000000008d700000, 0x000000008d700000| Complete 
| 216|0x000000008d800000, 0x000000008d900000, 0x000000008d900000|100%| E|CS|TAMS 0x000000008d800000, 0x000000008d800000| Complete 
| 217|0x000000008d900000, 0x000000008da00000, 0x000000008da00000|100%| E|CS|TAMS 0x000000008d900000, 0x000000008d900000| Complete 
| 218|0x000000008da00000, 0x000000008db00000, 0x000000008db00000|100%| E|CS|TAMS 0x000000008da00000, 0x000000008da00000| Complete 
| 219|0x000000008db00000, 0x000000008dc00000, 0x000000008dc00000|100%| E|CS|TAMS 0x000000008db00000, 0x000000008db00000| Complete 
| 220|0x000000008dc00000, 0x000000008dd00000, 0x000000008dd00000|100%| E|CS|TAMS 0x000000008dc00000, 0x000000008dc00000| Complete 
| 221|0x000000008dd00000, 0x000000008de00000, 0x000000008de00000|100%| E|CS|TAMS 0x000000008dd00000, 0x000000008dd00000| Complete 
| 222|0x000000008de00000, 0x000000008df00000, 0x000000008df00000|100%| E|CS|TAMS 0x000000008de00000, 0x000000008de00000| Complete 
| 223|0x000000008df00000, 0x000000008e000000, 0x000000008e000000|100%| E|CS|TAMS 0x000000008df00000, 0x000000008df00000| Complete 

Card table byte_map: [0x00000195350f0000,0x00000195354f0000] _byte_map_base: 0x0000019534cf0000

Marking Bits (Prev, Next): (CMBitMap*) 0x00000195219398d0, (CMBitMap*) 0x0000019521939898
 Prev Bits: [0x00000195378f0000, 0x00000195398f0000)
 Next Bits: [0x00000195358f0000, 0x00000195378f0000)

Polling page: 0x0000019520080000

Metaspace:

Usage:
  Non-class:     65.96 MB capacity,    64.72 MB ( 98%) used,     1.05 MB (  2%) free+waste,   205.88 KB ( <1%) overhead. 
      Class:     10.39 MB capacity,     9.71 MB ( 93%) used,   604.51 KB (  6%) free+waste,    93.75 KB ( <1%) overhead. 
       Both:     76.36 MB capacity,    74.42 MB ( 97%) used,     1.64 MB (  2%) free+waste,   299.63 KB ( <1%) overhead. 

Virtual space:
  Non-class space:       68.00 MB reserved,      66.20 MB ( 97%) committed 
      Class space:        1.00 GB reserved,      10.50 MB (  1%) committed 
             Both:        1.07 GB reserved,      76.70 MB (  7%) committed 

Chunk freelists:
   Non-Class:  48.00 KB
       Class:  0 bytes
        Both:  48.00 KB

MaxMetaspaceSize: 17179869184.00 GB
CompressedClassSpaceSize: 1.00 GB

CodeHeap 'non-profiled nmethods': size=120000Kb used=5015Kb max_used=5015Kb free=114984Kb
 bounds [0x000001952cd50000, 0x000001952d240000, 0x0000019534280000]
CodeHeap 'profiled nmethods': size=120000Kb used=17602Kb max_used=17602Kb free=102397Kb
 bounds [0x0000019525820000, 0x0000019526960000, 0x000001952cd50000]
CodeHeap 'non-nmethods': size=5760Kb used=2244Kb max_used=2288Kb free=3515Kb
 bounds [0x0000019525280000, 0x00000195254f0000, 0x0000019525820000]
 total_blobs=9197 nmethods=8364 adapters=744
 compilation: enabled
              stopped_count=0, restarted_count=0
 full_count=0

Compilation events (20 events):
Event: 8.662 Thread 0x000001953ccb3000 8583       3       sun.nio.cs.StreamDecoder::forInputStreamReader (11 bytes)
Event: 8.662 Thread 0x000001953ccb3000 nmethod 8583 0x0000019526948610 code [0x00000195269487c0, 0x0000019526948948]
Event: 8.662 Thread 0x000001953ccb3000 8587       3       org.gradle.api.internal.artifacts.transform.TransformingArtifactVisitor::visitArtifact (46 bytes)
Event: 8.663 Thread 0x000001953ccb3000 nmethod 8587 0x0000019526948a10 code [0x0000019526948ca0, 0x0000019526949a18]
Event: 8.663 Thread 0x000001953ccb3000 8588       3       org.gradle.api.internal.artifacts.transform.TransformingArtifactVisitor$$Lambda$758/0x0000000100a51440::get$Lambda (11 bytes)
Event: 8.663 Thread 0x000001953ccb3000 nmethod 8588 0x0000019526949e90 code [0x000001952694a060, 0x000001952694a378]
Event: 8.663 Thread 0x000001953ccb3000 8589       3       org.gradle.api.internal.artifacts.transform.TransformingArtifactVisitor$$Lambda$758/0x0000000100a51440::<init> (20 bytes)
Event: 8.663 Thread 0x000001953ccb3000 nmethod 8589 0x000001952694a490 code [0x000001952694a640, 0x000001952694a8b8]
Event: 8.663 Thread 0x000001953ccb3000 8590       3       org.gradle.api.internal.artifacts.transform.TransformingArtifactVisitor$$Lambda$759/0x0000000100a51840::get$Lambda (10 bytes)
Event: 8.663 Thread 0x000001953ccb3000 nmethod 8590 0x000001952694a990 code [0x000001952694ab60, 0x000001952694ae18]
Event: 8.663 Thread 0x000001953ccb3000 8591       3       org.gradle.api.internal.artifacts.transform.TransformingArtifactVisitor$$Lambda$759/0x0000000100a51840::<init> (15 bytes)
Event: 8.663 Thread 0x000001953ccb3000 nmethod 8591 0x000001952694af10 code [0x000001952694b0c0, 0x000001952694b2d8]
Event: 8.663 Thread 0x000001953ccb3000 8584       3       org.gradle.internal.execution.steps.ResolveChangesStep::execute (70 bytes)
Event: 8.665 Thread 0x000001953ccb3000 nmethod 8584 0x000001952694b390 code [0x000001952694b780, 0x000001952694d728]
Event: 8.665 Thread 0x000001953d154800 nmethod 8579 0x000001952d232190 code [0x000001952d232340, 0x000001952d232818]
Event: 8.665 Thread 0x000001953ccb3000 8586       3       org.gradle.internal.Try$Success::mapFailure (2 bytes)
Event: 8.665 Thread 0x000001953d154800 8592       4       java.lang.invoke.DirectMethodHandle$Holder::invokeStatic (18 bytes)
Event: 8.665 Thread 0x000001953ccb3000 nmethod 8586 0x000001952694e110 code [0x000001952694e2c0, 0x000001952694e3b8]
Event: 8.665 Thread 0x000001953ccb3000 8593       3       org.gradle.api.internal.project.taskfactory.TaskIdentity::hashCode (14 bytes)
Event: 8.665 Thread 0x000001953ccb3000 nmethod 8593 0x000001952694e490 code [0x000001952694e640, 0x000001952694e758]

GC Heap History (20 events):
Event: 0.629 GC heap before
{Heap before GC invocations=0 (full 0):
 garbage-first heap   total 229376K, used 29696K [0x0000000080000000, 0x0000000100000000)
  region size 1024K, 24 young (24576K), 0 survivors (0K)
 Metaspace       used 10397K, capacity 10641K, committed 11008K, reserved 1058816K
  class space    used 1096K, capacity 1163K, committed 1280K, reserved 1048576K
}
Event: 0.632 GC heap after
{Heap after GC invocations=1 (full 0):
 garbage-first heap   total 229376K, used 9004K [0x0000000080000000, 0x0000000100000000)
  region size 1024K, 3 young (3072K), 3 survivors (3072K)
 Metaspace       used 10397K, capacity 10641K, committed 11008K, reserved 1058816K
  class space    used 1096K, capacity 1163K, committed 1280K, reserved 1048576K
}
Event: 1.841 GC heap before
{Heap before GC invocations=1 (full 0):
 garbage-first heap   total 229376K, used 93996K [0x0000000080000000, 0x0000000100000000)
  region size 1024K, 88 young (90112K), 3 survivors (3072K)
 Metaspace       used 20680K, capacity 21109K, committed 21248K, reserved 1067008K
  class space    used 2544K, capacity 2710K, committed 2816K, reserved 1048576K
}
Event: 1.848 GC heap after
{Heap after GC invocations=2 (full 0):
 garbage-first heap   total 229376K, used 16369K [0x0000000080000000, 0x0000000100000000)
  region size 1024K, 11 young (11264K), 11 survivors (11264K)
 Metaspace       used 20680K, capacity 21109K, committed 21248K, reserved 1067008K
  class space    used 2544K, capacity 2710K, committed 2816K, reserved 1048576K
}
Event: 2.417 GC heap before
{Heap before GC invocations=3 (full 0):
 garbage-first heap   total 229376K, used 72689K [0x0000000080000000, 0x0000000100000000)
  region size 1024K, 66 young (67584K), 11 survivors (11264K)
 Metaspace       used 26779K, capacity 27410K, committed 27648K, reserved 1073152K
  class space    used 3525K, capacity 3752K, committed 3840K, reserved 1048576K
}
Event: 2.424 GC heap after
{Heap after GC invocations=4 (full 0):
 garbage-first heap   total 229376K, used 19033K [0x0000000080000000, 0x0000000100000000)
  region size 1024K, 3 young (3072K), 3 survivors (3072K)
 Metaspace       used 26779K, capacity 27410K, committed 27648K, reserved 1073152K
  class space    used 3525K, capacity 3752K, committed 3840K, reserved 1048576K
}
Event: 2.961 GC heap before
{Heap before GC invocations=4 (full 0):
 garbage-first heap   total 229376K, used 61017K [0x0000000080000000, 0x0000000100000000)
  region size 1024K, 45 young (46080K), 3 survivors (3072K)
 Metaspace       used 35114K, capacity 35773K, committed 35840K, reserved 1081344K
  class space    used 4569K, capacity 4856K, committed 4864K, reserved 1048576K
}
Event: 2.967 GC heap after
{Heap after GC invocations=5 (full 0):
 garbage-first heap   total 229376K, used 21802K [0x0000000080000000, 0x0000000100000000)
  region size 1024K, 6 young (6144K), 6 survivors (6144K)
 Metaspace       used 35114K, capacity 35773K, committed 35840K, reserved 1081344K
  class space    used 4569K, capacity 4856K, committed 4864K, reserved 1048576K
}
Event: 4.046 GC heap before
{Heap before GC invocations=6 (full 0):
 garbage-first heap   total 229376K, used 132394K [0x0000000080000000, 0x0000000100000000)
  region size 1024K, 111 young (113664K), 6 survivors (6144K)
 Metaspace       used 44065K, capacity 45106K, committed 45312K, reserved 1089536K
  class space    used 5667K, capacity 6025K, committed 6144K, reserved 1048576K
}
Event: 4.053 GC heap after
{Heap after GC invocations=7 (full 0):
 garbage-first heap   total 229376K, used 26952K [0x0000000080000000, 0x0000000100000000)
  region size 1024K, 11 young (11264K), 11 survivors (11264K)
 Metaspace       used 44065K, capacity 45106K, committed 45312K, reserved 1089536K
  class space    used 5667K, capacity 6025K, committed 6144K, reserved 1048576K
}
Event: 5.427 GC heap before
{Heap before GC invocations=7 (full 0):
 garbage-first heap   total 229376K, used 154952K [0x0000000080000000, 0x0000000100000000)
  region size 1024K, 134 young (137216K), 11 survivors (11264K)
 Metaspace       used 57173K, capacity 58566K, committed 58752K, reserved 1099776K
  class space    used 7287K, capacity 7779K, committed 7808K, reserved 1048576K
}
Event: 5.440 GC heap after
{Heap after GC invocations=8 (full 0):
 garbage-first heap   total 229376K, used 40903K [0x0000000080000000, 0x0000000100000000)
  region size 1024K, 17 young (17408K), 17 survivors (17408K)
 Metaspace       used 57173K, capacity 58566K, committed 58752K, reserved 1099776K
  class space    used 7287K, capacity 7779K, committed 7808K, reserved 1048576K
}
Event: 5.603 GC heap before
{Heap before GC invocations=8 (full 0):
 garbage-first heap   total 229376K, used 55239K [0x0000000080000000, 0x0000000100000000)
  region size 1024K, 32 young (32768K), 17 survivors (17408K)
 Metaspace       used 58623K, capacity 60039K, committed 60160K, reserved 1101824K
  class space    used 7433K, capacity 7923K, committed 7936K, reserved 1048576K
}
Event: 5.620 GC heap after
{Heap after GC invocations=9 (full 0):
 garbage-first heap   total 229376K, used 44515K [0x0000000080000000, 0x0000000100000000)
  region size 1024K, 4 young (4096K), 4 survivors (4096K)
 Metaspace       used 58623K, capacity 60039K, committed 60160K, reserved 1101824K
  class space    used 7433K, capacity 7923K, committed 7936K, reserved 1048576K
}
Event: 6.553 GC heap before
{Heap before GC invocations=10 (full 0):
 garbage-first heap   total 229376K, used 122339K [0x0000000080000000, 0x0000000100000000)
  region size 1024K, 80 young (81920K), 4 survivors (4096K)
 Metaspace       used 65482K, capacity 67009K, committed 67148K, reserved 1107968K
  class space    used 8548K, capacity 9081K, committed 9088K, reserved 1048576K
}
Event: 6.559 GC heap after
{Heap after GC invocations=11 (full 0):
 garbage-first heap   total 229376K, used 47815K [0x0000000080000000, 0x0000000100000000)
  region size 1024K, 7 young (7168K), 7 survivors (7168K)
 Metaspace       used 65482K, capacity 67009K, committed 67148K, reserved 1107968K
  class space    used 8548K, capacity 9081K, committed 9088K, reserved 1048576K
}
Event: 7.658 GC heap before
{Heap before GC invocations=11 (full 0):
 garbage-first heap   total 229376K, used 131783K [0x0000000080000000, 0x0000000100000000)
  region size 1024K, 90 young (92160K), 7 survivors (7168K)
 Metaspace       used 74690K, capacity 76606K, committed 76876K, reserved 1116160K
  class space    used 9822K, capacity 10518K, committed 10624K, reserved 1048576K
}
Event: 7.666 GC heap after
{Heap after GC invocations=12 (full 0):
 garbage-first heap   total 229376K, used 53225K [0x0000000080000000, 0x0000000100000000)
  region size 1024K, 11 young (11264K), 11 survivors (11264K)
 Metaspace       used 74690K, capacity 76606K, committed 76876K, reserved 1116160K
  class space    used 9822K, capacity 10518K, committed 10624K, reserved 1048576K
}
Event: 8.300 GC heap before
{Heap before GC invocations=12 (full 0):
 garbage-first heap   total 229376K, used 141289K [0x0000000080000000, 0x0000000100000000)
  region size 1024K, 98 young (100352K), 11 survivors (11264K)
 Metaspace       used 75643K, capacity 77621K, committed 77644K, reserved 1116160K
  class space    used 9892K, capacity 10617K, committed 10624K, reserved 1048576K
}
Event: 8.311 GC heap after
{Heap after GC invocations=13 (full 0):
 garbage-first heap   total 229376K, used 59521K [0x0000000080000000, 0x0000000100000000)
  region size 1024K, 12 young (12288K), 12 survivors (12288K)
 Metaspace       used 75643K, capacity 77621K, committed 77644K, reserved 1116160K
  class space    used 9892K, capacity 10617K, committed 10624K, reserved 1048576K
}

Deoptimization events (20 events):
Event: 8.180 Thread 0x0000019543176800 DEOPT PACKING pc=0x000001952d1e7e5c sp=0x00000031f2efc540
Event: 8.180 Thread 0x0000019543176800 DEOPT UNPACKING pc=0x00000195252a74af sp=0x00000031f2efc4c8 mode 2
Event: 8.343 Thread 0x0000019543169800 Uncommon trap: trap_request=0xffffff4d fr.pc=0x000001952d1a3f10 relative=0x0000000000000350
Event: 8.343 Thread 0x0000019543169800 Uncommon trap: reason=unstable_if action=reinterpret pc=0x000001952d1a3f10 method=java.util.concurrent.ConcurrentLinkedQueue.offer(Ljava/lang/Object;)Z @ 42 c2
Event: 8.343 Thread 0x0000019543169800 DEOPT PACKING pc=0x000001952d1a3f10 sp=0x00000031f29fbdb0
Event: 8.343 Thread 0x0000019543169800 DEOPT UNPACKING pc=0x00000195252a74af sp=0x00000031f29fbd50 mode 2
Event: 8.373 Thread 0x0000019543176800 Uncommon trap: trap_request=0xfffffff4 fr.pc=0x000001952d2021ac relative=0x00000000000008cc
Event: 8.373 Thread 0x0000019543176800 Uncommon trap: reason=null_check action=make_not_entrant pc=0x000001952d2021ac method=org.gradle.tooling.internal.provider.runner.SubtreeFilteringBuildOperationListener.started(Lorg/gradle/internal/operations/BuildOperationDescriptor;Lorg/gradle/internal/
Event: 8.373 Thread 0x0000019543176800 DEOPT PACKING pc=0x000001952d2021ac sp=0x00000031f2efe730
Event: 8.373 Thread 0x0000019543176800 DEOPT UNPACKING pc=0x00000195252a74af sp=0x00000031f2efe6c0 mode 2
Event: 8.383 Thread 0x0000019543171000 Uncommon trap: trap_request=0xffffff4d fr.pc=0x000001952d1fff4c relative=0x000000000000038c
Event: 8.383 Thread 0x0000019543171000 Uncommon trap: reason=unstable_if action=reinterpret pc=0x000001952d1fff4c method=java.util.concurrent.ConcurrentLinkedQueue.offer(Ljava/lang/Object;)Z @ 96 c2
Event: 8.383 Thread 0x0000019543171000 DEOPT PACKING pc=0x000001952d1fff4c sp=0x00000031f2ffbc80
Event: 8.383 Thread 0x0000019543171000 DEOPT UNPACKING pc=0x00000195252a74af sp=0x00000031f2ffbbb0 mode 2
Event: 8.474 Thread 0x000001954580a000 Uncommon trap: trap_request=0xffffff4d fr.pc=0x000001952cd7fd14 relative=0x00000000000004b4
Event: 8.474 Thread 0x000001954580a000 Uncommon trap: reason=unstable_if action=reinterpret pc=0x000001952cd7fd14 method=java.lang.String.regionMatches(ZILjava/lang/String;II)Z @ 1 c2
Event: 8.474 Thread 0x000001954580a000 DEOPT PACKING pc=0x000001952cd7fd14 sp=0x00000031f98fc670
Event: 8.474 Thread 0x000001954580a000 DEOPT UNPACKING pc=0x00000195252a74af sp=0x00000031f98fc620 mode 2
Event: 8.659 Thread 0x000001953ef0f800 DEOPT PACKING pc=0x000001952671651d sp=0x00000031f25fdde0
Event: 8.659 Thread 0x000001953ef0f800 DEOPT UNPACKING pc=0x00000195252a72ce sp=0x00000031f25fd2a8 mode 0

Classes redefined (0 events):
No events

Internal exceptions (20 events):
Event: 7.651 Thread 0x0000019543170000 Exception <a 'java/lang/NoSuchMethodError'{0x0000000088861f48}: 'java.lang.Object java.lang.invoke.DirectMethodHandle$Holder.invokeSpecialIFC(java.lang.Object, java.lang.Object, java.lang.Object)'> (0x0000000088861f48) thrown at [./src/hotspot/share/interpreter/linkResolver.cpp, line 773]
Event: 7.651 Thread 0x0000019543176800 Exception <a 'java/lang/NoSuchMethodError'{0x00000000887ad788}: 'java.lang.Object java.lang.invoke.DirectMethodHandle$Holder.invokeSpecialIFC(java.lang.Object, java.lang.Object, java.lang.Object)'> (0x00000000887ad788) thrown at [./src/hotspot/share/interpreter/linkResolver.cpp, line 773]
Event: 7.651 Thread 0x0000019543171000 Exception <a 'java/lang/NoSuchMethodError'{0x00000000887958d0}: 'java.lang.Object java.lang.invoke.DirectMethodHandle$Holder.invokeSpecialIFC(java.lang.Object, java.lang.Object, java.lang.Object)'> (0x00000000887958d0) thrown at [./src/hotspot/share/interpreter/linkResolver.cpp, line 773]
Event: 7.651 Thread 0x0000019543169800 Exception <a 'java/lang/NoSuchMethodError'{0x00000000887ca838}: 'java.lang.Object java.lang.invoke.DirectMethodHandle$Holder.invokeSpecialIFC(java.lang.Object, java.lang.Object, java.lang.Object)'> (0x00000000887ca838) thrown at [./src/hotspot/share/interpreter/linkResolver.cpp, line 773]
Event: 8.136 Thread 0x000001954580a000 Exception <a 'java/lang/NoSuchMethodError'{0x0000000089f10f48}: <clinit>> (0x0000000089f10f48) thrown at [./src/hotspot/share/prims/jni.cpp, line 1362]
Event: 8.159 Thread 0x000001954316a000 Implicit null exception at 0x000001952d1dbbd2 to 0x000001952d1dbfd8
Event: 8.237 Thread 0x000001954580a000 Exception <a 'java/lang/NoSuchMethodError'{0x0000000089673050}: <clinit>> (0x0000000089673050) thrown at [./src/hotspot/share/prims/jni.cpp, line 1362]
Event: 8.237 Thread 0x000001954580a000 Exception <a 'java/lang/NoSuchMethodError'{0x0000000089674370}: <clinit>> (0x0000000089674370) thrown at [./src/hotspot/share/prims/jni.cpp, line 1362]
Event: 8.237 Thread 0x000001954580a000 Exception <a 'java/lang/NoSuchMethodError'{0x0000000089676a98}: <clinit>> (0x0000000089676a98) thrown at [./src/hotspot/share/prims/jni.cpp, line 1362]
Event: 8.239 Thread 0x000001954580a000 Exception <a 'java/lang/NoSuchMethodError'{0x000000008968e480}: <clinit>> (0x000000008968e480) thrown at [./src/hotspot/share/prims/jni.cpp, line 1362]
Event: 8.239 Thread 0x000001954580a000 Exception <a 'java/lang/NoSuchMethodError'{0x000000008968f6b8}: <clinit>> (0x000000008968f6b8) thrown at [./src/hotspot/share/prims/jni.cpp, line 1362]
Event: 8.373 Thread 0x0000019543176800 Implicit null exception at 0x000001952d201a3a to 0x000001952d202184
Event: 8.551 Thread 0x000001954580a000 Exception <a 'sun/nio/fs/WindowsException'{0x000000008c448968}> (0x000000008c448968) thrown at [./src/hotspot/share/prims/jni.cpp, line 615]
Event: 8.551 Thread 0x000001954580a000 Exception <a 'sun/nio/fs/WindowsException'{0x000000008c449d10}> (0x000000008c449d10) thrown at [./src/hotspot/share/prims/jni.cpp, line 615]
Event: 8.552 Thread 0x000001954580a000 Exception <a 'java/lang/NoSuchMethodError'{0x000000008c44c610}: 'int java.lang.invoke.DirectMethodHandle$Holder.invokeSpecial(java.lang.Object, java.lang.Object, java.lang.Object, java.lang.Object, java.lang.Object)'> (0x000000008c44c610) thrown at [./src/hotspot/share/interpreter/linkResolver.cpp, line 773]
Event: 8.554 Thread 0x000001954580a000 Exception <a 'sun/nio/fs/WindowsException'{0x000000008c472ff8}> (0x000000008c472ff8) thrown at [./src/hotspot/share/prims/jni.cpp, line 615]
Event: 8.554 Thread 0x000001954580a000 Exception <a 'sun/nio/fs/WindowsException'{0x000000008c473f00}> (0x000000008c473f00) thrown at [./src/hotspot/share/prims/jni.cpp, line 615]
Event: 8.555 Thread 0x000001954580a000 Exception <a 'sun/nio/fs/WindowsException'{0x000000008c476478}> (0x000000008c476478) thrown at [./src/hotspot/share/prims/jni.cpp, line 615]
Event: 8.555 Thread 0x000001954580a000 Exception <a 'sun/nio/fs/WindowsException'{0x000000008c477390}> (0x000000008c477390) thrown at [./src/hotspot/share/prims/jni.cpp, line 615]
Event: 8.555 Thread 0x000001954580a000 Exception <a 'java/lang/NoSuchMethodError'{0x000000008c47cc30}: 'void java.lang.invoke.DirectMethodHandle$Holder.invokeStatic(java.lang.Object, java.lang.Object, java.lang.Object, java.lang.Object, int, java.lang.Object)'> (0x000000008c47cc30) thrown at [./src/hotspot/share/interpreter/linkResolver.cpp, line 773]

Events (20 events):
Event: 8.562 loading class com/google/common/collect/ForwardingSet done
Event: 8.562 loading class com/google/common/collect/ForwardingCollection
Event: 8.562 loading class com/google/common/collect/ForwardingCollection done
Event: 8.563 loading class com/google/common/collect/ForwardingObject
Event: 8.563 loading class com/google/common/collect/ForwardingObject done
Event: 8.563 loading class com/google/common/collect/Maps$FilteredEntryMap$EntrySet$1
Event: 8.563 loading class com/google/common/collect/Maps$FilteredEntryMap$EntrySet$1 done
Event: 8.564 loading class com/google/common/collect/Maps$FilteredEntryMap$EntrySet$1$1
Event: 8.564 loading class com/google/common/collect/Maps$FilteredEntryMap$EntrySet$1$1 done
Event: 8.564 loading class com/google/common/collect/ForwardingMapEntry
Event: 8.564 loading class com/google/common/collect/ForwardingMapEntry done
Event: 8.565 loading class org/gradle/internal/execution/history/changes/DefaultIncrementalInputProperties
Event: 8.565 loading class org/gradle/internal/execution/history/changes/DefaultIncrementalInputProperties done
Event: 8.565 loading class org/gradle/internal/execution/history/changes/DefaultIncrementalInputProperties
Event: 8.565 loading class org/gradle/internal/execution/history/changes/DefaultIncrementalInputProperties done
Event: 8.577 loading class org/gradle/internal/snapshot/UnknownSnapshot
Event: 8.577 loading class org/gradle/internal/snapshot/UnknownSnapshot done
Event: 8.577 Executing VM operation: Deoptimize
Event: 8.579 Executing VM operation: Deoptimize done
Event: 8.641 Loaded shared library C:\Program Files\Android\Android Studio\jre\bin\nio.dll


Dynamic libraries:
0x00007ff766520000 - 0x00007ff76652a000 	C:\Program Files\Android\Android Studio\jre\bin\java.exe
0x00007ffa0fa50000 - 0x00007ffa0fc45000 	C:\WINDOWS\SYSTEM32\ntdll.dll
0x00007ffa0e2b0000 - 0x00007ffa0e36d000 	C:\WINDOWS\System32\KERNEL32.DLL
0x00007ffa0d420000 - 0x00007ffa0d6e9000 	C:\WINDOWS\System32\KERNELBASE.dll
0x00007ffa0d280000 - 0x00007ffa0d380000 	C:\WINDOWS\System32\ucrtbase.dll
0x00007ffa02070000 - 0x00007ffa02089000 	C:\Program Files\Android\Android Studio\jre\bin\jli.dll
0x00007ffa00370000 - 0x00007ffa00387000 	C:\Program Files\Android\Android Studio\jre\bin\VCRUNTIME140.dll
0x00007ffa0f7b0000 - 0x00007ffa0f950000 	C:\WINDOWS\System32\USER32.dll
0x00007ffa0d980000 - 0x00007ffa0d9a2000 	C:\WINDOWS\System32\win32u.dll
0x00007ffa0f950000 - 0x00007ffa0f97a000 	C:\WINDOWS\System32\GDI32.dll
0x00007ff9fab50000 - 0x00007ff9fadea000 	C:\WINDOWS\WinSxS\amd64_microsoft.windows.common-controls_6595b64144ccf1df_6.0.19041.1110_none_60b5254171f9507e\COMCTL32.dll
0x00007ffa0d9b0000 - 0x00007ffa0dabb000 	C:\WINDOWS\System32\gdi32full.dll
0x00007ffa0ef70000 - 0x00007ffa0f00e000 	C:\WINDOWS\System32\msvcrt.dll
0x00007ffa0d380000 - 0x00007ffa0d41d000 	C:\WINDOWS\System32\msvcp_win.dll
0x00007ffa0e430000 - 0x00007ffa0e460000 	C:\WINDOWS\System32\IMM32.DLL
0x00007ff9ea280000 - 0x00007ff9ea31d000 	C:\Program Files\Android\Android Studio\jre\bin\msvcp140.dll
0x00007ff9d40c0000 - 0x00007ff9d4b7c000 	C:\Program Files\Android\Android Studio\jre\bin\server\jvm.dll
0x00007ffa0dac0000 - 0x00007ffa0db6c000 	C:\WINDOWS\System32\ADVAPI32.dll
0x00007ffa0f5e0000 - 0x00007ffa0f67b000 	C:\WINDOWS\System32\sechost.dll
0x00007ffa0f680000 - 0x00007ffa0f7aa000 	C:\WINDOWS\System32\RPCRT4.dll
0x00007ffa0e370000 - 0x00007ffa0e378000 	C:\WINDOWS\System32\PSAPI.DLL
0x00007ff9fdc80000 - 0x00007ff9fdca7000 	C:\WINDOWS\SYSTEM32\WINMM.dll
0x00007ffa052b0000 - 0x00007ffa052ba000 	C:\WINDOWS\SYSTEM32\VERSION.dll
0x00007ffa08d70000 - 0x00007ffa08d79000 	C:\WINDOWS\SYSTEM32\WSOCK32.dll
0x00007ffa0f980000 - 0x00007ffa0f9eb000 	C:\WINDOWS\System32\WS2_32.dll
0x00007ffa0b0e0000 - 0x00007ffa0b0f2000 	C:\WINDOWS\SYSTEM32\kernel.appcore.dll
0x00007ffa01f60000 - 0x00007ffa01f71000 	C:\Program Files\Android\Android Studio\jre\bin\verify.dll
0x00007ffa07a80000 - 0x00007ffa07c64000 	C:\WINDOWS\SYSTEM32\DBGHELP.DLL
0x00007ffa079e0000 - 0x00007ffa07a0c000 	C:\WINDOWS\SYSTEM32\dbgcore.DLL
0x00007ffa0d190000 - 0x00007ffa0d213000 	C:\WINDOWS\System32\bcryptPrimitives.dll
0x00007ff9e7c20000 - 0x00007ff9e7c49000 	C:\Program Files\Android\Android Studio\jre\bin\java.dll
0x00007ffa08790000 - 0x00007ffa0879b000 	C:\Program Files\Android\Android Studio\jre\bin\jimage.dll
0x00007ff9e6a60000 - 0x00007ff9e6a78000 	C:\Program Files\Android\Android Studio\jre\bin\zip.dll
0x00007ffa0e520000 - 0x00007ffa0ec5f000 	C:\WINDOWS\System32\SHELL32.dll
0x00007ffa0b2e0000 - 0x00007ffa0ba71000 	C:\WINDOWS\SYSTEM32\windows.storage.dll
0x00007ffa0f160000 - 0x00007ffa0f4b5000 	C:\WINDOWS\System32\combase.dll
0x00007ffa0cb30000 - 0x00007ffa0cb5c000 	C:\WINDOWS\SYSTEM32\Wldp.dll
0x00007ffa0e380000 - 0x00007ffa0e42e000 	C:\WINDOWS\System32\SHCORE.dll
0x00007ffa0ef10000 - 0x00007ffa0ef65000 	C:\WINDOWS\System32\shlwapi.dll
0x00007ffa0d0d0000 - 0x00007ffa0d0ef000 	C:\WINDOWS\SYSTEM32\profapi.dll
0x00007ff9e61d0000 - 0x00007ff9e61ea000 	C:\Program Files\Android\Android Studio\jre\bin\net.dll
0x00007ffa06860000 - 0x00007ffa0696a000 	C:\WINDOWS\SYSTEM32\WINHTTP.dll
0x00007ffa0c890000 - 0x00007ffa0c8fa000 	C:\WINDOWS\system32\mswsock.dll
0x00007ff9e5510000 - 0x00007ff9e5524000 	C:\Program Files\Android\Android Studio\jre\bin\nio.dll
0x00007ff9ff130000 - 0x00007ff9ff156000 	C:\Users\ThuyPC\.gradle\native\fdc75f09e3144964f2cf3f50f0aa648679c211496f362492102eb8c894070792\windows-amd64\native-platform.dll
0x00007ff9e8e20000 - 0x00007ff9e8fb1000 	C:\Users\ThuyPC\.gradle\native\12488b8bf47d2d4c9fbf2f6322a914ad602e24e48041cd04a747c6da556b65c4\windows-amd64\native-platform-file-events.dll
0x00007ffa01f50000 - 0x00007ffa01f5a000 	C:\Program Files\Android\Android Studio\jre\bin\management.dll
0x00007ffa015b0000 - 0x00007ffa015bc000 	C:\Program Files\Android\Android Studio\jre\bin\management_ext.dll
0x00007ffa0ca70000 - 0x00007ffa0ca88000 	C:\WINDOWS\SYSTEM32\CRYPTSP.dll
0x00007ffa0c230000 - 0x00007ffa0c264000 	C:\WINDOWS\system32\rsaenh.dll
0x00007ffa0d6f0000 - 0x00007ffa0d717000 	C:\WINDOWS\System32\bcrypt.dll
0x00007ffa0d090000 - 0x00007ffa0d0be000 	C:\WINDOWS\SYSTEM32\USERENV.dll
0x00007ffa0ca90000 - 0x00007ffa0ca9c000 	C:\WINDOWS\SYSTEM32\CRYPTBASE.dll
0x00007ffa0c580000 - 0x00007ffa0c5bb000 	C:\WINDOWS\SYSTEM32\IPHLPAPI.DLL
0x00007ffa0ee20000 - 0x00007ffa0ee28000 	C:\WINDOWS\System32\NSI.dll
0x00007ffa07f30000 - 0x00007ffa07f47000 	C:\WINDOWS\SYSTEM32\dhcpcsvc6.DLL
0x00007ffa08480000 - 0x00007ffa0849d000 	C:\WINDOWS\SYSTEM32\dhcpcsvc.DLL
0x00007ffa0c5c0000 - 0x00007ffa0c68c000 	C:\WINDOWS\SYSTEM32\DNSAPI.dll
0x00007ffa08640000 - 0x00007ffa0864b000 	C:\WINDOWS\SYSTEM32\WINNSI.DLL

dbghelp: loaded successfully - version: 4.0.5 - missing functions: none
symbol engine: initialized successfully - sym options: 0x614 - pdb path: .;C:\Program Files\Android\Android Studio\jre\bin;C:\WINDOWS\SYSTEM32;C:\WINDOWS\WinSxS\amd64_microsoft.windows.common-controls_6595b64144ccf1df_6.0.19041.1110_none_60b5254171f9507e;C:\Program Files\Android\Android Studio\jre\bin\server;C:\Users\ThuyPC\.gradle\native\fdc75f09e3144964f2cf3f50f0aa648679c211496f362492102eb8c894070792\windows-amd64;C:\Users\ThuyPC\.gradle\native\12488b8bf47d2d4c9fbf2f6322a914ad602e24e48041cd04a747c6da556b65c4\windows-amd64

VM Arguments:
jvm_args: --add-opens=java.base/java.util=ALL-UNNAMED --add-opens=java.base/java.lang=ALL-UNNAMED --add-opens=java.base/java.lang.invoke=ALL-UNNAMED --add-opens=java.prefs/java.util.prefs=ALL-UNNAMED -Xmx2048m -Dfile.encoding=UTF-8 -Duser.country=US -Duser.language=en -Duser.variant 
java_command: org.gradle.launcher.daemon.bootstrap.GradleDaemon 6.7.1
java_class_path (initial): C:\Users\ThuyPC\.gradle\wrapper\dists\gradle-6.7.1-bin\bwlcbys1h7rz3272sye1xwiv6\gradle-6.7.1\lib\gradle-launcher-6.7.1.jar
Launcher Type: SUN_STANDARD

[Global flags]
     intx CICompilerCount                          = 4                                         {product} {ergonomic}
     uint ConcGCThreads                            = 2                                         {product} {ergonomic}
     uint G1ConcRefinementThreads                  = 8                                         {product} {ergonomic}
   size_t G1HeapRegionSize                         = 1048576                                   {product} {ergonomic}
    uintx GCDrainStackTargetSize                   = 64                                        {product} {ergonomic}
   size_t InitialHeapSize                          = 234881024                                 {product} {ergonomic}
   size_t MarkStackSize                            = 4194304                                   {product} {ergonomic}
   size_t MaxHeapSize                              = 2147483648                                {product} {command line}
   size_t MaxNewSize                               = 1287651328                                {product} {ergonomic}
   size_t MinHeapDeltaBytes                        = 1048576                                   {product} {ergonomic}
    uintx NonNMethodCodeHeapSize                   = 5836300                                {pd product} {ergonomic}
    uintx NonProfiledCodeHeapSize                  = 122910970                              {pd product} {ergonomic}
    uintx ProfiledCodeHeapSize                     = 122910970                              {pd product} {ergonomic}
    uintx ReservedCodeCacheSize                    = 251658240                              {pd product} {ergonomic}
     bool SegmentedCodeCache                       = true                                      {product} {ergonomic}
     bool UseCompressedClassPointers               = true                                 {lp64_product} {ergonomic}
     bool UseCompressedOops                        = true                                 {lp64_product} {ergonomic}
     bool UseG1GC                                  = true                                      {product} {ergonomic}
     bool UseLargePagesIndividualAllocation        = false                                  {pd product} {ergonomic}

Logging:
Log output configuration:
 #0: stdout all=warning uptime,level,tags
 #1: stderr all=off uptime,level,tags

Environment Variables:
PATH=C:\Program Files\Common Files\Oracle\Java\javapath;C:\WINDOWS\system32;C:\WINDOWS;C:\WINDOWS\System32\Wbem;C:\WINDOWS\System32\WindowsPowerShell\v1.0\;C:\WINDOWS\System32\OpenSSH\;C:\Program Files\Git\cmd;C:\Program Files\Git\cmd;C:\Program Files\nodejs\;C:\Program Files\Go\bin;C:\Users\ThuyPC\AppData\Local\Microsoft\WindowsApps;C:\Users\ThuyPC\Downloads\flutter\bin;;C:\Users\ThuyPC\AppData\Local\Programs\Microsoft VS Code\bin;C:\Users\ThuyPC\AppData\Roaming\npm;C:\Users\ThuyPC\go\bin
USERNAME=ThuyPC
OS=Windows_NT
PROCESSOR_IDENTIFIER=AMD64 Family 23 Model 24 Stepping 1, AuthenticAMD



---------------  S Y S T E M  ---------------

OS: Windows 10 , 64 bit Build 19041 (10.0.19041.1023)
OS uptime: 80 days 13:11 hours

CPU:total 8 (initial active 8) (8 cores per cpu, 2 threads per core) family 23 model 24 stepping 1, cmov, cx8, fxsr, mmx, sse, sse2, sse3, ssse3, sse4.1, sse4.2, popcnt, avx, avx2, aes, clmul, mmxext, 3dnowpref, lzcnt, sse4a, ht, tsc, tscinvbit, tscinv, bmi1, bmi2, adx, sha, fma

Memory: 4k page, system-wide physical 14267M (3001M free)
TotalPageFile size 28495M (AvailPageFile size 6M)
current process WorkingSet (physical memory assigned to process): 436M, peak: 440M
current process commit charge ("private bytes"): 505M, peak: 507M

vm_info: OpenJDK 64-Bit Server VM (11.0.8+10-b944.6842174) for windows-amd64 JRE (11.0.8+10-b944.6842174), built on Sep 19 2020 01:11:42 by "builder" with MS VC++ 14.0 (VS2015)

END.
